<?xml version="1.0"?>
<suiteResults>
  <FitNesseVersion>v20221219</FitNesseVersion>
  <rootPath>FitNesseForAppian.HomePage</rootPath>
  <pageHistoryReference>
    <name>FitNesseForAppian.HomePage.BBHLogin</name>
    <date>2023-06-13T10:41:25+05:30</date>
    <pageHistoryLink>FitNesseForAppian.HomePage.BBHLogin?pageHistory&amp;resultDate=20230613104125</pageHistoryLink>
    <counts>
      <right>0</right>
      <wrong>0</wrong>
      <ignores>0</ignores>
      <exceptions>2</exceptions>
    </counts>
    <runTimeInMillis>481034</runTimeInMillis>
  </pageHistoryReference>
  <pageHistoryReference>
    <name>FitNesseForAppian.HomePage.ReportsPage</name>
    <date>2023-06-13T10:49:26+05:30</date>
    <pageHistoryLink>FitNesseForAppian.HomePage.ReportsPage?pageHistory&amp;resultDate=20230613104926</pageHistoryLink>
    <counts>
      <right>0</right>
      <wrong>0</wrong>
      <ignores>0</ignores>
      <exceptions>1</exceptions>
    </counts>
    <runTimeInMillis>173920</runTimeInMillis>
  </pageHistoryReference>
  <pageHistoryReference>
    <name>FitNesseForAppian.HomePage.ReviewChart</name>
    <date>2023-06-13T10:52:20+05:30</date>
    <pageHistoryLink>FitNesseForAppian.HomePage.ReviewChart?pageHistory&amp;resultDate=20230613105220</pageHistoryLink>
    <counts>
      <right>0</right>
      <wrong>0</wrong>
      <ignores>0</ignores>
      <exceptions>0</exceptions>
    </counts>
    <runTimeInMillis>161264</runTimeInMillis>
  </pageHistoryReference>
  <pageHistoryReference>
    <name>FitNesseForAppian.HomePage.ReviewTask</name>
    <date>2023-06-13T10:55:01+05:30</date>
    <pageHistoryLink>FitNesseForAppian.HomePage.ReviewTask?pageHistory&amp;resultDate=20230613105501</pageHistoryLink>
    <counts>
      <right>0</right>
      <wrong>0</wrong>
      <ignores>0</ignores>
      <exceptions>2</exceptions>
    </counts>
    <runTimeInMillis>551250</runTimeInMillis>
  </pageHistoryReference>
  <executionLog>
    <testSystem>slim:fitnesse.slim.SlimService</testSystem>
    <command>java -Dlog4j.configuration=file:///C:\FitNesseForAppian/log4j.properties -cp C:\FitNesseForAppian\lib\accessors-smart-2.4.9.jar;C:\FitNesseForAppian\lib\asm-9.3.jar;C:\FitNesseForAppian\lib\async-http-client-2.12.3.jar;C:\FitNesseForAppian\lib\async-http-client-netty-utils-2.12.3.jar;C:\FitNesseForAppian\lib\auto-common-1.2.jar;C:\FitNesseForAppian\lib\auto-service-1.0.1.jar;C:\FitNesseForAppian\lib\auto-service-annotations-1.0.1.jar;C:\FitNesseForAppian\lib\byte-buddy-1.14.2.jar;C:\FitNesseForAppian\lib\checker-qual-3.12.0.jar;C:\FitNesseForAppian\lib\commons-codec-1.15.jar;C:\FitNesseForAppian\lib\commons-exec-1.3.jar;C:\FitNesseForAppian\lib\commons-io-2.11.0.jar;C:\FitNesseForAppian\lib\commons-lang3-3.12.0.jar;C:\FitNesseForAppian\lib\commons-text-1.10.0.jar;C:\FitNesseForAppian\lib\diffutils-1.3.0.jar;C:\FitNesseForAppian\lib\error_prone_annotations-2.11.0.jar;C:\FitNesseForAppian\lib\failsafe-3.3.1.jar;C:\FitNesseForAppian\lib\failureaccess-1.0.1.jar;C:\FitNesseForAppian\lib\fitnesse-20221219-standalone.jar;C:\FitNesseForAppian\lib\google-analytics-java-2.0.0.jar;C:\FitNesseForAppian\lib\gson-2.10.1.jar;C:\FitNesseForAppian\lib\guava-31.1-jre.jar;C:\FitNesseForAppian\lib\htmllexer-2.1.jar;C:\FitNesseForAppian\lib\htmlparser-2.1.jar;C:\FitNesseForAppian\lib\httpclient-4.5.13.jar;C:\FitNesseForAppian\lib\httpcore-4.4.13.jar;C:\FitNesseForAppian\lib\j2objc-annotations-1.3.jar;C:\FitNesseForAppian\lib\jackson-annotations-2.14.2.jar;C:\FitNesseForAppian\lib\jackson-core-2.14.2.jar;C:\FitNesseForAppian\lib\jackson-databind-2.14.2.jar;C:\FitNesseForAppian\lib\jakarta.activation-1.2.2.jar;C:\FitNesseForAppian\lib\jcl-over-slf4j-1.7.25.jar;C:\FitNesseForAppian\lib\jcommander-1.82.jar;C:\FitNesseForAppian\lib\json-20230227.jar;C:\FitNesseForAppian\lib\json-path-2.8.0.jar;C:\FitNesseForAppian\lib\json-smart-2.4.10.jar;C:\FitNesseForAppian\lib\jsr305-3.0.2.jar;C:\FitNesseForAppian\lib\jtoml-2.0.0.jar;C:\FitNesseForAppian\lib\listenablefuture-9999.0-empty-to-avoid-conflict-with-guava.jar;C:\FitNesseForAppian\lib\log4j-api-2.20.0.jar;C:\FitNesseForAppian\lib\log4j-core-2.20.0.jar;C:\FitNesseForAppian\lib\netty-buffer-4.1.90.Final.jar;C:\FitNesseForAppian\lib\netty-codec-4.1.90.Final.jar;C:\FitNesseForAppian\lib\netty-codec-http-4.1.90.Final.jar;C:\FitNesseForAppian\lib\netty-codec-socks-4.1.90.Final.jar;C:\FitNesseForAppian\lib\netty-common-4.1.90.Final.jar;C:\FitNesseForAppian\lib\netty-handler-4.1.90.Final.jar;C:\FitNesseForAppian\lib\netty-handler-proxy-4.1.90.Final.jar;C:\FitNesseForAppian\lib\netty-reactive-streams-2.0.4.jar;C:\FitNesseForAppian\lib\netty-resolver-4.1.90.Final.jar;C:\FitNesseForAppian\lib\netty-transport-4.1.90.Final.jar;C:\FitNesseForAppian\lib\netty-transport-classes-epoll-4.1.90.Final.jar;C:\FitNesseForAppian\lib\netty-transport-classes-kqueue-4.1.90.Final.jar;C:\FitNesseForAppian\lib\netty-transport-native-epoll-4.1.90.Final-linux-x86_64.jar;C:\FitNesseForAppian\lib\netty-transport-native-epoll-4.1.90.Final.jar;C:\FitNesseForAppian\lib\netty-transport-native-kqueue-4.1.90.Final-osx-x86_64.jar;C:\FitNesseForAppian\lib\netty-transport-native-kqueue-4.1.90.Final.jar;C:\FitNesseForAppian\lib\netty-transport-native-unix-common-4.1.90.Final.jar;C:\FitNesseForAppian\lib\opentelemetry-api-1.24.0.jar;C:\FitNesseForAppian\lib\opentelemetry-api-events-1.24.0-alpha.jar;C:\FitNesseForAppian\lib\opentelemetry-api-logs-1.24.0-alpha.jar;C:\FitNesseForAppian\lib\opentelemetry-context-1.24.0.jar;C:\FitNesseForAppian\lib\opentelemetry-exporter-logging-1.24.0.jar;C:\FitNesseForAppian\lib\opentelemetry-sdk-1.24.0.jar;C:\FitNesseForAppian\lib\opentelemetry-sdk-common-1.24.0.jar;C:\FitNesseForAppian\lib\opentelemetry-sdk-extension-autoconfigure-1.24.0-alpha.jar;C:\FitNesseForAppian\lib\opentelemetry-sdk-extension-autoconfigure-spi-1.24.0.jar;C:\FitNesseForAppian\lib\opentelemetry-sdk-logs-1.24.0-alpha.jar;C:\FitNesseForAppian\lib\opentelemetry-sdk-metrics-1.24.0.jar;C:\FitNesseForAppian\lib\opentelemetry-sdk-trace-1.24.0.jar;C:\FitNesseForAppian\lib\opentelemetry-semconv-1.24.0-alpha.jar;C:\FitNesseForAppian\lib\reactive-streams-1.0.3.jar;C:\FitNesseForAppian\lib\selenium-api-4.8.2.jar;C:\FitNesseForAppian\lib\selenium-chrome-driver-4.8.2.jar;C:\FitNesseForAppian\lib\selenium-chromium-driver-4.8.2.jar;C:\FitNesseForAppian\lib\selenium-devtools-v109-4.8.2.jar;C:\FitNesseForAppian\lib\selenium-devtools-v110-4.8.2.jar;C:\FitNesseForAppian\lib\selenium-devtools-v111-4.8.2.jar;C:\FitNesseForAppian\lib\selenium-devtools-v85-4.8.2.jar;C:\FitNesseForAppian\lib\selenium-edge-driver-4.8.2.jar;C:\FitNesseForAppian\lib\selenium-firefox-driver-4.8.2.jar;C:\FitNesseForAppian\lib\selenium-http-4.8.2.jar;C:\FitNesseForAppian\lib\selenium-ie-driver-4.8.2.jar;C:\FitNesseForAppian\lib\selenium-java-4.8.2.jar;C:\FitNesseForAppian\lib\selenium-json-4.8.2.jar;C:\FitNesseForAppian\lib\selenium-manager-4.8.2.jar;C:\FitNesseForAppian\lib\selenium-remote-driver-4.8.2.jar;C:\FitNesseForAppian\lib\selenium-safari-driver-4.8.2.jar;C:\FitNesseForAppian\lib\selenium-support-4.8.2.jar;C:\FitNesseForAppian\lib\slf4j-api-1.7.36.jar;C:\FitNesseForAppian\lib\slf4j-jdk14-1.7.36.jar;C:\FitNesseForAppian\lib\velocity-engine-core-2.3.jar;C:\FitNesseForAppian\lib\appian\appian-selenium-api-23.1.2.jar;C:\FitNesseForAppian\lib\fitnesse-20221219-standalone.jar fitnesse.slim.SlimService 1</command>
    <exitCode>1</exitCode>
    <stdOut>10:46:21.593 [main] ERROR com.appiancorp.ps.automatedtest.exception.ExceptionBuilder - Populate Field - A.B.N - 12 333 123 333
com.appiancorp.ps.automatedtest.exception.WaitForProgressBarTestException: org.openqa.selenium.TimeoutException: Expected condition failed: waiting for condition to not be valid: presence of any elements located by By.xpath: //div[@id='appian-working-indicator-hidden'] (tried for 10 second(s) with 500 milliseconds interval)
Build info: version: '4.8.2', revision: '826dbfc730'
System info: os.name: 'Windows 10', os.arch: 'amd64', os.version: '10.0', java.version: '1.8.0_202'
Driver info: org.openqa.selenium.chrome.ChromeDriver
Capabilities {acceptInsecureCerts: false, browserName: chrome, browserVersion: 114.0.5735.110, chrome: {chromedriverVersion: 114.0.5735.90 (386bc09e8f4f..., userDataDir: C:\Users\ashwinir\AppData\L...}, goog:chromeOptions: {debuggerAddress: localhost:52125}, networkConnectionEnabled: false, pageLoadStrategy: normal, platformName: WINDOWS, proxy: Proxy(), se:cdp: ws://localhost:52125/devtoo..., se:cdpVersion: 114.0.5735.110, setWindowRect: true, strictFileInteractability: false, timeouts: {implicit: 0, pageLoad: 300000, script: 30000}, unhandledPromptBehavior: dismiss and notify, webauthn:extension:credBlob: true, webauthn:extension:largeBlob: true, webauthn:extension:minPinLength: true, webauthn:extension:prf: true, webauthn:virtualAuthenticators: true}
Session ID: eead71715371ebacc40e79d71fe9027e
	at com.appiancorp.ps.automatedtest.common.AppianObject.waitForProgressBar(AppianObject.java:353) ~[appian-selenium-api-23.1.2.jar:?]
	at com.appiancorp.ps.automatedtest.common.AppianObject.unfocus(AppianObject.java:394) ~[appian-selenium-api-23.1.2.jar:?]
	at com.appiancorp.ps.automatedtest.common.AppianObject.unfocus(AppianObject.java:383) ~[appian-selenium-api-23.1.2.jar:?]
	at com.appiancorp.ps.automatedtest.tempo.interfaces.TempoFieldFactory.populate(TempoFieldFactory.java:91) [appian-selenium-api-23.1.2.jar:?]
	at com.appiancorp.ps.automatedtest.tempo.interfaces.TempoFieldFactory.populateMultiple(TempoFieldFactory.java:56) [appian-selenium-api-23.1.2.jar:?]
	at com.appiancorp.ps.automatedtest.tempo.interfaces.TempoFieldFactory.populateMultiple(TempoFieldFactory.java:43) [appian-selenium-api-23.1.2.jar:?]
	at com.appiancorp.ps.automatedtest.fixture.TempoFixture.populateFieldWith(TempoFixture.java:1180) [appian-selenium-api-23.1.2.jar:?]
	at com.appiancorp.ps.automatedtest.fixture.TempoFixture.populateFieldWithValue(TempoFixture.java:1246) [appian-selenium-api-23.1.2.jar:?]
	at sun.reflect.NativeMethodAccessorImpl.invoke0(Native Method) ~[?:1.8.0_202]
	at sun.reflect.NativeMethodAccessorImpl.invoke(Unknown Source) ~[?:1.8.0_202]
	at sun.reflect.DelegatingMethodAccessorImpl.invoke(Unknown Source) ~[?:1.8.0_202]
	at java.lang.reflect.Method.invoke(Unknown Source) ~[?:1.8.0_202]
	at fitnesse.slim.fixtureInteraction.SimpleInteraction.methodInvoke(SimpleInteraction.java:322) [fitnesse-20221219-standalone.jar:20221219]
	at fitnesse.slim.fixtureInteraction.SimpleInteraction.callMethod(SimpleInteraction.java:307) [fitnesse-20221219-standalone.jar:20221219]
	at fitnesse.slim.fixtureInteraction.SimpleInteraction.invokeMethod(SimpleInteraction.java:290) [fitnesse-20221219-standalone.jar:20221219]
	at fitnesse.slim.fixtureInteraction.SimpleInteraction.findAndInvoke(SimpleInteraction.java:217) [fitnesse-20221219-standalone.jar:20221219]
	at fitnesse.slim.MethodExecutor.findAndInvoke(MethodExecutor.java:18) [fitnesse-20221219-standalone.jar:20221219]
	at fitnesse.slim.FixtureMethodExecutor.execute(FixtureMethodExecutor.java:18) [fitnesse-20221219-standalone.jar:20221219]
	at fitnesse.slim.StatementExecutor.getMethodExecutionResult(StatementExecutor.java:139) [fitnesse-20221219-standalone.jar:20221219]
	at fitnesse.slim.StatementExecutor.call(StatementExecutor.java:112) [fitnesse-20221219-standalone.jar:20221219]
	at fitnesse.slim.instructions.CallAndOptionalAssignInstruction.executeInternal(CallAndOptionalAssignInstruction.java:30) [fitnesse-20221219-standalone.jar:20221219]
	at fitnesse.slim.instructions.Instruction.execute(Instruction.java:29) [fitnesse-20221219-standalone.jar:20221219]
	at fitnesse.slim.ListExecutor$Executive.executeStatement(ListExecutor.java:49) [fitnesse-20221219-standalone.jar:20221219]
	at fitnesse.slim.ListExecutor$Executive.executeStatements(ListExecutor.java:43) [fitnesse-20221219-standalone.jar:20221219]
	at fitnesse.slim.ListExecutor.execute(ListExecutor.java:85) [fitnesse-20221219-standalone.jar:20221219]
	at fitnesse.slim.SlimServer.executeInstructions(SlimServer.java:84) [fitnesse-20221219-standalone.jar:20221219]
	at fitnesse.slim.SlimServer.processOneSetOfInstructions(SlimServer.java:77) [fitnesse-20221219-standalone.jar:20221219]
	at fitnesse.slim.SlimServer.tryProcessInstructions(SlimServer.java:64) [fitnesse-20221219-standalone.jar:20221219]
	at fitnesse.slim.SlimServer.serve(SlimServer.java:49) [fitnesse-20221219-standalone.jar:20221219]
	at fitnesse.slim.SlimService.handle(SlimService.java:169) [fitnesse-20221219-standalone.jar:20221219]
	at fitnesse.slim.SlimService.acceptOne(SlimService.java:177) [fitnesse-20221219-standalone.jar:20221219]
	at fitnesse.slim.SlimService.accept(SlimService.java:139) [fitnesse-20221219-standalone.jar:20221219]
	at fitnesse.slim.SlimService.startWithFactory(SlimService.java:92) [fitnesse-20221219-standalone.jar:20221219]
	at fitnesse.slim.SlimService.main(SlimService.java:57) [fitnesse-20221219-standalone.jar:20221219]
Caused by: org.openqa.selenium.TimeoutException: Expected condition failed: waiting for condition to not be valid: presence of any elements located by By.xpath: //div[@id='appian-working-indicator-hidden'] (tried for 10 second(s) with 500 milliseconds interval)
Build info: version: '4.8.2', revision: '826dbfc730'
System info: os.name: 'Windows 10', os.arch: 'amd64', os.version: '10.0', java.version: '1.8.0_202'
Driver info: org.openqa.selenium.chrome.ChromeDriver
Capabilities {acceptInsecureCerts: false, browserName: chrome, browserVersion: 114.0.5735.110, chrome: {chromedriverVersion: 114.0.5735.90 (386bc09e8f4f..., userDataDir: C:\Users\ashwinir\AppData\L...}, goog:chromeOptions: {debuggerAddress: localhost:52125}, networkConnectionEnabled: false, pageLoadStrategy: normal, platformName: WINDOWS, proxy: Proxy(), se:cdp: ws://localhost:52125/devtoo..., se:cdpVersion: 114.0.5735.110, setWindowRect: true, strictFileInteractability: false, timeouts: {implicit: 0, pageLoad: 300000, script: 30000}, unhandledPromptBehavior: dismiss and notify, webauthn:extension:credBlob: true, webauthn:extension:largeBlob: true, webauthn:extension:minPinLength: true, webauthn:extension:prf: true, webauthn:virtualAuthenticators: true}
Session ID: eead71715371ebacc40e79d71fe9027e
	at org.openqa.selenium.support.ui.WebDriverWait.timeoutException(WebDriverWait.java:87) ~[selenium-support-4.8.2.jar:?]
	at org.openqa.selenium.support.ui.FluentWait.until(FluentWait.java:231) ~[selenium-support-4.8.2.jar:?]
	at com.appiancorp.ps.automatedtest.common.AppianObject.waitForProgressBar(AppianObject.java:346) ~[appian-selenium-api-23.1.2.jar:?]
	... 33 more

10:47:39.354 [main] ERROR com.appiancorp.ps.automatedtest.exception.ExceptionBuilder - Populate Field - Registered with ABD(WA)? - Yes
com.appiancorp.ps.automatedtest.exception.WaitForProgressBarTestException: org.openqa.selenium.TimeoutException: Expected condition failed: waiting for condition to not be valid: presence of any elements located by By.xpath: //div[@id='appian-working-indicator-hidden'] (tried for 10 second(s) with 500 milliseconds interval)
Build info: version: '4.8.2', revision: '826dbfc730'
System info: os.name: 'Windows 10', os.arch: 'amd64', os.version: '10.0', java.version: '1.8.0_202'
Driver info: org.openqa.selenium.chrome.ChromeDriver
Capabilities {acceptInsecureCerts: false, browserName: chrome, browserVersion: 114.0.5735.110, chrome: {chromedriverVersion: 114.0.5735.90 (386bc09e8f4f..., userDataDir: C:\Users\ashwinir\AppData\L...}, goog:chromeOptions: {debuggerAddress: localhost:52125}, networkConnectionEnabled: false, pageLoadStrategy: normal, platformName: WINDOWS, proxy: Proxy(), se:cdp: ws://localhost:52125/devtoo..., se:cdpVersion: 114.0.5735.110, setWindowRect: true, strictFileInteractability: false, timeouts: {implicit: 0, pageLoad: 300000, script: 30000}, unhandledPromptBehavior: dismiss and notify, webauthn:extension:credBlob: true, webauthn:extension:largeBlob: true, webauthn:extension:minPinLength: true, webauthn:extension:prf: true, webauthn:virtualAuthenticators: true}
Session ID: eead71715371ebacc40e79d71fe9027e
	at com.appiancorp.ps.automatedtest.common.AppianObject.waitForProgressBar(AppianObject.java:353) ~[appian-selenium-api-23.1.2.jar:?]
	at com.appiancorp.ps.automatedtest.common.AppianObject.unfocus(AppianObject.java:394) ~[appian-selenium-api-23.1.2.jar:?]
	at com.appiancorp.ps.automatedtest.common.AppianObject.unfocus(AppianObject.java:383) ~[appian-selenium-api-23.1.2.jar:?]
	at com.appiancorp.ps.automatedtest.tempo.interfaces.TempoFieldFactory.populate(TempoFieldFactory.java:91) [appian-selenium-api-23.1.2.jar:?]
	at com.appiancorp.ps.automatedtest.tempo.interfaces.TempoFieldFactory.populateMultiple(TempoFieldFactory.java:56) [appian-selenium-api-23.1.2.jar:?]
	at com.appiancorp.ps.automatedtest.tempo.interfaces.TempoFieldFactory.populateMultiple(TempoFieldFactory.java:43) [appian-selenium-api-23.1.2.jar:?]
	at com.appiancorp.ps.automatedtest.fixture.TempoFixture.populateFieldWith(TempoFixture.java:1180) [appian-selenium-api-23.1.2.jar:?]
	at sun.reflect.NativeMethodAccessorImpl.invoke0(Native Method) ~[?:1.8.0_202]
	at sun.reflect.NativeMethodAccessorImpl.invoke(Unknown Source) ~[?:1.8.0_202]
	at sun.reflect.DelegatingMethodAccessorImpl.invoke(Unknown Source) ~[?:1.8.0_202]
	at java.lang.reflect.Method.invoke(Unknown Source) ~[?:1.8.0_202]
	at fitnesse.slim.fixtureInteraction.SimpleInteraction.methodInvoke(SimpleInteraction.java:322) [fitnesse-20221219-standalone.jar:20221219]
	at fitnesse.slim.fixtureInteraction.SimpleInteraction.callMethod(SimpleInteraction.java:307) [fitnesse-20221219-standalone.jar:20221219]
	at fitnesse.slim.fixtureInteraction.SimpleInteraction.invokeMethod(SimpleInteraction.java:290) [fitnesse-20221219-standalone.jar:20221219]
	at fitnesse.slim.fixtureInteraction.SimpleInteraction.findAndInvoke(SimpleInteraction.java:217) [fitnesse-20221219-standalone.jar:20221219]
	at fitnesse.slim.MethodExecutor.findAndInvoke(MethodExecutor.java:18) [fitnesse-20221219-standalone.jar:20221219]
	at fitnesse.slim.FixtureMethodExecutor.execute(FixtureMethodExecutor.java:18) [fitnesse-20221219-standalone.jar:20221219]
	at fitnesse.slim.StatementExecutor.getMethodExecutionResult(StatementExecutor.java:139) [fitnesse-20221219-standalone.jar:20221219]
	at fitnesse.slim.StatementExecutor.call(StatementExecutor.java:112) [fitnesse-20221219-standalone.jar:20221219]
	at fitnesse.slim.instructions.CallAndOptionalAssignInstruction.executeInternal(CallAndOptionalAssignInstruction.java:30) [fitnesse-20221219-standalone.jar:20221219]
	at fitnesse.slim.instructions.Instruction.execute(Instruction.java:29) [fitnesse-20221219-standalone.jar:20221219]
	at fitnesse.slim.ListExecutor$Executive.executeStatement(ListExecutor.java:49) [fitnesse-20221219-standalone.jar:20221219]
	at fitnesse.slim.ListExecutor$Executive.executeStatements(ListExecutor.java:43) [fitnesse-20221219-standalone.jar:20221219]
	at fitnesse.slim.ListExecutor.execute(ListExecutor.java:85) [fitnesse-20221219-standalone.jar:20221219]
	at fitnesse.slim.SlimServer.executeInstructions(SlimServer.java:84) [fitnesse-20221219-standalone.jar:20221219]
	at fitnesse.slim.SlimServer.processOneSetOfInstructions(SlimServer.java:77) [fitnesse-20221219-standalone.jar:20221219]
	at fitnesse.slim.SlimServer.tryProcessInstructions(SlimServer.java:64) [fitnesse-20221219-standalone.jar:20221219]
	at fitnesse.slim.SlimServer.serve(SlimServer.java:49) [fitnesse-20221219-standalone.jar:20221219]
	at fitnesse.slim.SlimService.handle(SlimService.java:169) [fitnesse-20221219-standalone.jar:20221219]
	at fitnesse.slim.SlimService.acceptOne(SlimService.java:177) [fitnesse-20221219-standalone.jar:20221219]
	at fitnesse.slim.SlimService.accept(SlimService.java:139) [fitnesse-20221219-standalone.jar:20221219]
	at fitnesse.slim.SlimService.startWithFactory(SlimService.java:92) [fitnesse-20221219-standalone.jar:20221219]
	at fitnesse.slim.SlimService.main(SlimService.java:57) [fitnesse-20221219-standalone.jar:20221219]
Caused by: org.openqa.selenium.TimeoutException: Expected condition failed: waiting for condition to not be valid: presence of any elements located by By.xpath: //div[@id='appian-working-indicator-hidden'] (tried for 10 second(s) with 500 milliseconds interval)
Build info: version: '4.8.2', revision: '826dbfc730'
System info: os.name: 'Windows 10', os.arch: 'amd64', os.version: '10.0', java.version: '1.8.0_202'
Driver info: org.openqa.selenium.chrome.ChromeDriver
Capabilities {acceptInsecureCerts: false, browserName: chrome, browserVersion: 114.0.5735.110, chrome: {chromedriverVersion: 114.0.5735.90 (386bc09e8f4f..., userDataDir: C:\Users\ashwinir\AppData\L...}, goog:chromeOptions: {debuggerAddress: localhost:52125}, networkConnectionEnabled: false, pageLoadStrategy: normal, platformName: WINDOWS, proxy: Proxy(), se:cdp: ws://localhost:52125/devtoo..., se:cdpVersion: 114.0.5735.110, setWindowRect: true, strictFileInteractability: false, timeouts: {implicit: 0, pageLoad: 300000, script: 30000}, unhandledPromptBehavior: dismiss and notify, webauthn:extension:credBlob: true, webauthn:extension:largeBlob: true, webauthn:extension:minPinLength: true, webauthn:extension:prf: true, webauthn:virtualAuthenticators: true}
Session ID: eead71715371ebacc40e79d71fe9027e
	at org.openqa.selenium.support.ui.WebDriverWait.timeoutException(WebDriverWait.java:87) ~[selenium-support-4.8.2.jar:?]
	at org.openqa.selenium.support.ui.FluentWait.until(FluentWait.java:231) ~[selenium-support-4.8.2.jar:?]
	at com.appiancorp.ps.automatedtest.common.AppianObject.waitForProgressBar(AppianObject.java:346) ~[appian-selenium-api-23.1.2.jar:?]
	... 32 more

10:51:43.884 [main] ERROR com.appiancorp.ps.automatedtest.exception.ExceptionBuilder - Click Record - Region
com.appiancorp.ps.automatedtest.exception.WaitForProgressBarTestException: org.openqa.selenium.TimeoutException: Expected condition failed: waiting for condition to not be valid: presence of any elements located by By.xpath: //div[@id='appian-working-indicator-hidden'] (tried for 10 second(s) with 500 milliseconds interval)
Build info: version: '4.8.2', revision: '826dbfc730'
System info: os.name: 'Windows 10', os.arch: 'amd64', os.version: '10.0', java.version: '1.8.0_202'
Driver info: org.openqa.selenium.chrome.ChromeDriver
Capabilities {acceptInsecureCerts: false, browserName: chrome, browserVersion: 114.0.5735.110, chrome: {chromedriverVersion: 114.0.5735.90 (386bc09e8f4f..., userDataDir: C:\Users\ashwinir\AppData\L...}, goog:chromeOptions: {debuggerAddress: localhost:52541}, networkConnectionEnabled: false, pageLoadStrategy: normal, platformName: WINDOWS, proxy: Proxy(), se:cdp: ws://localhost:52541/devtoo..., se:cdpVersion: 114.0.5735.110, setWindowRect: true, strictFileInteractability: false, timeouts: {implicit: 0, pageLoad: 300000, script: 30000}, unhandledPromptBehavior: dismiss and notify, webauthn:extension:credBlob: true, webauthn:extension:largeBlob: true, webauthn:extension:minPinLength: true, webauthn:extension:prf: true, webauthn:virtualAuthenticators: true}
Session ID: a673c6fe34559df280fa430a7c6b4744
	at com.appiancorp.ps.automatedtest.common.AppianObject.waitForProgressBar(AppianObject.java:353) ~[appian-selenium-api-23.1.2.jar:?]
	at com.appiancorp.ps.automatedtest.common.AppianObject.unfocus(AppianObject.java:394) ~[appian-selenium-api-23.1.2.jar:?]
	at com.appiancorp.ps.automatedtest.common.AppianObject.unfocus(AppianObject.java:383) ~[appian-selenium-api-23.1.2.jar:?]
	at com.appiancorp.ps.automatedtest.common.AppianObject.clickElement(AppianObject.java:369) ~[appian-selenium-api-23.1.2.jar:?]
	at com.appiancorp.ps.automatedtest.common.AppianObject.clickElement(AppianObject.java:362) ~[appian-selenium-api-23.1.2.jar:?]
	at com.appiancorp.ps.automatedtest.tempo.record.TempoRecordGridColumn.click(TempoRecordGridColumn.java:60) [appian-selenium-api-23.1.2.jar:?]
	at com.appiancorp.ps.automatedtest.fixture.TempoFixture.sortRecordGridByColumn(TempoFixture.java:933) [appian-selenium-api-23.1.2.jar:?]
	at sun.reflect.NativeMethodAccessorImpl.invoke0(Native Method) ~[?:1.8.0_202]
	at sun.reflect.NativeMethodAccessorImpl.invoke(Unknown Source) ~[?:1.8.0_202]
	at sun.reflect.DelegatingMethodAccessorImpl.invoke(Unknown Source) ~[?:1.8.0_202]
	at java.lang.reflect.Method.invoke(Unknown Source) ~[?:1.8.0_202]
	at fitnesse.slim.fixtureInteraction.SimpleInteraction.methodInvoke(SimpleInteraction.java:322) [fitnesse-20221219-standalone.jar:20221219]
	at fitnesse.slim.fixtureInteraction.SimpleInteraction.callMethod(SimpleInteraction.java:307) [fitnesse-20221219-standalone.jar:20221219]
	at fitnesse.slim.fixtureInteraction.SimpleInteraction.invokeMethod(SimpleInteraction.java:290) [fitnesse-20221219-standalone.jar:20221219]
	at fitnesse.slim.fixtureInteraction.SimpleInteraction.findAndInvoke(SimpleInteraction.java:217) [fitnesse-20221219-standalone.jar:20221219]
	at fitnesse.slim.MethodExecutor.findAndInvoke(MethodExecutor.java:18) [fitnesse-20221219-standalone.jar:20221219]
	at fitnesse.slim.FixtureMethodExecutor.execute(FixtureMethodExecutor.java:18) [fitnesse-20221219-standalone.jar:20221219]
	at fitnesse.slim.StatementExecutor.getMethodExecutionResult(StatementExecutor.java:139) [fitnesse-20221219-standalone.jar:20221219]
	at fitnesse.slim.StatementExecutor.call(StatementExecutor.java:112) [fitnesse-20221219-standalone.jar:20221219]
	at fitnesse.slim.instructions.CallAndOptionalAssignInstruction.executeInternal(CallAndOptionalAssignInstruction.java:30) [fitnesse-20221219-standalone.jar:20221219]
	at fitnesse.slim.instructions.Instruction.execute(Instruction.java:29) [fitnesse-20221219-standalone.jar:20221219]
	at fitnesse.slim.ListExecutor$Executive.executeStatement(ListExecutor.java:49) [fitnesse-20221219-standalone.jar:20221219]
	at fitnesse.slim.ListExecutor$Executive.executeStatements(ListExecutor.java:43) [fitnesse-20221219-standalone.jar:20221219]
	at fitnesse.slim.ListExecutor.execute(ListExecutor.java:85) [fitnesse-20221219-standalone.jar:20221219]
	at fitnesse.slim.SlimServer.executeInstructions(SlimServer.java:84) [fitnesse-20221219-standalone.jar:20221219]
	at fitnesse.slim.SlimServer.processOneSetOfInstructions(SlimServer.java:77) [fitnesse-20221219-standalone.jar:20221219]
	at fitnesse.slim.SlimServer.tryProcessInstructions(SlimServer.java:64) [fitnesse-20221219-standalone.jar:20221219]
	at fitnesse.slim.SlimServer.serve(SlimServer.java:49) [fitnesse-20221219-standalone.jar:20221219]
	at fitnesse.slim.SlimService.handle(SlimService.java:169) [fitnesse-20221219-standalone.jar:20221219]
	at fitnesse.slim.SlimService.acceptOne(SlimService.java:177) [fitnesse-20221219-standalone.jar:20221219]
	at fitnesse.slim.SlimService.accept(SlimService.java:139) [fitnesse-20221219-standalone.jar:20221219]
	at fitnesse.slim.SlimService.startWithFactory(SlimService.java:92) [fitnesse-20221219-standalone.jar:20221219]
	at fitnesse.slim.SlimService.main(SlimService.java:57) [fitnesse-20221219-standalone.jar:20221219]
Caused by: org.openqa.selenium.TimeoutException: Expected condition failed: waiting for condition to not be valid: presence of any elements located by By.xpath: //div[@id='appian-working-indicator-hidden'] (tried for 10 second(s) with 500 milliseconds interval)
Build info: version: '4.8.2', revision: '826dbfc730'
System info: os.name: 'Windows 10', os.arch: 'amd64', os.version: '10.0', java.version: '1.8.0_202'
Driver info: org.openqa.selenium.chrome.ChromeDriver
Capabilities {acceptInsecureCerts: false, browserName: chrome, browserVersion: 114.0.5735.110, chrome: {chromedriverVersion: 114.0.5735.90 (386bc09e8f4f..., userDataDir: C:\Users\ashwinir\AppData\L...}, goog:chromeOptions: {debuggerAddress: localhost:52541}, networkConnectionEnabled: false, pageLoadStrategy: normal, platformName: WINDOWS, proxy: Proxy(), se:cdp: ws://localhost:52541/devtoo..., se:cdpVersion: 114.0.5735.110, setWindowRect: true, strictFileInteractability: false, timeouts: {implicit: 0, pageLoad: 300000, script: 30000}, unhandledPromptBehavior: dismiss and notify, webauthn:extension:credBlob: true, webauthn:extension:largeBlob: true, webauthn:extension:minPinLength: true, webauthn:extension:prf: true, webauthn:virtualAuthenticators: true}
Session ID: a673c6fe34559df280fa430a7c6b4744
	at org.openqa.selenium.support.ui.WebDriverWait.timeoutException(WebDriverWait.java:87) ~[selenium-support-4.8.2.jar:?]
	at org.openqa.selenium.support.ui.FluentWait.until(FluentWait.java:231) ~[selenium-support-4.8.2.jar:?]
	at com.appiancorp.ps.automatedtest.common.AppianObject.waitForProgressBar(AppianObject.java:346) ~[appian-selenium-api-23.1.2.jar:?]
	... 32 more

11:02:14.706 [main] ERROR com.appiancorp.ps.automatedtest.exception.ExceptionBuilder - Click Button - NEXT
com.appiancorp.ps.automatedtest.exception.WaitForProgressBarTestException: org.openqa.selenium.TimeoutException: Expected condition failed: waiting for condition to not be valid: presence of any elements located by By.xpath: //div[@id='appian-working-indicator-hidden'] (tried for 10 second(s) with 500 milliseconds interval)
Build info: version: '4.8.2', revision: '826dbfc730'
System info: os.name: 'Windows 10', os.arch: 'amd64', os.version: '10.0', java.version: '1.8.0_202'
Driver info: org.openqa.selenium.chrome.ChromeDriver
Capabilities {acceptInsecureCerts: false, browserName: chrome, browserVersion: 114.0.5735.110, chrome: {chromedriverVersion: 114.0.5735.90 (386bc09e8f4f..., userDataDir: C:\Users\ashwinir\AppData\L...}, goog:chromeOptions: {debuggerAddress: localhost:52979}, networkConnectionEnabled: false, pageLoadStrategy: normal, platformName: WINDOWS, proxy: Proxy(), se:cdp: ws://localhost:52979/devtoo..., se:cdpVersion: 114.0.5735.110, setWindowRect: true, strictFileInteractability: false, timeouts: {implicit: 0, pageLoad: 300000, script: 30000}, unhandledPromptBehavior: dismiss and notify, webauthn:extension:credBlob: true, webauthn:extension:largeBlob: true, webauthn:extension:minPinLength: true, webauthn:extension:prf: true, webauthn:virtualAuthenticators: true}
Session ID: 598826252c1d4c47ba67e0229ece5e12
	at com.appiancorp.ps.automatedtest.common.AppianObject.waitForProgressBar(AppianObject.java:353) ~[appian-selenium-api-23.1.2.jar:?]
	at com.appiancorp.ps.automatedtest.common.AppianObject.unfocus(AppianObject.java:394) ~[appian-selenium-api-23.1.2.jar:?]
	at com.appiancorp.ps.automatedtest.common.AppianObject.unfocus(AppianObject.java:383) ~[appian-selenium-api-23.1.2.jar:?]
	at com.appiancorp.ps.automatedtest.common.AppianObject.clickElement(AppianObject.java:369) ~[appian-selenium-api-23.1.2.jar:?]
	at com.appiancorp.ps.automatedtest.tempo.interfaces.TempoButton.click(TempoButton.java:109) [appian-selenium-api-23.1.2.jar:?]
	at com.appiancorp.ps.automatedtest.fixture.TempoFixture.clickOnButton(TempoFixture.java:2450) [appian-selenium-api-23.1.2.jar:?]
	at sun.reflect.NativeMethodAccessorImpl.invoke0(Native Method) ~[?:1.8.0_202]
	at sun.reflect.NativeMethodAccessorImpl.invoke(Unknown Source) ~[?:1.8.0_202]
	at sun.reflect.DelegatingMethodAccessorImpl.invoke(Unknown Source) ~[?:1.8.0_202]
	at java.lang.reflect.Method.invoke(Unknown Source) ~[?:1.8.0_202]
	at fitnesse.slim.fixtureInteraction.SimpleInteraction.methodInvoke(SimpleInteraction.java:322) [fitnesse-20221219-standalone.jar:20221219]
	at fitnesse.slim.fixtureInteraction.SimpleInteraction.callMethod(SimpleInteraction.java:307) [fitnesse-20221219-standalone.jar:20221219]
	at fitnesse.slim.fixtureInteraction.SimpleInteraction.invokeMethod(SimpleInteraction.java:290) [fitnesse-20221219-standalone.jar:20221219]
	at fitnesse.slim.fixtureInteraction.SimpleInteraction.findAndInvoke(SimpleInteraction.java:217) [fitnesse-20221219-standalone.jar:20221219]
	at fitnesse.slim.MethodExecutor.findAndInvoke(MethodExecutor.java:18) [fitnesse-20221219-standalone.jar:20221219]
	at fitnesse.slim.FixtureMethodExecutor.execute(FixtureMethodExecutor.java:18) [fitnesse-20221219-standalone.jar:20221219]
	at fitnesse.slim.StatementExecutor.getMethodExecutionResult(StatementExecutor.java:139) [fitnesse-20221219-standalone.jar:20221219]
	at fitnesse.slim.StatementExecutor.call(StatementExecutor.java:112) [fitnesse-20221219-standalone.jar:20221219]
	at fitnesse.slim.instructions.CallAndOptionalAssignInstruction.executeInternal(CallAndOptionalAssignInstruction.java:30) [fitnesse-20221219-standalone.jar:20221219]
	at fitnesse.slim.instructions.Instruction.execute(Instruction.java:29) [fitnesse-20221219-standalone.jar:20221219]
	at fitnesse.slim.ListExecutor$Executive.executeStatement(ListExecutor.java:49) [fitnesse-20221219-standalone.jar:20221219]
	at fitnesse.slim.ListExecutor$Executive.executeStatements(ListExecutor.java:43) [fitnesse-20221219-standalone.jar:20221219]
	at fitnesse.slim.ListExecutor.execute(ListExecutor.java:85) [fitnesse-20221219-standalone.jar:20221219]
	at fitnesse.slim.SlimServer.executeInstructions(SlimServer.java:84) [fitnesse-20221219-standalone.jar:20221219]
	at fitnesse.slim.SlimServer.processOneSetOfInstructions(SlimServer.java:77) [fitnesse-20221219-standalone.jar:20221219]
	at fitnesse.slim.SlimServer.tryProcessInstructions(SlimServer.java:64) [fitnesse-20221219-standalone.jar:20221219]
	at fitnesse.slim.SlimServer.serve(SlimServer.java:49) [fitnesse-20221219-standalone.jar:20221219]
	at fitnesse.slim.SlimService.handle(SlimService.java:169) [fitnesse-20221219-standalone.jar:20221219]
	at fitnesse.slim.SlimService.acceptOne(SlimService.java:177) [fitnesse-20221219-standalone.jar:20221219]
	at fitnesse.slim.SlimService.accept(SlimService.java:139) [fitnesse-20221219-standalone.jar:20221219]
	at fitnesse.slim.SlimService.startWithFactory(SlimService.java:92) [fitnesse-20221219-standalone.jar:20221219]
	at fitnesse.slim.SlimService.main(SlimService.java:57) [fitnesse-20221219-standalone.jar:20221219]
Caused by: org.openqa.selenium.TimeoutException: Expected condition failed: waiting for condition to not be valid: presence of any elements located by By.xpath: //div[@id='appian-working-indicator-hidden'] (tried for 10 second(s) with 500 milliseconds interval)
Build info: version: '4.8.2', revision: '826dbfc730'
System info: os.name: 'Windows 10', os.arch: 'amd64', os.version: '10.0', java.version: '1.8.0_202'
Driver info: org.openqa.selenium.chrome.ChromeDriver
Capabilities {acceptInsecureCerts: false, browserName: chrome, browserVersion: 114.0.5735.110, chrome: {chromedriverVersion: 114.0.5735.90 (386bc09e8f4f..., userDataDir: C:\Users\ashwinir\AppData\L...}, goog:chromeOptions: {debuggerAddress: localhost:52979}, networkConnectionEnabled: false, pageLoadStrategy: normal, platformName: WINDOWS, proxy: Proxy(), se:cdp: ws://localhost:52979/devtoo..., se:cdpVersion: 114.0.5735.110, setWindowRect: true, strictFileInteractability: false, timeouts: {implicit: 0, pageLoad: 300000, script: 30000}, unhandledPromptBehavior: dismiss and notify, webauthn:extension:credBlob: true, webauthn:extension:largeBlob: true, webauthn:extension:minPinLength: true, webauthn:extension:prf: true, webauthn:virtualAuthenticators: true}
Session ID: 598826252c1d4c47ba67e0229ece5e12
	at org.openqa.selenium.support.ui.WebDriverWait.timeoutException(WebDriverWait.java:87) ~[selenium-support-4.8.2.jar:?]
	at org.openqa.selenium.support.ui.FluentWait.until(FluentWait.java:231) ~[selenium-support-4.8.2.jar:?]
	at com.appiancorp.ps.automatedtest.common.AppianObject.waitForProgressBar(AppianObject.java:346) ~[appian-selenium-api-23.1.2.jar:?]
	... 31 more

11:04:03.719 [main] ERROR com.appiancorp.ps.automatedtest.exception.ExceptionBuilder - Click Button - ACCREDIT
com.appiancorp.ps.automatedtest.exception.WaitForProgressBarTestException: org.openqa.selenium.TimeoutException: Expected condition failed: waiting for condition to not be valid: presence of any elements located by By.xpath: //div[@id='appian-working-indicator-hidden'] (tried for 10 second(s) with 500 milliseconds interval)
Build info: version: '4.8.2', revision: '826dbfc730'
System info: os.name: 'Windows 10', os.arch: 'amd64', os.version: '10.0', java.version: '1.8.0_202'
Driver info: org.openqa.selenium.chrome.ChromeDriver
Capabilities {acceptInsecureCerts: false, browserName: chrome, browserVersion: 114.0.5735.110, chrome: {chromedriverVersion: 114.0.5735.90 (386bc09e8f4f..., userDataDir: C:\Users\ashwinir\AppData\L...}, goog:chromeOptions: {debuggerAddress: localhost:53048}, networkConnectionEnabled: false, pageLoadStrategy: normal, platformName: WINDOWS, proxy: Proxy(), se:cdp: ws://localhost:53048/devtoo..., se:cdpVersion: 114.0.5735.110, setWindowRect: true, strictFileInteractability: false, timeouts: {implicit: 0, pageLoad: 300000, script: 30000}, unhandledPromptBehavior: dismiss and notify, webauthn:extension:credBlob: true, webauthn:extension:largeBlob: true, webauthn:extension:minPinLength: true, webauthn:extension:prf: true, webauthn:virtualAuthenticators: true}
Session ID: 7d89e43b50598a32bd33ee5b1a2a0db1
	at com.appiancorp.ps.automatedtest.common.AppianObject.waitForProgressBar(AppianObject.java:353) ~[appian-selenium-api-23.1.2.jar:?]
	at com.appiancorp.ps.automatedtest.common.AppianObject.unfocus(AppianObject.java:394) ~[appian-selenium-api-23.1.2.jar:?]
	at com.appiancorp.ps.automatedtest.common.AppianObject.unfocus(AppianObject.java:383) ~[appian-selenium-api-23.1.2.jar:?]
	at com.appiancorp.ps.automatedtest.common.AppianObject.clickElement(AppianObject.java:369) ~[appian-selenium-api-23.1.2.jar:?]
	at com.appiancorp.ps.automatedtest.tempo.interfaces.TempoButton.click(TempoButton.java:109) [appian-selenium-api-23.1.2.jar:?]
	at com.appiancorp.ps.automatedtest.fixture.TempoFixture.clickOnButton(TempoFixture.java:2450) [appian-selenium-api-23.1.2.jar:?]
	at sun.reflect.NativeMethodAccessorImpl.invoke0(Native Method) ~[?:1.8.0_202]
	at sun.reflect.NativeMethodAccessorImpl.invoke(Unknown Source) ~[?:1.8.0_202]
	at sun.reflect.DelegatingMethodAccessorImpl.invoke(Unknown Source) ~[?:1.8.0_202]
	at java.lang.reflect.Method.invoke(Unknown Source) ~[?:1.8.0_202]
	at fitnesse.slim.fixtureInteraction.SimpleInteraction.methodInvoke(SimpleInteraction.java:322) [fitnesse-20221219-standalone.jar:20221219]
	at fitnesse.slim.fixtureInteraction.SimpleInteraction.callMethod(SimpleInteraction.java:307) [fitnesse-20221219-standalone.jar:20221219]
	at fitnesse.slim.fixtureInteraction.SimpleInteraction.invokeMethod(SimpleInteraction.java:290) [fitnesse-20221219-standalone.jar:20221219]
	at fitnesse.slim.fixtureInteraction.SimpleInteraction.findAndInvoke(SimpleInteraction.java:217) [fitnesse-20221219-standalone.jar:20221219]
	at fitnesse.slim.MethodExecutor.findAndInvoke(MethodExecutor.java:18) [fitnesse-20221219-standalone.jar:20221219]
	at fitnesse.slim.FixtureMethodExecutor.execute(FixtureMethodExecutor.java:18) [fitnesse-20221219-standalone.jar:20221219]
	at fitnesse.slim.StatementExecutor.getMethodExecutionResult(StatementExecutor.java:139) [fitnesse-20221219-standalone.jar:20221219]
	at fitnesse.slim.StatementExecutor.call(StatementExecutor.java:112) [fitnesse-20221219-standalone.jar:20221219]
	at fitnesse.slim.instructions.CallAndOptionalAssignInstruction.executeInternal(CallAndOptionalAssignInstruction.java:30) [fitnesse-20221219-standalone.jar:20221219]
	at fitnesse.slim.instructions.Instruction.execute(Instruction.java:29) [fitnesse-20221219-standalone.jar:20221219]
	at fitnesse.slim.ListExecutor$Executive.executeStatement(ListExecutor.java:49) [fitnesse-20221219-standalone.jar:20221219]
	at fitnesse.slim.ListExecutor$Executive.executeStatements(ListExecutor.java:43) [fitnesse-20221219-standalone.jar:20221219]
	at fitnesse.slim.ListExecutor.execute(ListExecutor.java:85) [fitnesse-20221219-standalone.jar:20221219]
	at fitnesse.slim.SlimServer.executeInstructions(SlimServer.java:84) [fitnesse-20221219-standalone.jar:20221219]
	at fitnesse.slim.SlimServer.processOneSetOfInstructions(SlimServer.java:77) [fitnesse-20221219-standalone.jar:20221219]
	at fitnesse.slim.SlimServer.tryProcessInstructions(SlimServer.java:64) [fitnesse-20221219-standalone.jar:20221219]
	at fitnesse.slim.SlimServer.serve(SlimServer.java:49) [fitnesse-20221219-standalone.jar:20221219]
	at fitnesse.slim.SlimService.handle(SlimService.java:169) [fitnesse-20221219-standalone.jar:20221219]
	at fitnesse.slim.SlimService.acceptOne(SlimService.java:177) [fitnesse-20221219-standalone.jar:20221219]
	at fitnesse.slim.SlimService.accept(SlimService.java:139) [fitnesse-20221219-standalone.jar:20221219]
	at fitnesse.slim.SlimService.startWithFactory(SlimService.java:92) [fitnesse-20221219-standalone.jar:20221219]
	at fitnesse.slim.SlimService.main(SlimService.java:57) [fitnesse-20221219-standalone.jar:20221219]
Caused by: org.openqa.selenium.TimeoutException: Expected condition failed: waiting for condition to not be valid: presence of any elements located by By.xpath: //div[@id='appian-working-indicator-hidden'] (tried for 10 second(s) with 500 milliseconds interval)
Build info: version: '4.8.2', revision: '826dbfc730'
System info: os.name: 'Windows 10', os.arch: 'amd64', os.version: '10.0', java.version: '1.8.0_202'
Driver info: org.openqa.selenium.chrome.ChromeDriver
Capabilities {acceptInsecureCerts: false, browserName: chrome, browserVersion: 114.0.5735.110, chrome: {chromedriverVersion: 114.0.5735.90 (386bc09e8f4f..., userDataDir: C:\Users\ashwinir\AppData\L...}, goog:chromeOptions: {debuggerAddress: localhost:53048}, networkConnectionEnabled: false, pageLoadStrategy: normal, platformName: WINDOWS, proxy: Proxy(), se:cdp: ws://localhost:53048/devtoo..., se:cdpVersion: 114.0.5735.110, setWindowRect: true, strictFileInteractability: false, timeouts: {implicit: 0, pageLoad: 300000, script: 30000}, unhandledPromptBehavior: dismiss and notify, webauthn:extension:credBlob: true, webauthn:extension:largeBlob: true, webauthn:extension:minPinLength: true, webauthn:extension:prf: true, webauthn:virtualAuthenticators: true}
Session ID: 7d89e43b50598a32bd33ee5b1a2a0db1
	at org.openqa.selenium.support.ui.WebDriverWait.timeoutException(WebDriverWait.java:87) ~[selenium-support-4.8.2.jar:?]
	at org.openqa.selenium.support.ui.FluentWait.until(FluentWait.java:231) ~[selenium-support-4.8.2.jar:?]
	at com.appiancorp.ps.automatedtest.common.AppianObject.waitForProgressBar(AppianObject.java:346) ~[appian-selenium-api-23.1.2.jar:?]
	... 31 more

11:05:54.220 [main] ERROR com.appiancorp.ps.automatedtest.exception.ExceptionBuilder - Tempo Menu - SUPPLIERS
org.openqa.selenium.TimeoutException: Expected condition failed: waiting for presence of element located by: By.xpath: //div[starts-with(@class, 'SiteMenuTab') and contains(translate(text(),'ABCDEFGHIJKLMNOPQRSTUVWXYZ','abcdefghijklmnopqrstuvwxyz'),'suppliers')] (tried for 10 second(s) with 500 milliseconds interval)
	at org.openqa.selenium.support.ui.WebDriverWait.timeoutException(WebDriverWait.java:87) ~[selenium-support-4.8.2.jar:?]
	at org.openqa.selenium.support.ui.FluentWait.until(FluentWait.java:231) ~[selenium-support-4.8.2.jar:?]
	at com.appiancorp.ps.automatedtest.tempo.TempoMenu.waitFor(TempoMenu.java:59) [appian-selenium-api-23.1.2.jar:?]
	at com.appiancorp.ps.automatedtest.fixture.TempoFixture.clickOnMenu(TempoFixture.java:116) [appian-selenium-api-23.1.2.jar:?]
	at sun.reflect.NativeMethodAccessorImpl.invoke0(Native Method) ~[?:1.8.0_202]
	at sun.reflect.NativeMethodAccessorImpl.invoke(Unknown Source) ~[?:1.8.0_202]
	at sun.reflect.DelegatingMethodAccessorImpl.invoke(Unknown Source) ~[?:1.8.0_202]
	at java.lang.reflect.Method.invoke(Unknown Source) ~[?:1.8.0_202]
	at fitnesse.slim.fixtureInteraction.SimpleInteraction.methodInvoke(SimpleInteraction.java:322) [fitnesse-20221219-standalone.jar:20221219]
	at fitnesse.slim.fixtureInteraction.SimpleInteraction.callMethod(SimpleInteraction.java:307) [fitnesse-20221219-standalone.jar:20221219]
	at fitnesse.slim.fixtureInteraction.SimpleInteraction.invokeMethod(SimpleInteraction.java:290) [fitnesse-20221219-standalone.jar:20221219]
	at fitnesse.slim.fixtureInteraction.SimpleInteraction.findAndInvoke(SimpleInteraction.java:217) [fitnesse-20221219-standalone.jar:20221219]
	at fitnesse.slim.MethodExecutor.findAndInvoke(MethodExecutor.java:18) [fitnesse-20221219-standalone.jar:20221219]
	at fitnesse.slim.FixtureMethodExecutor.execute(FixtureMethodExecutor.java:18) [fitnesse-20221219-standalone.jar:20221219]
	at fitnesse.slim.StatementExecutor.getMethodExecutionResult(StatementExecutor.java:139) [fitnesse-20221219-standalone.jar:20221219]
	at fitnesse.slim.StatementExecutor.call(StatementExecutor.java:112) [fitnesse-20221219-standalone.jar:20221219]
	at fitnesse.slim.instructions.CallAndOptionalAssignInstruction.executeInternal(CallAndOptionalAssignInstruction.java:30) [fitnesse-20221219-standalone.jar:20221219]
	at fitnesse.slim.instructions.Instruction.execute(Instruction.java:29) [fitnesse-20221219-standalone.jar:20221219]
	at fitnesse.slim.ListExecutor$Executive.executeStatement(ListExecutor.java:49) [fitnesse-20221219-standalone.jar:20221219]
	at fitnesse.slim.ListExecutor$Executive.executeStatements(ListExecutor.java:43) [fitnesse-20221219-standalone.jar:20221219]
	at fitnesse.slim.ListExecutor.execute(ListExecutor.java:85) [fitnesse-20221219-standalone.jar:20221219]
	at fitnesse.slim.SlimServer.executeInstructions(SlimServer.java:84) [fitnesse-20221219-standalone.jar:20221219]
	at fitnesse.slim.SlimServer.processOneSetOfInstructions(SlimServer.java:77) [fitnesse-20221219-standalone.jar:20221219]
	at fitnesse.slim.SlimServer.tryProcessInstructions(SlimServer.java:64) [fitnesse-20221219-standalone.jar:20221219]
	at fitnesse.slim.SlimServer.serve(SlimServer.java:49) [fitnesse-20221219-standalone.jar:20221219]
	at fitnesse.slim.SlimService.handle(SlimService.java:169) [fitnesse-20221219-standalone.jar:20221219]
	at fitnesse.slim.SlimService.acceptOne(SlimService.java:177) [fitnesse-20221219-standalone.jar:20221219]
	at fitnesse.slim.SlimService.accept(SlimService.java:139) [fitnesse-20221219-standalone.jar:20221219]
	at fitnesse.slim.SlimService.startWithFactory(SlimService.java:92) [fitnesse-20221219-standalone.jar:20221219]
	at fitnesse.slim.SlimService.main(SlimService.java:57) [fitnesse-20221219-standalone.jar:20221219]
Caused by: org.openqa.selenium.NoSuchElementException: no such element: Unable to locate element: {"method":"xpath","selector":"//div[starts-with(@class, 'SiteMenuTab') and contains(translate(text(),'ABCDEFGHIJKLMNOPQRSTUVWXYZ','abcdefghijklmnopqrstuvwxyz'),'suppliers')]"}
  (Session info: chrome=114.0.5735.110)
For documentation on this error, please visit: https://selenium.dev/exceptions/#no_such_element
Build info: version: '4.8.2', revision: '826dbfc730'
System info: os.name: 'Windows 10', os.arch: 'amd64', os.version: '10.0', java.version: '1.8.0_202'
Driver info: org.openqa.selenium.chrome.ChromeDriver
Command: [229d007f9f2abacc79d650e06821b9f4, findElement {using=xpath, value=//div[starts-with(@class, 'SiteMenuTab') and contains(translate(text(),'ABCDEFGHIJKLMNOPQRSTUVWXYZ','abcdefghijklmnopqrstuvwxyz'),'suppliers')]}]
Capabilities {acceptInsecureCerts: false, browserName: chrome, browserVersion: 114.0.5735.110, chrome: {chromedriverVersion: 114.0.5735.90 (386bc09e8f4f..., userDataDir: C:\Users\ashwinir\AppData\L...}, goog:chromeOptions: {debuggerAddress: localhost:53094}, networkConnectionEnabled: false, pageLoadStrategy: normal, platformName: WINDOWS, proxy: Proxy(), se:cdp: ws://localhost:53094/devtoo..., se:cdpVersion: 114.0.5735.110, setWindowRect: true, strictFileInteractability: false, timeouts: {implicit: 0, pageLoad: 300000, script: 30000}, unhandledPromptBehavior: dismiss and notify, webauthn:extension:credBlob: true, webauthn:extension:largeBlob: true, webauthn:extension:minPinLength: true, webauthn:extension:prf: true, webauthn:virtualAuthenticators: true}
Session ID: 229d007f9f2abacc79d650e06821b9f4
	at sun.reflect.GeneratedConstructorAccessor20.newInstance(Unknown Source) ~[?:?]
	at sun.reflect.DelegatingConstructorAccessorImpl.newInstance(Unknown Source) ~[?:1.8.0_202]
	at java.lang.reflect.Constructor.newInstance(Unknown Source) ~[?:1.8.0_202]
	at org.openqa.selenium.remote.codec.w3c.W3CHttpResponseCodec.createException(W3CHttpResponseCodec.java:200) ~[selenium-remote-driver-4.8.2.jar:?]
	at org.openqa.selenium.remote.codec.w3c.W3CHttpResponseCodec.decode(W3CHttpResponseCodec.java:133) ~[selenium-remote-driver-4.8.2.jar:?]
	at org.openqa.selenium.remote.codec.w3c.W3CHttpResponseCodec.decode(W3CHttpResponseCodec.java:53) ~[selenium-remote-driver-4.8.2.jar:?]
	at org.openqa.selenium.remote.HttpCommandExecutor.execute(HttpCommandExecutor.java:193) ~[selenium-remote-driver-4.8.2.jar:?]
	at org.openqa.selenium.remote.service.DriverCommandExecutor.invokeExecute(DriverCommandExecutor.java:183) ~[selenium-remote-driver-4.8.2.jar:?]
	at org.openqa.selenium.remote.service.DriverCommandExecutor.execute(DriverCommandExecutor.java:158) ~[selenium-remote-driver-4.8.2.jar:?]
	at org.openqa.selenium.remote.RemoteWebDriver.execute(RemoteWebDriver.java:543) ~[selenium-remote-driver-4.8.2.jar:?]
	at org.openqa.selenium.remote.ElementLocation$ElementFinder$2.findElement(ElementLocation.java:162) ~[selenium-remote-driver-4.8.2.jar:?]
	at org.openqa.selenium.remote.ElementLocation.findElement(ElementLocation.java:60) ~[selenium-remote-driver-4.8.2.jar:?]
	at org.openqa.selenium.remote.RemoteWebDriver.findElement(RemoteWebDriver.java:352) ~[selenium-remote-driver-4.8.2.jar:?]
	at org.openqa.selenium.remote.RemoteWebDriver.findElement(RemoteWebDriver.java:344) ~[selenium-remote-driver-4.8.2.jar:?]
	at org.openqa.selenium.support.ui.ExpectedConditions$6.apply(ExpectedConditions.java:174) ~[selenium-support-4.8.2.jar:?]
	at org.openqa.selenium.support.ui.ExpectedConditions$6.apply(ExpectedConditions.java:171) ~[selenium-support-4.8.2.jar:?]
	at org.openqa.selenium.support.ui.FluentWait.until(FluentWait.java:208) ~[selenium-support-4.8.2.jar:?]
	... 28 more

</stdOut>
    <stdErr>ERROR StatusLogger Reconfiguration failed: No configuration found for '1d44bcfa' at 'null' in 'null'
SLF4J: Class path contains multiple SLF4J bindings.
SLF4J: Found binding in [jar:file:/C:/FitNesseForAppian/lib/fitnesse-20221219-standalone.jar!/org/slf4j/impl/StaticLoggerBinder.class]
SLF4J: Found binding in [jar:file:/C:/FitNesseForAppian/lib/slf4j-jdk14-1.7.36.jar!/org/slf4j/impl/StaticLoggerBinder.class]
SLF4J: See http://www.slf4j.org/codes.html#multiple_bindings for an explanation.
SLF4J: Actual binding is of type [org.slf4j.impl.JDK14LoggerFactory]
ChromeDriver was started successfully.

Jun 13, 2023 10:42:16 AM org.openqa.selenium.devtools.CdpVersionFinder findNearestMatch
WARNING: Unable to find an exact match for CDP version 114, so returning the closest version found: 111

Jun 13, 2023 10:49:25 AM org.openqa.selenium.os.OsProcess destroy
SEVERE: Unable to kill process java.lang.ProcessImpl@4b544732

ChromeDriver was started successfully.

Jun 13, 2023 10:50:17 AM org.openqa.selenium.devtools.CdpVersionFinder findNearestMatch
WARNING: Unable to find an exact match for CDP version 114, so returning the closest version found: 111

Jun 13, 2023 10:52:20 AM org.openqa.selenium.os.OsProcess destroy
SEVERE: Unable to kill process java.lang.ProcessImpl@2e0652ab

ChromeDriver was started successfully.

Jun 13, 2023 10:53:01 AM org.openqa.selenium.devtools.CdpVersionFinder findNearestMatch
WARNING: Unable to find an exact match for CDP version 114, so returning the closest version found: 111

Jun 13, 2023 10:55:01 AM org.openqa.selenium.os.OsProcess destroy
SEVERE: Unable to kill process java.lang.ProcessImpl@50bb1c1f

ChromeDriver was started successfully.

Jun 13, 2023 10:55:57 AM org.openqa.selenium.devtools.CdpVersionFinder findNearestMatch
WARNING: Unable to find an exact match for CDP version 114, so returning the closest version found: 111

ChromeDriver was started successfully.

Jun 13, 2023 11:00:45 AM org.openqa.selenium.devtools.CdpVersionFinder findNearestMatch
WARNING: Unable to find an exact match for CDP version 114, so returning the closest version found: 111

ChromeDriver was started successfully.

Jun 13, 2023 11:02:50 AM org.openqa.selenium.devtools.CdpVersionFinder findNearestMatch
WARNING: Unable to find an exact match for CDP version 114, so returning the closest version found: 111

ChromeDriver was started successfully.

Jun 13, 2023 11:04:31 AM org.openqa.selenium.devtools.CdpVersionFinder findNearestMatch
WARNING: Unable to find an exact match for CDP version 114, so returning the closest version found: 111

</stdErr>
    <exception>Could not send/receive data with SUT</exception>
    <exception>fitnesse.testsystems.slim.SlimCommunicationException: Could not send/receive data with SUT</exception>
  </executionLog>
  <finalCounts>
    <right>0</right>
    <wrong>0</wrong>
    <ignores>1</ignores>
    <exceptions>4</exceptions>
  </finalCounts>
  <totalRunTimeInMillis>3178566</totalRunTimeInMillis>
</suiteResults>

