<?xml version="1.0"?>
<testResults>
  <FitNesseVersion>v20221219</FitNesseVersion>
  <rootPath>FitNesseForAppian.HomePage.ReviewTask</rootPath>
  <result>
    <counts>
      <right>0</right>
      <wrong>0</wrong>
      <ignores>0</ignores>
      <exceptions>13</exceptions>
    </counts>
    <date>2023-06-12T10:23:01+05:30</date>
    <runTimeInMillis>545000</runTimeInMillis>
    <content>&lt;div class="collapsible closed"&gt;&lt;ul&gt;&lt;li&gt;&lt;a href='#' class='expandall'&gt;Expand&lt;/a&gt;&lt;/li&gt;&lt;li&gt;&lt;a href='#' class='collapseall'&gt;Collapse&lt;/a&gt;&lt;/li&gt;&lt;/ul&gt;
	&lt;p class="title"&gt;Included page: &lt;a href="ScenarioLibrary"&gt;.ScenarioLibrary&lt;/a&gt; &lt;a href="ScenarioLibrary?edit&amp;amp;redirectToReferer=true&amp;amp;redirectAction=" class="edit"&gt;(edit)&lt;/a&gt;&lt;/p&gt;
	&lt;div&gt;&lt;h2 id="0"&gt;These scenarios will be accessible to all test cases in the the FitNesseRoot folder. If you are using a different FitNesseRoot Folder, make sure to copy these files if using any setup scenarios.&lt;/h2&gt;
&lt;br/&gt;&lt;h3 id="1"&gt;Update these variables for your specific test environment&lt;/h3&gt;
&lt;br/&gt;&lt;div class="collapsible"&gt;&lt;ul&gt;&lt;li&gt;&lt;a href='#' class='expandall'&gt;Expand&lt;/a&gt;&lt;/li&gt;&lt;li&gt;&lt;a href='#' class='collapseall'&gt;Collapse&lt;/a&gt;&lt;/li&gt;&lt;/ul&gt;
	&lt;p class="title"&gt;Variables for Scenarios&lt;/p&gt;
	&lt;div&gt;Default browser can be &lt;b&gt;FIREFOX&lt;/b&gt; or &lt;b&gt;CHROME&lt;/b&gt;&lt;br/&gt;&lt;span class="meta"&gt;variable defined: defaultBrowser=FIREFOX&lt;/span&gt;
&lt;br/&gt;&lt;br/&gt;Default Version can be any supported Appian Version in &lt;b&gt;xx.x&lt;/b&gt; format from (21.2 - 23.1)&lt;br/&gt;&lt;span class="meta"&gt;variable defined: defaultVersion=23.1&lt;/span&gt;
&lt;br/&gt;&lt;br/&gt;Default Locale can be &lt;b&gt;en_US&lt;/b&gt; or &lt;b&gt;en_GB&lt;/b&gt;&lt;br/&gt;&lt;span class="meta"&gt;variable defined: defaultLocale=en_US&lt;/span&gt;
&lt;br/&gt;&lt;br/&gt;Default URL should include http or https and /suite (e.g. &lt;b&gt;https://forum.appian.com/suite&lt;/b&gt; )&lt;br/&gt;&lt;span class="meta"&gt;variable defined: defaultUrl=REPLACE_APPIAN_URL&lt;/span&gt;
&lt;br/&gt;&lt;/div&gt;
&lt;/div&gt;
&lt;br/&gt;&lt;h3 id="2"&gt;To use out of the box functionality, do not update the scenarios below&lt;/h3&gt;
&lt;br/&gt;&lt;div class="collapsible"&gt;&lt;ul&gt;&lt;li&gt;&lt;a href='#' class='expandall'&gt;Expand&lt;/a&gt;&lt;/li&gt;&lt;li&gt;&lt;a href='#' class='collapseall'&gt;Collapse&lt;/a&gt;&lt;/li&gt;&lt;/ul&gt;
	&lt;p class="title"&gt;Setup customizable for browser, locale, version, and URL&lt;/p&gt;
	&lt;div&gt;&lt;table&gt;
	&lt;tr class="slimRowTitle"&gt;
		&lt;td&gt;scenario&lt;/td&gt;
		&lt;td&gt;setup for test script for browser&lt;/td&gt;
		&lt;td&gt;browserType&lt;/td&gt;
		&lt;td&gt;locale&lt;/td&gt;
		&lt;td&gt;location&lt;/td&gt;
		&lt;td&gt;version&lt;/td&gt;
		&lt;td&gt;versionNum&lt;/td&gt;
		&lt;td&gt;url&lt;/td&gt;
		&lt;td&gt;appianUrl&lt;/td&gt;
	&lt;/tr&gt;
	&lt;tr class="slimRowColor1"&gt;
		&lt;td&gt;setup with browser&lt;/td&gt;
		&lt;td colspan="8"&gt;@browserType&lt;/td&gt;
	&lt;/tr&gt;
	&lt;tr class="slimRowColor2"&gt;
		&lt;td&gt;set appian locale to&lt;/td&gt;
		&lt;td colspan="8"&gt;@location&lt;/td&gt;
	&lt;/tr&gt;
	&lt;tr class="slimRowColor2"&gt;
		&lt;td&gt;set appian version to&lt;/td&gt;
		&lt;td colspan="8"&gt;@versionNum&lt;/td&gt;
	&lt;/tr&gt;
	&lt;tr class="slimRowColor7"&gt;
		&lt;td&gt;set appian url to&lt;/td&gt;
		&lt;td colspan="8"&gt;@appianUrl&lt;/td&gt;
	&lt;/tr&gt;
	&lt;tr class="slimRowColor1"&gt;
		&lt;td&gt;set timeout seconds to&lt;/td&gt;
		&lt;td colspan="8"&gt;20&lt;/td&gt;
	&lt;/tr&gt;
	&lt;tr class="slimRowColor9"&gt;
		&lt;td colspan="9"&gt;set start datetime&lt;/td&gt;
	&lt;/tr&gt;
&lt;/table&gt;
&lt;/div&gt;
&lt;/div&gt;
&lt;br/&gt;&lt;div class="collapsible"&gt;&lt;ul&gt;&lt;li&gt;&lt;a href='#' class='expandall'&gt;Expand&lt;/a&gt;&lt;/li&gt;&lt;li&gt;&lt;a href='#' class='collapseall'&gt;Collapse&lt;/a&gt;&lt;/li&gt;&lt;/ul&gt;
	&lt;p class="title"&gt;Scenario - Setup using default values&lt;/p&gt;
	&lt;div&gt;&lt;table&gt;
	&lt;tr class="slimRowTitle"&gt;
		&lt;td&gt;scenario&lt;/td&gt;
		&lt;td colspan="7"&gt;setup for test script&lt;/td&gt;
	&lt;/tr&gt;
	&lt;tr class="slimRowColor6"&gt;
		&lt;td&gt;setup for test script for browser&lt;/td&gt;
		&lt;td&gt;FIREFOX&lt;/td&gt;
		&lt;td&gt;locale&lt;/td&gt;
		&lt;td&gt;en_US&lt;/td&gt;
		&lt;td&gt;version&lt;/td&gt;
		&lt;td&gt;23.1&lt;/td&gt;
		&lt;td&gt;url&lt;/td&gt;
		&lt;td&gt;REPLACE_APPIAN_URL&lt;/td&gt;
	&lt;/tr&gt;
&lt;/table&gt;
&lt;/div&gt;
&lt;/div&gt;
&lt;/div&gt;
&lt;/div&gt;
&lt;br/&gt;&lt;div class="collapsible closed"&gt;&lt;ul&gt;&lt;li&gt;&lt;a href='#' class='expandall'&gt;Expand&lt;/a&gt;&lt;/li&gt;&lt;li&gt;&lt;a href='#' class='collapseall'&gt;Collapse&lt;/a&gt;&lt;/li&gt;&lt;/ul&gt;
	&lt;p class="title"&gt;&lt;span class="fitnesse"&gt;FitNesse&lt;/span&gt; Configurations&lt;/p&gt;
	&lt;div&gt;&lt;br/&gt;&lt;span class="meta"&gt;variable defined: TEST_SYSTEM=slim&lt;/span&gt;
&lt;br/&gt;&lt;span class="meta"&gt;variable defined: COMMAND_PATTERN=java -Dlog4j.configuration=file:///${automated.testing.home}/log4j.properties -cp %p %m&lt;/span&gt;
&lt;br/&gt;&lt;span class="meta"&gt;classpath: C:\FitNesseForAppian/**.jar&lt;/span&gt;&lt;br/&gt;&lt;/div&gt;
&lt;/div&gt;
&lt;br/&gt;&lt;div class="collapsible"&gt;&lt;ul&gt;&lt;li&gt;&lt;a href='#' class='expandall'&gt;Expand&lt;/a&gt;&lt;/li&gt;&lt;li&gt;&lt;a href='#' class='collapseall'&gt;Collapse&lt;/a&gt;&lt;/li&gt;&lt;/ul&gt;
	&lt;p class="title"&gt;Initialization and Login to Tempo&lt;/p&gt;
	&lt;div&gt;&lt;br/&gt;&lt;table&gt;
	&lt;tr class="slimRowTitle"&gt;
		&lt;td&gt;script&lt;/td&gt;
		&lt;td colspan="2"&gt;&lt;span class="pass"&gt;com.appiancorp.ps.automatedtest.fixture.SitesFixture&lt;/span&gt;&lt;/td&gt;
	&lt;/tr&gt;
	&lt;tr class="slimRowColor7"&gt;
		&lt;td&gt;setup with&lt;/td&gt;
		&lt;td&gt;CHROME&lt;/td&gt;
		&lt;td&gt;browser&lt;/td&gt;
	&lt;/tr&gt;
	&lt;tr class="slimRowColor7"&gt;
		&lt;td&gt;set appian url to&lt;/td&gt;
		&lt;td colspan="2"&gt;https://appiancoe.vuram.com/suite/sites/d2207kuso-supplier-onboarding&lt;/td&gt;
	&lt;/tr&gt;
	&lt;tr class="slimRowColor2"&gt;
		&lt;td&gt;set appian version to&lt;/td&gt;
		&lt;td colspan="2"&gt;23.2&lt;/td&gt;
	&lt;/tr&gt;
	&lt;tr class="slimRowColor2"&gt;
		&lt;td&gt;set appian locale to&lt;/td&gt;
		&lt;td colspan="2"&gt;en_US&lt;/td&gt;
	&lt;/tr&gt;
	&lt;tr class="slimRowColor9"&gt;
		&lt;td&gt;login with username&lt;/td&gt;
		&lt;td colspan="2"&gt;AshwiniRaviraj&lt;/td&gt;
	&lt;/tr&gt;
&lt;/table&gt;
&lt;/div&gt;
&lt;/div&gt;
&lt;br/&gt;&lt;div class="collapsible"&gt;&lt;ul&gt;&lt;li&gt;&lt;a href='#' class='expandall'&gt;Expand&lt;/a&gt;&lt;/li&gt;&lt;li&gt;&lt;a href='#' class='collapseall'&gt;Collapse&lt;/a&gt;&lt;/li&gt;&lt;/ul&gt;
	&lt;p class="title"&gt;Accredit Supplier &lt;/p&gt;
	&lt;div&gt;&lt;table&gt;
	&lt;tr class="slimRowTitle"&gt;
		&lt;td colspan="6"&gt;script&lt;/td&gt;
	&lt;/tr&gt;
	&lt;tr class="slimRowColor5"&gt;
		&lt;td&gt;click on site page&lt;/td&gt;
		&lt;td colspan="5"&gt;SUPPLIERS&lt;/td&gt;
	&lt;/tr&gt;
	&lt;tr class="slimRowColor6"&gt;
		&lt;td&gt;wait for&lt;/td&gt;
		&lt;td&gt;5&lt;/td&gt;
		&lt;td colspan="4"&gt;seconds&lt;/td&gt;
	&lt;/tr&gt;
	&lt;tr class="slimRowColor5"&gt;
		&lt;td&gt;click on grid&lt;/td&gt;
		&lt;td&gt;[1]&lt;/td&gt;
		&lt;td&gt;column&lt;/td&gt;
		&lt;td&gt;Task&lt;/td&gt;
		&lt;td&gt;row&lt;/td&gt;
		&lt;td&gt;[1]&lt;/td&gt;
	&lt;/tr&gt;
	&lt;tr class="slimRowColor7"&gt;
		&lt;td colspan="6"&gt;wait for working&lt;/td&gt;
	&lt;/tr&gt;
	&lt;tr class="slimRowColor1"&gt;
		&lt;td&gt;click on button&lt;/td&gt;
		&lt;td colspan="5"&gt;ACCREDIT SUPPLIER&lt;/td&gt;
	&lt;/tr&gt;
	&lt;tr class="slimRowColor6"&gt;
		&lt;td colspan="6"&gt;logout&lt;/td&gt;
	&lt;/tr&gt;
	&lt;tr class="slimRowColor0"&gt;
		&lt;td colspan="6"&gt;tear down&lt;/td&gt;
	&lt;/tr&gt;
&lt;/table&gt;
&lt;/div&gt;
&lt;/div&gt;
&lt;br/&gt;&lt;div class="collapsible closed"&gt;&lt;ul&gt;&lt;li&gt;&lt;a href='#' class='expandall'&gt;Expand&lt;/a&gt;&lt;/li&gt;&lt;li&gt;&lt;a href='#' class='collapseall'&gt;Collapse&lt;/a&gt;&lt;/li&gt;&lt;/ul&gt;
	&lt;p class="title"&gt;&lt;span class="fitnesse"&gt;FitNesse&lt;/span&gt; Configurations&lt;/p&gt;
	&lt;div&gt;&lt;br/&gt;&lt;span class="meta"&gt;variable defined: TEST_SYSTEM=slim&lt;/span&gt;
&lt;br/&gt;&lt;span class="meta"&gt;variable defined: COMMAND_PATTERN=java -Dlog4j.configuration=file:///${automated.testing.home}/log4j.properties -cp %p %m&lt;/span&gt;
&lt;br/&gt;&lt;span class="meta"&gt;classpath: C:\FitNesseForAppian/**.jar&lt;/span&gt;&lt;br/&gt;&lt;/div&gt;
&lt;/div&gt;
&lt;br/&gt;&lt;div class="collapsible"&gt;&lt;ul&gt;&lt;li&gt;&lt;a href='#' class='expandall'&gt;Expand&lt;/a&gt;&lt;/li&gt;&lt;li&gt;&lt;a href='#' class='collapseall'&gt;Collapse&lt;/a&gt;&lt;/li&gt;&lt;/ul&gt;
	&lt;p class="title"&gt;Review the accredit task&lt;/p&gt;
	&lt;div&gt;&lt;table&gt;
	&lt;tr class="slimRowTitle"&gt;
		&lt;td&gt;script&lt;/td&gt;
		&lt;td colspan="2"&gt;&lt;span class="pass"&gt;com.appiancorp.ps.automatedtest.fixture.SitesFixture&lt;/span&gt;&lt;/td&gt;
	&lt;/tr&gt;
	&lt;tr class="slimRowColor7"&gt;
		&lt;td&gt;setup with&lt;/td&gt;
		&lt;td&gt;CHROME&lt;/td&gt;
		&lt;td&gt;browser&lt;/td&gt;
	&lt;/tr&gt;
	&lt;tr class="slimRowColor7"&gt;
		&lt;td&gt;set appian url to&lt;/td&gt;
		&lt;td colspan="2"&gt;https://appiancoe.vuram.com/suite/sites/d2207kuso-supplier-onboarding&lt;/td&gt;
	&lt;/tr&gt;
	&lt;tr class="slimRowColor2"&gt;
		&lt;td&gt;set appian version to&lt;/td&gt;
		&lt;td colspan="2"&gt;23.1&lt;/td&gt;
	&lt;/tr&gt;
	&lt;tr class="slimRowColor2"&gt;
		&lt;td&gt;set appian locale to&lt;/td&gt;
		&lt;td colspan="2"&gt;en_US&lt;/td&gt;
	&lt;/tr&gt;
	&lt;tr class="slimRowColor9"&gt;
		&lt;td&gt;login with username&lt;/td&gt;
		&lt;td colspan="2"&gt;AshwiniRaviraj&lt;/td&gt;
	&lt;/tr&gt;
&lt;/table&gt;
&lt;table&gt;
	&lt;tr class="slimRowTitle"&gt;
		&lt;td colspan="6"&gt;script&lt;/td&gt;
	&lt;/tr&gt;
	&lt;tr class="slimRowColor5"&gt;
		&lt;td&gt;click on grid&lt;/td&gt;
		&lt;td&gt;[1]&lt;/td&gt;
		&lt;td&gt;column&lt;/td&gt;
		&lt;td&gt;[1]&lt;/td&gt;
		&lt;td&gt;row&lt;/td&gt;
		&lt;td&gt;[1]&lt;/td&gt;
	&lt;/tr&gt;
	&lt;tr class="slimRowColor2"&gt;
		&lt;td&gt;populate field&lt;/td&gt;
		&lt;td&gt;Independent Contractor/Consultant?&lt;/td&gt;
		&lt;td&gt;with&lt;/td&gt;
		&lt;td colspan="3"&gt;Yes&lt;/td&gt;
	&lt;/tr&gt;
	&lt;tr class="slimRowColor2"&gt;
		&lt;td&gt;populate field&lt;/td&gt;
		&lt;td&gt;Contractor/Consultant working&lt;/td&gt;
		&lt;td&gt;with&lt;/td&gt;
		&lt;td colspan="3"&gt;Project employee&lt;/td&gt;
	&lt;/tr&gt;
	&lt;tr class="slimRowColor2"&gt;
		&lt;td&gt;populate field&lt;/td&gt;
		&lt;td&gt;Australian Government Entity?&lt;/td&gt;
		&lt;td&gt;with&lt;/td&gt;
		&lt;td colspan="3"&gt;Yes&lt;/td&gt;
	&lt;/tr&gt;
	&lt;tr class="slimRowColor2"&gt;
		&lt;td&gt;populate field&lt;/td&gt;
		&lt;td&gt;Accomodation Supplier?&lt;/td&gt;
		&lt;td&gt;with&lt;/td&gt;
		&lt;td colspan="3"&gt;YES&lt;/td&gt;
	&lt;/tr&gt;
	&lt;tr class="slimRowColor2"&gt;
		&lt;td&gt;populate field&lt;/td&gt;
		&lt;td&gt;Review required?&lt;/td&gt;
		&lt;td&gt;with&lt;/td&gt;
		&lt;td colspan="3"&gt;Yes&lt;/td&gt;
	&lt;/tr&gt;
	&lt;tr class="slimRowColor2"&gt;
		&lt;td&gt;populate field &lt;span class="error"&gt;Timeout period reached: Populate Field - Select Reviewers - Ashwini Reviewer&lt;/span&gt;&lt;/td&gt;
		&lt;td&gt;Select Reviewers&lt;/td&gt;
		&lt;td&gt;with&lt;/td&gt;
		&lt;td colspan="3"&gt;Ashwini Reviewer&lt;/td&gt;
	&lt;/tr&gt;
	&lt;tr class="slimRowColor1"&gt;
		&lt;td&gt;click on button &lt;span class="error"&gt;Progress Bar remained for longer than timeout period, investigate performance and test timeout parameter.&lt;/span&gt;&lt;/td&gt;
		&lt;td colspan="5"&gt;NEXT&lt;/td&gt;
	&lt;/tr&gt;
	&lt;tr class="slimRowColor1"&gt;
		&lt;td&gt;click on button &lt;span class="error"&gt;Timeout period reached: Wait for Button - SUBMIT&lt;/span&gt;&lt;/td&gt;
		&lt;td colspan="5"&gt;SUBMIT&lt;/td&gt;
	&lt;/tr&gt;
	&lt;tr class="slimRowColor1"&gt;
		&lt;td&gt;click on button &lt;span class="error"&gt;Timeout period reached: Wait for Button - Yes&lt;/span&gt;&lt;/td&gt;
		&lt;td colspan="5"&gt;Yes&lt;/td&gt;
	&lt;/tr&gt;
	&lt;tr class="slimRowColor6"&gt;
		&lt;td colspan="6"&gt;logout&lt;/td&gt;
	&lt;/tr&gt;
	&lt;tr class="slimRowColor0"&gt;
		&lt;td colspan="6"&gt;tear down&lt;/td&gt;
	&lt;/tr&gt;
&lt;/table&gt;
&lt;/div&gt;
&lt;/div&gt;
&lt;br/&gt;&lt;div class="collapsible closed"&gt;&lt;ul&gt;&lt;li&gt;&lt;a href='#' class='expandall'&gt;Expand&lt;/a&gt;&lt;/li&gt;&lt;li&gt;&lt;a href='#' class='collapseall'&gt;Collapse&lt;/a&gt;&lt;/li&gt;&lt;/ul&gt;
	&lt;p class="title"&gt;&lt;span class="fitnesse"&gt;FitNesse&lt;/span&gt; Configurations&lt;/p&gt;
	&lt;div&gt;&lt;br/&gt;&lt;span class="meta"&gt;variable defined: TEST_SYSTEM=slim&lt;/span&gt;
&lt;br/&gt;&lt;span class="meta"&gt;variable defined: COMMAND_PATTERN=java -Dlog4j.configuration=file:///${automated.testing.home}/log4j.properties -cp %p %m&lt;/span&gt;
&lt;br/&gt;&lt;span class="meta"&gt;classpath: C:\FitNesseForAppian/**.jar&lt;/span&gt;&lt;br/&gt;&lt;/div&gt;
&lt;/div&gt;
&lt;br/&gt;&lt;div class="collapsible"&gt;&lt;ul&gt;&lt;li&gt;&lt;a href='#' class='expandall'&gt;Expand&lt;/a&gt;&lt;/li&gt;&lt;li&gt;&lt;a href='#' class='collapseall'&gt;Collapse&lt;/a&gt;&lt;/li&gt;&lt;/ul&gt;
	&lt;p class="title"&gt;Review home page task&lt;/p&gt;
	&lt;div&gt;&lt;table&gt;
	&lt;tr class="slimRowTitle"&gt;
		&lt;td&gt;script&lt;/td&gt;
		&lt;td colspan="2"&gt;&lt;span class="pass"&gt;com.appiancorp.ps.automatedtest.fixture.SitesFixture&lt;/span&gt;&lt;/td&gt;
	&lt;/tr&gt;
	&lt;tr class="slimRowColor7"&gt;
		&lt;td&gt;setup with&lt;/td&gt;
		&lt;td&gt;CHROME&lt;/td&gt;
		&lt;td&gt;browser&lt;/td&gt;
	&lt;/tr&gt;
	&lt;tr class="slimRowColor7"&gt;
		&lt;td&gt;set appian url to&lt;/td&gt;
		&lt;td colspan="2"&gt;https://appiancoe.vuram.com/suite/sites/d2207kuso-supplier-onboarding&lt;/td&gt;
	&lt;/tr&gt;
	&lt;tr class="slimRowColor2"&gt;
		&lt;td&gt;set appian version to&lt;/td&gt;
		&lt;td colspan="2"&gt;23.1&lt;/td&gt;
	&lt;/tr&gt;
	&lt;tr class="slimRowColor2"&gt;
		&lt;td&gt;set appian locale to&lt;/td&gt;
		&lt;td colspan="2"&gt;en_US&lt;/td&gt;
	&lt;/tr&gt;
	&lt;tr class="slimRowColor9"&gt;
		&lt;td&gt;login with username&lt;/td&gt;
		&lt;td colspan="2"&gt;AshwiniR&lt;/td&gt;
	&lt;/tr&gt;
&lt;/table&gt;
&lt;table&gt;
	&lt;tr class="slimRowTitle"&gt;
		&lt;td colspan="6"&gt;script&lt;/td&gt;
	&lt;/tr&gt;
	&lt;tr class="slimRowColor5"&gt;
		&lt;td&gt;&lt;table&gt;&lt;tr class="exception closed"&gt;&lt;td&gt; &lt;span class="error"&gt;click on grid&lt;/span&gt;&lt;/td&gt;&lt;/tr&gt;&lt;tr class="exception-detail closed-detail"&gt;&lt;td&gt;__EXCEPTION__:org.openqa.selenium.NoSuchElementException: no such element: Unable to locate element: {"method":"xpath","selector":".//img|.//a"}
  (Session info: chrome=114.0.5735.110)
For documentation on this error, please visit: https://selenium.dev/exceptions/#no_such_element
Build info: version: '4.8.2', revision: '826dbfc730'
System info: os.name: 'Windows 10', os.arch: 'amd64', os.version: '10.0', java.version: '1.8.0_202'
Driver info: org.openqa.selenium.chrome.ChromeDriver
Command: [cf05f637a01cd1b6ca8e93cbf6d41adb, findChildElement {id=C6A4FF866D2308D286C60EA4A9FDB7C4_element_49, using=xpath, value=.//img|.//a}]
Capabilities {acceptInsecureCerts: false, browserName: chrome, browserVersion: 114.0.5735.110, chrome: {chromedriverVersion: 114.0.5735.90 (386bc09e8f4f..., userDataDir: C:\Users\ashwinir\AppData\L...}, goog:chromeOptions: {debuggerAddress: localhost:61244}, networkConnectionEnabled: false, pageLoadStrategy: normal, platformName: WINDOWS, proxy: Proxy(), se:cdp: ws://localhost:61244/devtoo..., se:cdpVersion: 114.0.5735.110, setWindowRect: true, strictFileInteractability: false, timeouts: {implicit: 0, pageLoad: 300000, script: 30000}, unhandledPromptBehavior: dismiss and notify, webauthn:extension:credBlob: true, webauthn:extension:largeBlob: true, webauthn:extension:minPinLength: true, webauthn:extension:prf: true, webauthn:virtualAuthenticators: true}
Session ID: cf05f637a01cd1b6ca8e93cbf6d41adb
	at sun.reflect.GeneratedConstructorAccessor20.newInstance(Unknown Source) [n/a]
	at sun.reflect.DelegatingConstructorAccessorImpl.newInstance(Unknown Source) [rt.jar:1.8.0_202]
	at java.lang.reflect.Constructor.newInstance(Unknown Source) [rt.jar:1.8.0_202]
	at org.openqa.selenium.remote.codec.w3c.W3CHttpResponseCodec.createException(W3CHttpResponseCodec.java:200) [selenium-remote-driver-4.8.2.jar]
	at org.openqa.selenium.remote.codec.w3c.W3CHttpResponseCodec.decode(W3CHttpResponseCodec.java:133) [selenium-remote-driver-4.8.2.jar]
	at org.openqa.selenium.remote.codec.w3c.W3CHttpResponseCodec.decode(W3CHttpResponseCodec.java:53) [selenium-remote-driver-4.8.2.jar]
	at org.openqa.selenium.remote.HttpCommandExecutor.execute(HttpCommandExecutor.java:193) [selenium-remote-driver-4.8.2.jar]
	at org.openqa.selenium.remote.service.DriverCommandExecutor.invokeExecute(DriverCommandExecutor.java:183) [selenium-remote-driver-4.8.2.jar]
	at org.openqa.selenium.remote.service.DriverCommandExecutor.execute(DriverCommandExecutor.java:158) [selenium-remote-driver-4.8.2.jar]
	at org.openqa.selenium.remote.RemoteWebDriver.execute(RemoteWebDriver.java:543) [selenium-remote-driver-4.8.2.jar]
	at org.openqa.selenium.remote.ElementLocation$ElementFinder$2.findElement(ElementLocation.java:162) [selenium-remote-driver-4.8.2.jar]
	at org.openqa.selenium.remote.ElementLocation.findElement(ElementLocation.java:60) [selenium-remote-driver-4.8.2.jar]
	at org.openqa.selenium.remote.RemoteWebDriver.findElement(RemoteWebDriver.java:352) [selenium-remote-driver-4.8.2.jar]
	at org.openqa.selenium.remote.RemoteWebElement.findElement(RemoteWebElement.java:227) [selenium-remote-driver-4.8.2.jar]
	at com.appiancorp.ps.automatedtest.tempo.interfaces.TempoGridCell.click(TempoGridCell.java:130) [appian-selenium-api-23.1.2.jar]
	at com.appiancorp.ps.automatedtest.fixture.TempoFixture.clickOnGridColumnRow(TempoFixture.java:1997) [appian-selenium-api-23.1.2.jar]
	at sun.reflect.NativeMethodAccessorImpl.invoke0(Native Method) [rt.jar:1.8.0_202]
	at sun.reflect.NativeMethodAccessorImpl.invoke(Unknown Source) [rt.jar:1.8.0_202]
	at sun.reflect.DelegatingMethodAccessorImpl.invoke(Unknown Source) [rt.jar:1.8.0_202]
	at java.lang.reflect.Method.invoke(Unknown Source) [rt.jar:1.8.0_202]
	at fitnesse.slim.fixtureInteraction.SimpleInteraction.methodInvoke(SimpleInteraction.java:322) [fitnesse-20221219-standalone.jar:20221219]
	at fitnesse.slim.fixtureInteraction.SimpleInteraction.callMethod(SimpleInteraction.java:307) [fitnesse-20221219-standalone.jar:20221219]
	at fitnesse.slim.fixtureInteraction.SimpleInteraction.invokeMethod(SimpleInteraction.java:290) [fitnesse-20221219-standalone.jar:20221219]
	at fitnesse.slim.fixtureInteraction.SimpleInteraction.findAndInvoke(SimpleInteraction.java:217) [fitnesse-20221219-standalone.jar:20221219]
	at fitnesse.slim.MethodExecutor.findAndInvoke(MethodExecutor.java:18) [fitnesse-20221219-standalone.jar:20221219]
	at fitnesse.slim.FixtureMethodExecutor.execute(FixtureMethodExecutor.java:18) [fitnesse-20221219-standalone.jar:20221219]
	at fitnesse.slim.StatementExecutor.getMethodExecutionResult(StatementExecutor.java:139) [fitnesse-20221219-standalone.jar:20221219]
	at fitnesse.slim.StatementExecutor.call(StatementExecutor.java:112) [fitnesse-20221219-standalone.jar:20221219]
	at fitnesse.slim.instructions.CallAndOptionalAssignInstruction.executeInternal(CallAndOptionalAssignInstruction.java:30) [fitnesse-20221219-standalone.jar:20221219]
	at fitnesse.slim.instructions.Instruction.execute(Instruction.java:29) [fitnesse-20221219-standalone.jar:20221219]
	at fitnesse.slim.ListExecutor$Executive.executeStatement(ListExecutor.java:49) [fitnesse-20221219-standalone.jar:20221219]
	at fitnesse.slim.ListExecutor$Executive.executeStatements(ListExecutor.java:43) [fitnesse-20221219-standalone.jar:20221219]
	at fitnesse.slim.ListExecutor.execute(ListExecutor.java:85) [fitnesse-20221219-standalone.jar:20221219]
	at fitnesse.slim.SlimServer.executeInstructions(SlimServer.java:84) [fitnesse-20221219-standalone.jar:20221219]
	at fitnesse.slim.SlimServer.processOneSetOfInstructions(SlimServer.java:77) [fitnesse-20221219-standalone.jar:20221219]
	at fitnesse.slim.SlimServer.tryProcessInstructions(SlimServer.java:64) [fitnesse-20221219-standalone.jar:20221219]
	at fitnesse.slim.SlimServer.serve(SlimServer.java:49) [fitnesse-20221219-standalone.jar:20221219]
	at fitnesse.slim.SlimService.handle(SlimService.java:169) [fitnesse-20221219-standalone.jar:20221219]
	at fitnesse.slim.SlimService.acceptOne(SlimService.java:177) [fitnesse-20221219-standalone.jar:20221219]
	at fitnesse.slim.SlimService.accept(SlimService.java:139) [fitnesse-20221219-standalone.jar:20221219]
	at fitnesse.slim.SlimService.startWithFactory(SlimService.java:92) [fitnesse-20221219-standalone.jar:20221219]
	at fitnesse.slim.SlimService.main(SlimService.java:57) [fitnesse-20221219-standalone.jar:20221219]&lt;/td&lt;/tr&gt;&lt;/table&gt;&lt;/td&gt;
		&lt;td&gt;[1]&lt;/td&gt;
		&lt;td&gt;column&lt;/td&gt;
		&lt;td&gt;Task&lt;/td&gt;
		&lt;td&gt;row&lt;/td&gt;
		&lt;td&gt;[1]&lt;/td&gt;
	&lt;/tr&gt;
	&lt;tr class="slimRowColor3"&gt;
		&lt;td&gt;click on link &lt;span class="error"&gt;Timeout period reached: Wait for Link - Association document&lt;/span&gt;&lt;/td&gt;
		&lt;td colspan="5"&gt;Association document&lt;/td&gt;
	&lt;/tr&gt;
	&lt;tr class="slimRowColor6"&gt;
		&lt;td&gt;wait for&lt;/td&gt;
		&lt;td&gt;10&lt;/td&gt;
		&lt;td colspan="4"&gt;seconds&lt;/td&gt;
	&lt;/tr&gt;
	&lt;tr class="slimRowColor1"&gt;
		&lt;td&gt;click on button &lt;span class="error"&gt;Timeout period reached: Wait for Button - NEXT&lt;/span&gt;&lt;/td&gt;
		&lt;td colspan="5"&gt;NEXT&lt;/td&gt;
	&lt;/tr&gt;
	&lt;tr class="slimRowColor1"&gt;
		&lt;td&gt;click on button &lt;span class="error"&gt;Timeout period reached: Wait for Button - NEXT&lt;/span&gt;&lt;/td&gt;
		&lt;td colspan="5"&gt;NEXT&lt;/td&gt;
	&lt;/tr&gt;
	&lt;tr class="slimRowColor1"&gt;
		&lt;td&gt;click on button &lt;span class="error"&gt;Timeout period reached: Wait for Button - NEXT&lt;/span&gt;&lt;/td&gt;
		&lt;td colspan="5"&gt;NEXT&lt;/td&gt;
	&lt;/tr&gt;
	&lt;tr class="slimRowColor1"&gt;
		&lt;td&gt;click on button &lt;span class="error"&gt;Timeout period reached: Wait for Button - NEXT&lt;/span&gt;&lt;/td&gt;
		&lt;td colspan="5"&gt;NEXT&lt;/td&gt;
	&lt;/tr&gt;
	&lt;tr class="slimRowColor1"&gt;
		&lt;td&gt;click on button &lt;span class="error"&gt;Timeout period reached: Wait for Button - NEXT&lt;/span&gt;&lt;/td&gt;
		&lt;td colspan="5"&gt;NEXT&lt;/td&gt;
	&lt;/tr&gt;
	&lt;tr class="slimRowColor1"&gt;
		&lt;td&gt;click on button &lt;span class="error"&gt;Timeout period reached: Wait for Button - NEXT&lt;/span&gt;&lt;/td&gt;
		&lt;td colspan="5"&gt;NEXT&lt;/td&gt;
	&lt;/tr&gt;
	&lt;tr class="slimRowColor1"&gt;
		&lt;td&gt;click on button &lt;span class="error"&gt;Timeout period reached: Wait for Button - ACCREDIT&lt;/span&gt;&lt;/td&gt;
		&lt;td colspan="5"&gt;ACCREDIT&lt;/td&gt;
	&lt;/tr&gt;
	&lt;tr class="slimRowColor6"&gt;
		&lt;td colspan="6"&gt;logout&lt;/td&gt;
	&lt;/tr&gt;
	&lt;tr class="slimRowColor0"&gt;
		&lt;td colspan="6"&gt;tear down&lt;/td&gt;
	&lt;/tr&gt;
&lt;/table&gt;
&lt;/div&gt;
&lt;/div&gt;
                                                                               |&lt;br/&gt; &lt;br/&gt;</content>
    <relativePageName>ReviewTask</relativePageName>
    <instructions>
      <instructionResult>
        <instruction>{id='scriptTable_2_0', instruction='make', instanceName='scriptTableActor', className='com.appiancorp.ps.automatedtest.fixture.SitesFixture', args=[]}</instruction>
        <slimResult>pass(com.appiancorp.ps.automatedtest.fixture.SitesFixture)</slimResult>
        <expectation>
          <status>pass</status>
          <instructionId>scriptTable_2_0</instructionId>
          <col>1</col>
          <row>0</row>
          <type>ConstructionExpectation</type>
          <evaluationMessage>com.appiancorp.ps.automatedtest.fixture.SitesFixture</evaluationMessage>
        </expectation>
      </instructionResult>
      <instructionResult>
        <instruction>{id='scriptTable_2_1', instruction='call', instanceName='scriptTableActor', methodName='setupWithBrowser', args=[CHROME]}</instruction>
        <slimResult></slimResult>
        <expectation>
          <instructionId>scriptTable_2_1</instructionId>
          <col>0</col>
          <row>1</row>
          <type>ScriptActionExpectation</type>
        </expectation>
      </instructionResult>
      <instructionResult>
        <instruction>{id='scriptTable_2_2', instruction='call', instanceName='scriptTableActor', methodName='setAppianUrlTo', args=[https://appiancoe.vuram.com/suite/sites/d2207kuso-supplier-onboarding]}</instruction>
        <slimResult></slimResult>
        <expectation>
          <instructionId>scriptTable_2_2</instructionId>
          <col>0</col>
          <row>2</row>
          <type>ScriptActionExpectation</type>
        </expectation>
      </instructionResult>
      <instructionResult>
        <instruction>{id='scriptTable_2_3', instruction='call', instanceName='scriptTableActor', methodName='setAppianVersionTo', args=[23.2]}</instruction>
        <slimResult></slimResult>
        <expectation>
          <instructionId>scriptTable_2_3</instructionId>
          <col>0</col>
          <row>3</row>
          <type>ScriptActionExpectation</type>
        </expectation>
      </instructionResult>
      <instructionResult>
        <instruction>{id='scriptTable_2_4', instruction='call', instanceName='scriptTableActor', methodName='setAppianLocaleTo', args=[en_US]}</instruction>
        <slimResult></slimResult>
        <expectation>
          <instructionId>scriptTable_2_4</instructionId>
          <col>0</col>
          <row>4</row>
          <type>ScriptActionExpectation</type>
        </expectation>
      </instructionResult>
      <instructionResult>
        <instruction>{id='scriptTable_2_5', instruction='call', instanceName='scriptTableActor', methodName='loginWithUsername', args=[AshwiniRaviraj]}</instruction>
        <slimResult></slimResult>
        <expectation>
          <instructionId>scriptTable_2_5</instructionId>
          <col>0</col>
          <row>5</row>
          <type>ScriptActionExpectation</type>
        </expectation>
      </instructionResult>
      <instructionResult>
        <instruction>{id='scriptTable_3_0', instruction='call', instanceName='scriptTableActor', methodName='clickOnSitePage', args=[SUPPLIERS]}</instruction>
        <slimResult></slimResult>
        <expectation>
          <instructionId>scriptTable_3_0</instructionId>
          <col>0</col>
          <row>1</row>
          <type>ScriptActionExpectation</type>
        </expectation>
      </instructionResult>
      <instructionResult>
        <instruction>{id='scriptTable_3_1', instruction='call', instanceName='scriptTableActor', methodName='waitForSeconds', args=[5]}</instruction>
        <slimResult></slimResult>
        <expectation>
          <instructionId>scriptTable_3_1</instructionId>
          <col>0</col>
          <row>2</row>
          <type>ScriptActionExpectation</type>
        </expectation>
      </instructionResult>
      <instructionResult>
        <instruction>{id='scriptTable_3_2', instruction='call', instanceName='scriptTableActor', methodName='clickOnGridColumnRow', args=[[1], Task, [1]]}</instruction>
        <slimResult></slimResult>
        <expectation>
          <instructionId>scriptTable_3_2</instructionId>
          <col>0</col>
          <row>3</row>
          <type>ScriptActionExpectation</type>
        </expectation>
      </instructionResult>
      <instructionResult>
        <instruction>{id='scriptTable_3_3', instruction='call', instanceName='scriptTableActor', methodName='waitForWorking', args=[]}</instruction>
        <slimResult></slimResult>
        <expectation>
          <instructionId>scriptTable_3_3</instructionId>
          <col>0</col>
          <row>4</row>
          <type>ScriptActionExpectation</type>
        </expectation>
      </instructionResult>
      <instructionResult>
        <instruction>{id='scriptTable_3_4', instruction='call', instanceName='scriptTableActor', methodName='clickOnButton', args=[ACCREDIT SUPPLIER]}</instruction>
        <slimResult></slimResult>
        <expectation>
          <instructionId>scriptTable_3_4</instructionId>
          <col>0</col>
          <row>5</row>
          <type>ScriptActionExpectation</type>
        </expectation>
      </instructionResult>
      <instructionResult>
        <instruction>{id='scriptTable_3_5', instruction='call', instanceName='scriptTableActor', methodName='logout', args=[]}</instruction>
        <slimResult></slimResult>
        <expectation>
          <instructionId>scriptTable_3_5</instructionId>
          <col>0</col>
          <row>6</row>
          <type>ScriptActionExpectation</type>
        </expectation>
      </instructionResult>
      <instructionResult>
        <instruction>{id='scriptTable_3_6', instruction='call', instanceName='scriptTableActor', methodName='tearDown', args=[]}</instruction>
        <slimResult></slimResult>
        <expectation>
          <instructionId>scriptTable_3_6</instructionId>
          <col>0</col>
          <row>7</row>
          <type>ScriptActionExpectation</type>
        </expectation>
      </instructionResult>
      <instructionResult>
        <instruction>{id='scriptTable_4_0', instruction='make', instanceName='scriptTableActor', className='com.appiancorp.ps.automatedtest.fixture.SitesFixture', args=[]}</instruction>
        <slimResult>pass(com.appiancorp.ps.automatedtest.fixture.SitesFixture)</slimResult>
        <expectation>
          <status>pass</status>
          <instructionId>scriptTable_4_0</instructionId>
          <col>1</col>
          <row>0</row>
          <type>ConstructionExpectation</type>
          <evaluationMessage>com.appiancorp.ps.automatedtest.fixture.SitesFixture</evaluationMessage>
        </expectation>
      </instructionResult>
      <instructionResult>
        <instruction>{id='scriptTable_4_1', instruction='call', instanceName='scriptTableActor', methodName='setupWithBrowser', args=[CHROME]}</instruction>
        <slimResult></slimResult>
        <expectation>
          <instructionId>scriptTable_4_1</instructionId>
          <col>0</col>
          <row>1</row>
          <type>ScriptActionExpectation</type>
        </expectation>
      </instructionResult>
      <instructionResult>
        <instruction>{id='scriptTable_4_2', instruction='call', instanceName='scriptTableActor', methodName='setAppianUrlTo', args=[https://appiancoe.vuram.com/suite/sites/d2207kuso-supplier-onboarding]}</instruction>
        <slimResult></slimResult>
        <expectation>
          <instructionId>scriptTable_4_2</instructionId>
          <col>0</col>
          <row>2</row>
          <type>ScriptActionExpectation</type>
        </expectation>
      </instructionResult>
      <instructionResult>
        <instruction>{id='scriptTable_4_3', instruction='call', instanceName='scriptTableActor', methodName='setAppianVersionTo', args=[23.1]}</instruction>
        <slimResult></slimResult>
        <expectation>
          <instructionId>scriptTable_4_3</instructionId>
          <col>0</col>
          <row>3</row>
          <type>ScriptActionExpectation</type>
        </expectation>
      </instructionResult>
      <instructionResult>
        <instruction>{id='scriptTable_4_4', instruction='call', instanceName='scriptTableActor', methodName='setAppianLocaleTo', args=[en_US]}</instruction>
        <slimResult></slimResult>
        <expectation>
          <instructionId>scriptTable_4_4</instructionId>
          <col>0</col>
          <row>4</row>
          <type>ScriptActionExpectation</type>
        </expectation>
      </instructionResult>
      <instructionResult>
        <instruction>{id='scriptTable_4_5', instruction='call', instanceName='scriptTableActor', methodName='loginWithUsername', args=[AshwiniRaviraj]}</instruction>
        <slimResult></slimResult>
        <expectation>
          <instructionId>scriptTable_4_5</instructionId>
          <col>0</col>
          <row>5</row>
          <type>ScriptActionExpectation</type>
        </expectation>
      </instructionResult>
      <instructionResult>
        <instruction>{id='scriptTable_5_0', instruction='call', instanceName='scriptTableActor', methodName='clickOnGridColumnRow', args=[[1], [1], [1]]}</instruction>
        <slimResult></slimResult>
        <expectation>
          <instructionId>scriptTable_5_0</instructionId>
          <col>0</col>
          <row>1</row>
          <type>ScriptActionExpectation</type>
        </expectation>
      </instructionResult>
      <instructionResult>
        <instruction>{id='scriptTable_5_1', instruction='call', instanceName='scriptTableActor', methodName='populateFieldWith', args=[Independent Contractor/Consultant?, Yes]}</instruction>
        <slimResult></slimResult>
        <expectation>
          <instructionId>scriptTable_5_1</instructionId>
          <col>0</col>
          <row>2</row>
          <type>ScriptActionExpectation</type>
        </expectation>
      </instructionResult>
      <instructionResult>
        <instruction>{id='scriptTable_5_2', instruction='call', instanceName='scriptTableActor', methodName='populateFieldWith', args=[Contractor/Consultant working, Project employee]}</instruction>
        <slimResult></slimResult>
        <expectation>
          <instructionId>scriptTable_5_2</instructionId>
          <col>0</col>
          <row>3</row>
          <type>ScriptActionExpectation</type>
        </expectation>
      </instructionResult>
      <instructionResult>
        <instruction>{id='scriptTable_5_3', instruction='call', instanceName='scriptTableActor', methodName='populateFieldWith', args=[Australian Government Entity?, Yes]}</instruction>
        <slimResult></slimResult>
        <expectation>
          <instructionId>scriptTable_5_3</instructionId>
          <col>0</col>
          <row>4</row>
          <type>ScriptActionExpectation</type>
        </expectation>
      </instructionResult>
      <instructionResult>
        <instruction>{id='scriptTable_5_4', instruction='call', instanceName='scriptTableActor', methodName='populateFieldWith', args=[Accomodation Supplier?, YES]}</instruction>
        <slimResult></slimResult>
        <expectation>
          <instructionId>scriptTable_5_4</instructionId>
          <col>0</col>
          <row>5</row>
          <type>ScriptActionExpectation</type>
        </expectation>
      </instructionResult>
      <instructionResult>
        <instruction>{id='scriptTable_5_5', instruction='call', instanceName='scriptTableActor', methodName='populateFieldWith', args=[Review required?, Yes]}</instruction>
        <slimResult></slimResult>
        <expectation>
          <instructionId>scriptTable_5_5</instructionId>
          <col>0</col>
          <row>6</row>
          <type>ScriptActionExpectation</type>
        </expectation>
      </instructionResult>
      <instructionResult>
        <instruction>{id='scriptTable_5_6', instruction='call', instanceName='scriptTableActor', methodName='populateFieldWith', args=[Select Reviewers, Ashwini Reviewer]}</instruction>
        <slimResult></slimResult>
        <expectation>
          <status>error</status>
          <instructionId>scriptTable_5_6</instructionId>
          <type>ScriptActionExpectation</type>
          <evaluationMessage>Timeout period reached: Populate Field - Select Reviewers - Ashwini Reviewer</evaluationMessage>
        </expectation>
      </instructionResult>
      <instructionResult>
        <instruction>{id='scriptTable_5_7', instruction='call', instanceName='scriptTableActor', methodName='clickOnButton', args=[NEXT]}</instruction>
        <slimResult></slimResult>
        <expectation>
          <status>error</status>
          <instructionId>scriptTable_5_7</instructionId>
          <type>ScriptActionExpectation</type>
          <evaluationMessage>Progress Bar remained for longer than timeout period, investigate performance and test timeout parameter.</evaluationMessage>
        </expectation>
      </instructionResult>
      <instructionResult>
        <instruction>{id='scriptTable_5_8', instruction='call', instanceName='scriptTableActor', methodName='clickOnButton', args=[SUBMIT]}</instruction>
        <slimResult></slimResult>
        <expectation>
          <status>error</status>
          <instructionId>scriptTable_5_8</instructionId>
          <type>ScriptActionExpectation</type>
          <evaluationMessage>Timeout period reached: Wait for Button - SUBMIT</evaluationMessage>
        </expectation>
      </instructionResult>
      <instructionResult>
        <instruction>{id='scriptTable_5_9', instruction='call', instanceName='scriptTableActor', methodName='clickOnButton', args=[Yes]}</instruction>
        <slimResult></slimResult>
        <expectation>
          <status>error</status>
          <instructionId>scriptTable_5_9</instructionId>
          <type>ScriptActionExpectation</type>
          <evaluationMessage>Timeout period reached: Wait for Button - Yes</evaluationMessage>
        </expectation>
      </instructionResult>
      <instructionResult>
        <instruction>{id='scriptTable_5_10', instruction='call', instanceName='scriptTableActor', methodName='logout', args=[]}</instruction>
        <slimResult></slimResult>
        <expectation>
          <instructionId>scriptTable_5_10</instructionId>
          <col>0</col>
          <row>11</row>
          <type>ScriptActionExpectation</type>
        </expectation>
      </instructionResult>
      <instructionResult>
        <instruction>{id='scriptTable_5_11', instruction='call', instanceName='scriptTableActor', methodName='tearDown', args=[]}</instruction>
        <slimResult></slimResult>
        <expectation>
          <instructionId>scriptTable_5_11</instructionId>
          <col>0</col>
          <row>12</row>
          <type>ScriptActionExpectation</type>
        </expectation>
      </instructionResult>
      <instructionResult>
        <instruction>{id='scriptTable_6_0', instruction='make', instanceName='scriptTableActor', className='com.appiancorp.ps.automatedtest.fixture.SitesFixture', args=[]}</instruction>
        <slimResult>pass(com.appiancorp.ps.automatedtest.fixture.SitesFixture)</slimResult>
        <expectation>
          <status>pass</status>
          <instructionId>scriptTable_6_0</instructionId>
          <col>1</col>
          <row>0</row>
          <type>ConstructionExpectation</type>
          <evaluationMessage>com.appiancorp.ps.automatedtest.fixture.SitesFixture</evaluationMessage>
        </expectation>
      </instructionResult>
      <instructionResult>
        <instruction>{id='scriptTable_6_1', instruction='call', instanceName='scriptTableActor', methodName='setupWithBrowser', args=[CHROME]}</instruction>
        <slimResult></slimResult>
        <expectation>
          <instructionId>scriptTable_6_1</instructionId>
          <col>0</col>
          <row>1</row>
          <type>ScriptActionExpectation</type>
        </expectation>
      </instructionResult>
      <instructionResult>
        <instruction>{id='scriptTable_6_2', instruction='call', instanceName='scriptTableActor', methodName='setAppianUrlTo', args=[https://appiancoe.vuram.com/suite/sites/d2207kuso-supplier-onboarding]}</instruction>
        <slimResult></slimResult>
        <expectation>
          <instructionId>scriptTable_6_2</instructionId>
          <col>0</col>
          <row>2</row>
          <type>ScriptActionExpectation</type>
        </expectation>
      </instructionResult>
      <instructionResult>
        <instruction>{id='scriptTable_6_3', instruction='call', instanceName='scriptTableActor', methodName='setAppianVersionTo', args=[23.1]}</instruction>
        <slimResult></slimResult>
        <expectation>
          <instructionId>scriptTable_6_3</instructionId>
          <col>0</col>
          <row>3</row>
          <type>ScriptActionExpectation</type>
        </expectation>
      </instructionResult>
      <instructionResult>
        <instruction>{id='scriptTable_6_4', instruction='call', instanceName='scriptTableActor', methodName='setAppianLocaleTo', args=[en_US]}</instruction>
        <slimResult></slimResult>
        <expectation>
          <instructionId>scriptTable_6_4</instructionId>
          <col>0</col>
          <row>4</row>
          <type>ScriptActionExpectation</type>
        </expectation>
      </instructionResult>
      <instructionResult>
        <instruction>{id='scriptTable_6_5', instruction='call', instanceName='scriptTableActor', methodName='loginWithUsername', args=[AshwiniR]}</instruction>
        <slimResult></slimResult>
        <expectation>
          <instructionId>scriptTable_6_5</instructionId>
          <col>0</col>
          <row>5</row>
          <type>ScriptActionExpectation</type>
        </expectation>
      </instructionResult>
      <instructionResult>
        <instruction>{id='scriptTable_7_0', instruction='call', instanceName='scriptTableActor', methodName='clickOnGridColumnRow', args=[[1], Task, [1]]}</instruction>
        <slimResult></slimResult>
        <expectation>
          <status>error</status>
          <instructionId>scriptTable_7_0</instructionId>
          <type>ScriptActionExpectation</type>
        </expectation>
      </instructionResult>
      <instructionResult>
        <instruction>{id='scriptTable_7_1', instruction='call', instanceName='scriptTableActor', methodName='clickOnLink', args=[Association document]}</instruction>
        <slimResult></slimResult>
        <expectation>
          <status>error</status>
          <instructionId>scriptTable_7_1</instructionId>
          <type>ScriptActionExpectation</type>
          <evaluationMessage>Timeout period reached: Wait for Link - Association document</evaluationMessage>
        </expectation>
      </instructionResult>
      <instructionResult>
        <instruction>{id='scriptTable_7_2', instruction='call', instanceName='scriptTableActor', methodName='waitForSeconds', args=[10]}</instruction>
        <slimResult></slimResult>
        <expectation>
          <instructionId>scriptTable_7_2</instructionId>
          <col>0</col>
          <row>3</row>
          <type>ScriptActionExpectation</type>
        </expectation>
      </instructionResult>
      <instructionResult>
        <instruction>{id='scriptTable_7_3', instruction='call', instanceName='scriptTableActor', methodName='clickOnButton', args=[NEXT]}</instruction>
        <slimResult></slimResult>
        <expectation>
          <status>error</status>
          <instructionId>scriptTable_7_3</instructionId>
          <type>ScriptActionExpectation</type>
          <evaluationMessage>Timeout period reached: Wait for Button - NEXT</evaluationMessage>
        </expectation>
      </instructionResult>
      <instructionResult>
        <instruction>{id='scriptTable_7_4', instruction='call', instanceName='scriptTableActor', methodName='clickOnButton', args=[NEXT]}</instruction>
        <slimResult></slimResult>
        <expectation>
          <status>error</status>
          <instructionId>scriptTable_7_4</instructionId>
          <type>ScriptActionExpectation</type>
          <evaluationMessage>Timeout period reached: Wait for Button - NEXT</evaluationMessage>
        </expectation>
      </instructionResult>
      <instructionResult>
        <instruction>{id='scriptTable_7_5', instruction='call', instanceName='scriptTableActor', methodName='clickOnButton', args=[NEXT]}</instruction>
        <slimResult></slimResult>
        <expectation>
          <status>error</status>
          <instructionId>scriptTable_7_5</instructionId>
          <type>ScriptActionExpectation</type>
          <evaluationMessage>Timeout period reached: Wait for Button - NEXT</evaluationMessage>
        </expectation>
      </instructionResult>
      <instructionResult>
        <instruction>{id='scriptTable_7_6', instruction='call', instanceName='scriptTableActor', methodName='clickOnButton', args=[NEXT]}</instruction>
        <slimResult></slimResult>
        <expectation>
          <status>error</status>
          <instructionId>scriptTable_7_6</instructionId>
          <type>ScriptActionExpectation</type>
          <evaluationMessage>Timeout period reached: Wait for Button - NEXT</evaluationMessage>
        </expectation>
      </instructionResult>
      <instructionResult>
        <instruction>{id='scriptTable_7_7', instruction='call', instanceName='scriptTableActor', methodName='clickOnButton', args=[NEXT]}</instruction>
        <slimResult></slimResult>
        <expectation>
          <status>error</status>
          <instructionId>scriptTable_7_7</instructionId>
          <type>ScriptActionExpectation</type>
          <evaluationMessage>Timeout period reached: Wait for Button - NEXT</evaluationMessage>
        </expectation>
      </instructionResult>
      <instructionResult>
        <instruction>{id='scriptTable_7_8', instruction='call', instanceName='scriptTableActor', methodName='clickOnButton', args=[NEXT]}</instruction>
        <slimResult></slimResult>
        <expectation>
          <status>error</status>
          <instructionId>scriptTable_7_8</instructionId>
          <type>ScriptActionExpectation</type>
          <evaluationMessage>Timeout period reached: Wait for Button - NEXT</evaluationMessage>
        </expectation>
      </instructionResult>
      <instructionResult>
        <instruction>{id='scriptTable_7_9', instruction='call', instanceName='scriptTableActor', methodName='clickOnButton', args=[ACCREDIT]}</instruction>
        <slimResult></slimResult>
        <expectation>
          <status>error</status>
          <instructionId>scriptTable_7_9</instructionId>
          <type>ScriptActionExpectation</type>
          <evaluationMessage>Timeout period reached: Wait for Button - ACCREDIT</evaluationMessage>
        </expectation>
      </instructionResult>
      <instructionResult>
        <instruction>{id='scriptTable_7_10', instruction='call', instanceName='scriptTableActor', methodName='logout', args=[]}</instruction>
        <slimResult></slimResult>
        <expectation>
          <instructionId>scriptTable_7_10</instructionId>
          <col>0</col>
          <row>11</row>
          <type>ScriptActionExpectation</type>
        </expectation>
      </instructionResult>
      <instructionResult>
        <instruction>{id='scriptTable_7_11', instruction='call', instanceName='scriptTableActor', methodName='tearDown', args=[]}</instruction>
        <slimResult></slimResult>
        <expectation>
          <instructionId>scriptTable_7_11</instructionId>
          <col>0</col>
          <row>12</row>
          <type>ScriptActionExpectation</type>
        </expectation>
      </instructionResult>
    </instructions>
  </result>
  <executionLog>
    <testSystem>slim:fitnesse.slim.SlimService</testSystem>
    <command>java -Dlog4j.configuration=file:///C:\FitNesseForAppian/log4j.properties -cp C:\FitNesseForAppian\lib\accessors-smart-2.4.9.jar;C:\FitNesseForAppian\lib\asm-9.3.jar;C:\FitNesseForAppian\lib\async-http-client-2.12.3.jar;C:\FitNesseForAppian\lib\async-http-client-netty-utils-2.12.3.jar;C:\FitNesseForAppian\lib\auto-common-1.2.jar;C:\FitNesseForAppian\lib\auto-service-1.0.1.jar;C:\FitNesseForAppian\lib\auto-service-annotations-1.0.1.jar;C:\FitNesseForAppian\lib\byte-buddy-1.14.2.jar;C:\FitNesseForAppian\lib\checker-qual-3.12.0.jar;C:\FitNesseForAppian\lib\commons-codec-1.15.jar;C:\FitNesseForAppian\lib\commons-exec-1.3.jar;C:\FitNesseForAppian\lib\commons-io-2.11.0.jar;C:\FitNesseForAppian\lib\commons-lang3-3.12.0.jar;C:\FitNesseForAppian\lib\commons-text-1.10.0.jar;C:\FitNesseForAppian\lib\diffutils-1.3.0.jar;C:\FitNesseForAppian\lib\error_prone_annotations-2.11.0.jar;C:\FitNesseForAppian\lib\failsafe-3.3.1.jar;C:\FitNesseForAppian\lib\failureaccess-1.0.1.jar;C:\FitNesseForAppian\lib\fitnesse-20221219-standalone.jar;C:\FitNesseForAppian\lib\google-analytics-java-2.0.0.jar;C:\FitNesseForAppian\lib\gson-2.10.1.jar;C:\FitNesseForAppian\lib\guava-31.1-jre.jar;C:\FitNesseForAppian\lib\htmllexer-2.1.jar;C:\FitNesseForAppian\lib\htmlparser-2.1.jar;C:\FitNesseForAppian\lib\httpclient-4.5.13.jar;C:\FitNesseForAppian\lib\httpcore-4.4.13.jar;C:\FitNesseForAppian\lib\j2objc-annotations-1.3.jar;C:\FitNesseForAppian\lib\jackson-annotations-2.14.2.jar;C:\FitNesseForAppian\lib\jackson-core-2.14.2.jar;C:\FitNesseForAppian\lib\jackson-databind-2.14.2.jar;C:\FitNesseForAppian\lib\jakarta.activation-1.2.2.jar;C:\FitNesseForAppian\lib\jcl-over-slf4j-1.7.25.jar;C:\FitNesseForAppian\lib\jcommander-1.82.jar;C:\FitNesseForAppian\lib\json-20230227.jar;C:\FitNesseForAppian\lib\json-path-2.8.0.jar;C:\FitNesseForAppian\lib\json-smart-2.4.10.jar;C:\FitNesseForAppian\lib\jsr305-3.0.2.jar;C:\FitNesseForAppian\lib\jtoml-2.0.0.jar;C:\FitNesseForAppian\lib\listenablefuture-9999.0-empty-to-avoid-conflict-with-guava.jar;C:\FitNesseForAppian\lib\log4j-api-2.20.0.jar;C:\FitNesseForAppian\lib\log4j-core-2.20.0.jar;C:\FitNesseForAppian\lib\netty-buffer-4.1.90.Final.jar;C:\FitNesseForAppian\lib\netty-codec-4.1.90.Final.jar;C:\FitNesseForAppian\lib\netty-codec-http-4.1.90.Final.jar;C:\FitNesseForAppian\lib\netty-codec-socks-4.1.90.Final.jar;C:\FitNesseForAppian\lib\netty-common-4.1.90.Final.jar;C:\FitNesseForAppian\lib\netty-handler-4.1.90.Final.jar;C:\FitNesseForAppian\lib\netty-handler-proxy-4.1.90.Final.jar;C:\FitNesseForAppian\lib\netty-reactive-streams-2.0.4.jar;C:\FitNesseForAppian\lib\netty-resolver-4.1.90.Final.jar;C:\FitNesseForAppian\lib\netty-transport-4.1.90.Final.jar;C:\FitNesseForAppian\lib\netty-transport-classes-epoll-4.1.90.Final.jar;C:\FitNesseForAppian\lib\netty-transport-classes-kqueue-4.1.90.Final.jar;C:\FitNesseForAppian\lib\netty-transport-native-epoll-4.1.90.Final-linux-x86_64.jar;C:\FitNesseForAppian\lib\netty-transport-native-epoll-4.1.90.Final.jar;C:\FitNesseForAppian\lib\netty-transport-native-kqueue-4.1.90.Final-osx-x86_64.jar;C:\FitNesseForAppian\lib\netty-transport-native-kqueue-4.1.90.Final.jar;C:\FitNesseForAppian\lib\netty-transport-native-unix-common-4.1.90.Final.jar;C:\FitNesseForAppian\lib\opentelemetry-api-1.24.0.jar;C:\FitNesseForAppian\lib\opentelemetry-api-events-1.24.0-alpha.jar;C:\FitNesseForAppian\lib\opentelemetry-api-logs-1.24.0-alpha.jar;C:\FitNesseForAppian\lib\opentelemetry-context-1.24.0.jar;C:\FitNesseForAppian\lib\opentelemetry-exporter-logging-1.24.0.jar;C:\FitNesseForAppian\lib\opentelemetry-sdk-1.24.0.jar;C:\FitNesseForAppian\lib\opentelemetry-sdk-common-1.24.0.jar;C:\FitNesseForAppian\lib\opentelemetry-sdk-extension-autoconfigure-1.24.0-alpha.jar;C:\FitNesseForAppian\lib\opentelemetry-sdk-extension-autoconfigure-spi-1.24.0.jar;C:\FitNesseForAppian\lib\opentelemetry-sdk-logs-1.24.0-alpha.jar;C:\FitNesseForAppian\lib\opentelemetry-sdk-metrics-1.24.0.jar;C:\FitNesseForAppian\lib\opentelemetry-sdk-trace-1.24.0.jar;C:\FitNesseForAppian\lib\opentelemetry-semconv-1.24.0-alpha.jar;C:\FitNesseForAppian\lib\reactive-streams-1.0.3.jar;C:\FitNesseForAppian\lib\selenium-api-4.8.2.jar;C:\FitNesseForAppian\lib\selenium-chrome-driver-4.8.2.jar;C:\FitNesseForAppian\lib\selenium-chromium-driver-4.8.2.jar;C:\FitNesseForAppian\lib\selenium-devtools-v109-4.8.2.jar;C:\FitNesseForAppian\lib\selenium-devtools-v110-4.8.2.jar;C:\FitNesseForAppian\lib\selenium-devtools-v111-4.8.2.jar;C:\FitNesseForAppian\lib\selenium-devtools-v85-4.8.2.jar;C:\FitNesseForAppian\lib\selenium-edge-driver-4.8.2.jar;C:\FitNesseForAppian\lib\selenium-firefox-driver-4.8.2.jar;C:\FitNesseForAppian\lib\selenium-http-4.8.2.jar;C:\FitNesseForAppian\lib\selenium-ie-driver-4.8.2.jar;C:\FitNesseForAppian\lib\selenium-java-4.8.2.jar;C:\FitNesseForAppian\lib\selenium-json-4.8.2.jar;C:\FitNesseForAppian\lib\selenium-manager-4.8.2.jar;C:\FitNesseForAppian\lib\selenium-remote-driver-4.8.2.jar;C:\FitNesseForAppian\lib\selenium-safari-driver-4.8.2.jar;C:\FitNesseForAppian\lib\selenium-support-4.8.2.jar;C:\FitNesseForAppian\lib\slf4j-api-1.7.36.jar;C:\FitNesseForAppian\lib\slf4j-jdk14-1.7.36.jar;C:\FitNesseForAppian\lib\velocity-engine-core-2.3.jar;C:\FitNesseForAppian\lib\appian\appian-selenium-api-23.1.2.jar;C:\FitNesseForAppian\lib\fitnesse-20221219-standalone.jar fitnesse.slim.SlimService 1</command>
    <exitCode>1</exitCode>
    <stdOut>10:28:25.974 [main] ERROR com.appiancorp.ps.automatedtest.exception.ExceptionBuilder - Populate Field - Select Reviewers - Ashwini Reviewer
org.openqa.selenium.TimeoutException: Expected condition failed: waiting for visibility of element located by By.xpath: //div[contains(@class,'TetherComponent---sailcontents') and contains(@class,'PickerWidget---picker_suggestions')]//p[not(p) and not(contains(text(),'Searching'))][descendant-or-self::*[translate(text(),'ABCDEFGHIJKLMNOPQRSTUVWXYZ','abcdefghijklmnopqrstuvwxyz')='ashwini reviewer']] (tried for 10 second(s) with 500 milliseconds interval)
Build info: version: '4.8.2', revision: '826dbfc730'
System info: os.name: 'Windows 10', os.arch: 'amd64', os.version: '10.0', java.version: '1.8.0_202'
Driver info: org.openqa.selenium.chrome.ChromeDriver
Capabilities {acceptInsecureCerts: false, browserName: chrome, browserVersion: 114.0.5735.110, chrome: {chromedriverVersion: 114.0.5735.90 (386bc09e8f4f..., userDataDir: C:\Users\ashwinir\AppData\L...}, goog:chromeOptions: {debuggerAddress: localhost:61032}, networkConnectionEnabled: false, pageLoadStrategy: normal, platformName: WINDOWS, proxy: Proxy(), se:cdp: ws://localhost:61032/devtoo..., se:cdpVersion: 114.0.5735.110, setWindowRect: true, strictFileInteractability: false, timeouts: {implicit: 0, pageLoad: 300000, script: 30000}, unhandledPromptBehavior: dismiss and notify, webauthn:extension:credBlob: true, webauthn:extension:largeBlob: true, webauthn:extension:minPinLength: true, webauthn:extension:prf: true, webauthn:virtualAuthenticators: true}
Session ID: 9bce7be002494952701ae5ff1404d078
	at org.openqa.selenium.support.ui.WebDriverWait.timeoutException(WebDriverWait.java:87) ~[selenium-support-4.8.2.jar:?]
	at org.openqa.selenium.support.ui.FluentWait.until(FluentWait.java:231) ~[selenium-support-4.8.2.jar:?]
	at com.appiancorp.ps.automatedtest.tempo.interfaces.TempoPickerFieldSuggestion.waitFor(TempoPickerFieldSuggestion.java:37) ~[appian-selenium-api-23.1.2.jar:?]
	at com.appiancorp.ps.automatedtest.tempo.interfaces.TempoPickerField.populate(TempoPickerField.java:67) ~[appian-selenium-api-23.1.2.jar:?]
	at com.appiancorp.ps.automatedtest.tempo.interfaces.TempoFieldFactory.populate(TempoFieldFactory.java:87) [appian-selenium-api-23.1.2.jar:?]
	at com.appiancorp.ps.automatedtest.tempo.interfaces.TempoFieldFactory.populateMultiple(TempoFieldFactory.java:56) [appian-selenium-api-23.1.2.jar:?]
	at com.appiancorp.ps.automatedtest.tempo.interfaces.TempoFieldFactory.populateMultiple(TempoFieldFactory.java:43) [appian-selenium-api-23.1.2.jar:?]
	at com.appiancorp.ps.automatedtest.fixture.TempoFixture.populateFieldWith(TempoFixture.java:1180) [appian-selenium-api-23.1.2.jar:?]
	at sun.reflect.NativeMethodAccessorImpl.invoke0(Native Method) ~[?:1.8.0_202]
	at sun.reflect.NativeMethodAccessorImpl.invoke(Unknown Source) ~[?:1.8.0_202]
	at sun.reflect.DelegatingMethodAccessorImpl.invoke(Unknown Source) ~[?:1.8.0_202]
	at java.lang.reflect.Method.invoke(Unknown Source) ~[?:1.8.0_202]
	at fitnesse.slim.fixtureInteraction.SimpleInteraction.methodInvoke(SimpleInteraction.java:322) [fitnesse-20221219-standalone.jar:20221219]
	at fitnesse.slim.fixtureInteraction.SimpleInteraction.callMethod(SimpleInteraction.java:307) [fitnesse-20221219-standalone.jar:20221219]
	at fitnesse.slim.fixtureInteraction.SimpleInteraction.invokeMethod(SimpleInteraction.java:290) [fitnesse-20221219-standalone.jar:20221219]
	at fitnesse.slim.fixtureInteraction.SimpleInteraction.findAndInvoke(SimpleInteraction.java:217) [fitnesse-20221219-standalone.jar:20221219]
	at fitnesse.slim.MethodExecutor.findAndInvoke(MethodExecutor.java:18) [fitnesse-20221219-standalone.jar:20221219]
	at fitnesse.slim.FixtureMethodExecutor.execute(FixtureMethodExecutor.java:18) [fitnesse-20221219-standalone.jar:20221219]
	at fitnesse.slim.StatementExecutor.getMethodExecutionResult(StatementExecutor.java:139) [fitnesse-20221219-standalone.jar:20221219]
	at fitnesse.slim.StatementExecutor.call(StatementExecutor.java:112) [fitnesse-20221219-standalone.jar:20221219]
	at fitnesse.slim.instructions.CallAndOptionalAssignInstruction.executeInternal(CallAndOptionalAssignInstruction.java:30) [fitnesse-20221219-standalone.jar:20221219]
	at fitnesse.slim.instructions.Instruction.execute(Instruction.java:29) [fitnesse-20221219-standalone.jar:20221219]
	at fitnesse.slim.ListExecutor$Executive.executeStatement(ListExecutor.java:49) [fitnesse-20221219-standalone.jar:20221219]
	at fitnesse.slim.ListExecutor$Executive.executeStatements(ListExecutor.java:43) [fitnesse-20221219-standalone.jar:20221219]
	at fitnesse.slim.ListExecutor.execute(ListExecutor.java:85) [fitnesse-20221219-standalone.jar:20221219]
	at fitnesse.slim.SlimServer.executeInstructions(SlimServer.java:84) [fitnesse-20221219-standalone.jar:20221219]
	at fitnesse.slim.SlimServer.processOneSetOfInstructions(SlimServer.java:77) [fitnesse-20221219-standalone.jar:20221219]
	at fitnesse.slim.SlimServer.tryProcessInstructions(SlimServer.java:64) [fitnesse-20221219-standalone.jar:20221219]
	at fitnesse.slim.SlimServer.serve(SlimServer.java:49) [fitnesse-20221219-standalone.jar:20221219]
	at fitnesse.slim.SlimService.handle(SlimService.java:169) [fitnesse-20221219-standalone.jar:20221219]
	at fitnesse.slim.SlimService.acceptOne(SlimService.java:177) [fitnesse-20221219-standalone.jar:20221219]
	at fitnesse.slim.SlimService.accept(SlimService.java:139) [fitnesse-20221219-standalone.jar:20221219]
	at fitnesse.slim.SlimService.startWithFactory(SlimService.java:92) [fitnesse-20221219-standalone.jar:20221219]
	at fitnesse.slim.SlimService.main(SlimService.java:57) [fitnesse-20221219-standalone.jar:20221219]

10:28:37.067 [main] ERROR com.appiancorp.ps.automatedtest.exception.ExceptionBuilder - Click Button - NEXT
com.appiancorp.ps.automatedtest.exception.WaitForProgressBarTestException: org.openqa.selenium.TimeoutException: Expected condition failed: waiting for condition to not be valid: presence of any elements located by By.xpath: //div[@id='appian-working-indicator-hidden'] (tried for 10 second(s) with 500 milliseconds interval)
Build info: version: '4.8.2', revision: '826dbfc730'
System info: os.name: 'Windows 10', os.arch: 'amd64', os.version: '10.0', java.version: '1.8.0_202'
Driver info: org.openqa.selenium.chrome.ChromeDriver
Capabilities {acceptInsecureCerts: false, browserName: chrome, browserVersion: 114.0.5735.110, chrome: {chromedriverVersion: 114.0.5735.90 (386bc09e8f4f..., userDataDir: C:\Users\ashwinir\AppData\L...}, goog:chromeOptions: {debuggerAddress: localhost:61032}, networkConnectionEnabled: false, pageLoadStrategy: normal, platformName: WINDOWS, proxy: Proxy(), se:cdp: ws://localhost:61032/devtoo..., se:cdpVersion: 114.0.5735.110, setWindowRect: true, strictFileInteractability: false, timeouts: {implicit: 0, pageLoad: 300000, script: 30000}, unhandledPromptBehavior: dismiss and notify, webauthn:extension:credBlob: true, webauthn:extension:largeBlob: true, webauthn:extension:minPinLength: true, webauthn:extension:prf: true, webauthn:virtualAuthenticators: true}
Session ID: 9bce7be002494952701ae5ff1404d078
	at com.appiancorp.ps.automatedtest.common.AppianObject.waitForProgressBar(AppianObject.java:353) ~[appian-selenium-api-23.1.2.jar:?]
	at com.appiancorp.ps.automatedtest.common.AppianObject.unfocus(AppianObject.java:394) ~[appian-selenium-api-23.1.2.jar:?]
	at com.appiancorp.ps.automatedtest.common.AppianObject.unfocus(AppianObject.java:383) ~[appian-selenium-api-23.1.2.jar:?]
	at com.appiancorp.ps.automatedtest.common.AppianObject.clickElement(AppianObject.java:369) ~[appian-selenium-api-23.1.2.jar:?]
	at com.appiancorp.ps.automatedtest.tempo.interfaces.TempoButton.click(TempoButton.java:109) [appian-selenium-api-23.1.2.jar:?]
	at com.appiancorp.ps.automatedtest.fixture.TempoFixture.clickOnButton(TempoFixture.java:2450) [appian-selenium-api-23.1.2.jar:?]
	at sun.reflect.NativeMethodAccessorImpl.invoke0(Native Method) ~[?:1.8.0_202]
	at sun.reflect.NativeMethodAccessorImpl.invoke(Unknown Source) ~[?:1.8.0_202]
	at sun.reflect.DelegatingMethodAccessorImpl.invoke(Unknown Source) ~[?:1.8.0_202]
	at java.lang.reflect.Method.invoke(Unknown Source) ~[?:1.8.0_202]
	at fitnesse.slim.fixtureInteraction.SimpleInteraction.methodInvoke(SimpleInteraction.java:322) [fitnesse-20221219-standalone.jar:20221219]
	at fitnesse.slim.fixtureInteraction.SimpleInteraction.callMethod(SimpleInteraction.java:307) [fitnesse-20221219-standalone.jar:20221219]
	at fitnesse.slim.fixtureInteraction.SimpleInteraction.invokeMethod(SimpleInteraction.java:290) [fitnesse-20221219-standalone.jar:20221219]
	at fitnesse.slim.fixtureInteraction.SimpleInteraction.findAndInvoke(SimpleInteraction.java:217) [fitnesse-20221219-standalone.jar:20221219]
	at fitnesse.slim.MethodExecutor.findAndInvoke(MethodExecutor.java:18) [fitnesse-20221219-standalone.jar:20221219]
	at fitnesse.slim.FixtureMethodExecutor.execute(FixtureMethodExecutor.java:18) [fitnesse-20221219-standalone.jar:20221219]
	at fitnesse.slim.StatementExecutor.getMethodExecutionResult(StatementExecutor.java:139) [fitnesse-20221219-standalone.jar:20221219]
	at fitnesse.slim.StatementExecutor.call(StatementExecutor.java:112) [fitnesse-20221219-standalone.jar:20221219]
	at fitnesse.slim.instructions.CallAndOptionalAssignInstruction.executeInternal(CallAndOptionalAssignInstruction.java:30) [fitnesse-20221219-standalone.jar:20221219]
	at fitnesse.slim.instructions.Instruction.execute(Instruction.java:29) [fitnesse-20221219-standalone.jar:20221219]
	at fitnesse.slim.ListExecutor$Executive.executeStatement(ListExecutor.java:49) [fitnesse-20221219-standalone.jar:20221219]
	at fitnesse.slim.ListExecutor$Executive.executeStatements(ListExecutor.java:43) [fitnesse-20221219-standalone.jar:20221219]
	at fitnesse.slim.ListExecutor.execute(ListExecutor.java:85) [fitnesse-20221219-standalone.jar:20221219]
	at fitnesse.slim.SlimServer.executeInstructions(SlimServer.java:84) [fitnesse-20221219-standalone.jar:20221219]
	at fitnesse.slim.SlimServer.processOneSetOfInstructions(SlimServer.java:77) [fitnesse-20221219-standalone.jar:20221219]
	at fitnesse.slim.SlimServer.tryProcessInstructions(SlimServer.java:64) [fitnesse-20221219-standalone.jar:20221219]
	at fitnesse.slim.SlimServer.serve(SlimServer.java:49) [fitnesse-20221219-standalone.jar:20221219]
	at fitnesse.slim.SlimService.handle(SlimService.java:169) [fitnesse-20221219-standalone.jar:20221219]
	at fitnesse.slim.SlimService.acceptOne(SlimService.java:177) [fitnesse-20221219-standalone.jar:20221219]
	at fitnesse.slim.SlimService.accept(SlimService.java:139) [fitnesse-20221219-standalone.jar:20221219]
	at fitnesse.slim.SlimService.startWithFactory(SlimService.java:92) [fitnesse-20221219-standalone.jar:20221219]
	at fitnesse.slim.SlimService.main(SlimService.java:57) [fitnesse-20221219-standalone.jar:20221219]
Caused by: org.openqa.selenium.TimeoutException: Expected condition failed: waiting for condition to not be valid: presence of any elements located by By.xpath: //div[@id='appian-working-indicator-hidden'] (tried for 10 second(s) with 500 milliseconds interval)
Build info: version: '4.8.2', revision: '826dbfc730'
System info: os.name: 'Windows 10', os.arch: 'amd64', os.version: '10.0', java.version: '1.8.0_202'
Driver info: org.openqa.selenium.chrome.ChromeDriver
Capabilities {acceptInsecureCerts: false, browserName: chrome, browserVersion: 114.0.5735.110, chrome: {chromedriverVersion: 114.0.5735.90 (386bc09e8f4f..., userDataDir: C:\Users\ashwinir\AppData\L...}, goog:chromeOptions: {debuggerAddress: localhost:61032}, networkConnectionEnabled: false, pageLoadStrategy: normal, platformName: WINDOWS, proxy: Proxy(), se:cdp: ws://localhost:61032/devtoo..., se:cdpVersion: 114.0.5735.110, setWindowRect: true, strictFileInteractability: false, timeouts: {implicit: 0, pageLoad: 300000, script: 30000}, unhandledPromptBehavior: dismiss and notify, webauthn:extension:credBlob: true, webauthn:extension:largeBlob: true, webauthn:extension:minPinLength: true, webauthn:extension:prf: true, webauthn:virtualAuthenticators: true}
Session ID: 9bce7be002494952701ae5ff1404d078
	at org.openqa.selenium.support.ui.WebDriverWait.timeoutException(WebDriverWait.java:87) ~[selenium-support-4.8.2.jar:?]
	at org.openqa.selenium.support.ui.FluentWait.until(FluentWait.java:231) ~[selenium-support-4.8.2.jar:?]
	at com.appiancorp.ps.automatedtest.common.AppianObject.waitForProgressBar(AppianObject.java:346) ~[appian-selenium-api-23.1.2.jar:?]
	... 31 more

10:28:47.229 [main] ERROR com.appiancorp.ps.automatedtest.exception.ExceptionBuilder - Wait for Button - SUBMIT
org.openqa.selenium.TimeoutException: Expected condition failed: waiting for presence of element located by: By.xpath: //button[descendant::span[descendant::span[contains(translate(text(),'ABCDEFGHIJKLMNOPQRSTUVWXYZ','abcdefghijklmnopqrstuvwxyz'),'submit')]] and not(contains(@class, 'button-disabled'))] (tried for 10 second(s) with 500 milliseconds interval)
	at org.openqa.selenium.support.ui.WebDriverWait.timeoutException(WebDriverWait.java:87) ~[selenium-support-4.8.2.jar:?]
	at org.openqa.selenium.support.ui.FluentWait.until(FluentWait.java:231) ~[selenium-support-4.8.2.jar:?]
	at com.appiancorp.ps.automatedtest.tempo.interfaces.TempoButton.waitFor(TempoButton.java:70) [appian-selenium-api-23.1.2.jar:?]
	at com.appiancorp.ps.automatedtest.fixture.TempoFixture.clickOnButton(TempoFixture.java:2449) [appian-selenium-api-23.1.2.jar:?]
	at sun.reflect.NativeMethodAccessorImpl.invoke0(Native Method) ~[?:1.8.0_202]
	at sun.reflect.NativeMethodAccessorImpl.invoke(Unknown Source) ~[?:1.8.0_202]
	at sun.reflect.DelegatingMethodAccessorImpl.invoke(Unknown Source) ~[?:1.8.0_202]
	at java.lang.reflect.Method.invoke(Unknown Source) ~[?:1.8.0_202]
	at fitnesse.slim.fixtureInteraction.SimpleInteraction.methodInvoke(SimpleInteraction.java:322) [fitnesse-20221219-standalone.jar:20221219]
	at fitnesse.slim.fixtureInteraction.SimpleInteraction.callMethod(SimpleInteraction.java:307) [fitnesse-20221219-standalone.jar:20221219]
	at fitnesse.slim.fixtureInteraction.SimpleInteraction.invokeMethod(SimpleInteraction.java:290) [fitnesse-20221219-standalone.jar:20221219]
	at fitnesse.slim.fixtureInteraction.SimpleInteraction.findAndInvoke(SimpleInteraction.java:217) [fitnesse-20221219-standalone.jar:20221219]
	at fitnesse.slim.MethodExecutor.findAndInvoke(MethodExecutor.java:18) [fitnesse-20221219-standalone.jar:20221219]
	at fitnesse.slim.FixtureMethodExecutor.execute(FixtureMethodExecutor.java:18) [fitnesse-20221219-standalone.jar:20221219]
	at fitnesse.slim.StatementExecutor.getMethodExecutionResult(StatementExecutor.java:139) [fitnesse-20221219-standalone.jar:20221219]
	at fitnesse.slim.StatementExecutor.call(StatementExecutor.java:112) [fitnesse-20221219-standalone.jar:20221219]
	at fitnesse.slim.instructions.CallAndOptionalAssignInstruction.executeInternal(CallAndOptionalAssignInstruction.java:30) [fitnesse-20221219-standalone.jar:20221219]
	at fitnesse.slim.instructions.Instruction.execute(Instruction.java:29) [fitnesse-20221219-standalone.jar:20221219]
	at fitnesse.slim.ListExecutor$Executive.executeStatement(ListExecutor.java:49) [fitnesse-20221219-standalone.jar:20221219]
	at fitnesse.slim.ListExecutor$Executive.executeStatements(ListExecutor.java:43) [fitnesse-20221219-standalone.jar:20221219]
	at fitnesse.slim.ListExecutor.execute(ListExecutor.java:85) [fitnesse-20221219-standalone.jar:20221219]
	at fitnesse.slim.SlimServer.executeInstructions(SlimServer.java:84) [fitnesse-20221219-standalone.jar:20221219]
	at fitnesse.slim.SlimServer.processOneSetOfInstructions(SlimServer.java:77) [fitnesse-20221219-standalone.jar:20221219]
	at fitnesse.slim.SlimServer.tryProcessInstructions(SlimServer.java:64) [fitnesse-20221219-standalone.jar:20221219]
	at fitnesse.slim.SlimServer.serve(SlimServer.java:49) [fitnesse-20221219-standalone.jar:20221219]
	at fitnesse.slim.SlimService.handle(SlimService.java:169) [fitnesse-20221219-standalone.jar:20221219]
	at fitnesse.slim.SlimService.acceptOne(SlimService.java:177) [fitnesse-20221219-standalone.jar:20221219]
	at fitnesse.slim.SlimService.accept(SlimService.java:139) [fitnesse-20221219-standalone.jar:20221219]
	at fitnesse.slim.SlimService.startWithFactory(SlimService.java:92) [fitnesse-20221219-standalone.jar:20221219]
	at fitnesse.slim.SlimService.main(SlimService.java:57) [fitnesse-20221219-standalone.jar:20221219]
Caused by: org.openqa.selenium.NoSuchElementException: no such element: Unable to locate element: {"method":"xpath","selector":"//button[descendant::span[descendant::span[contains(translate(text(),'ABCDEFGHIJKLMNOPQRSTUVWXYZ','abcdefghijklmnopqrstuvwxyz'),'submit')]] and not(contains(@class, 'button-disabled'))]"}
  (Session info: chrome=114.0.5735.110)
For documentation on this error, please visit: https://selenium.dev/exceptions/#no_such_element
Build info: version: '4.8.2', revision: '826dbfc730'
System info: os.name: 'Windows 10', os.arch: 'amd64', os.version: '10.0', java.version: '1.8.0_202'
Driver info: org.openqa.selenium.chrome.ChromeDriver
Command: [9bce7be002494952701ae5ff1404d078, findElement {using=xpath, value=//button[descendant::span[descendant::span[contains(translate(text(),'ABCDEFGHIJKLMNOPQRSTUVWXYZ','abcdefghijklmnopqrstuvwxyz'),'submit')]] and not(contains(@class, 'button-disabled'))]}]
Capabilities {acceptInsecureCerts: false, browserName: chrome, browserVersion: 114.0.5735.110, chrome: {chromedriverVersion: 114.0.5735.90 (386bc09e8f4f..., userDataDir: C:\Users\ashwinir\AppData\L...}, goog:chromeOptions: {debuggerAddress: localhost:61032}, networkConnectionEnabled: false, pageLoadStrategy: normal, platformName: WINDOWS, proxy: Proxy(), se:cdp: ws://localhost:61032/devtoo..., se:cdpVersion: 114.0.5735.110, setWindowRect: true, strictFileInteractability: false, timeouts: {implicit: 0, pageLoad: 300000, script: 30000}, unhandledPromptBehavior: dismiss and notify, webauthn:extension:credBlob: true, webauthn:extension:largeBlob: true, webauthn:extension:minPinLength: true, webauthn:extension:prf: true, webauthn:virtualAuthenticators: true}
Session ID: 9bce7be002494952701ae5ff1404d078
	at sun.reflect.GeneratedConstructorAccessor20.newInstance(Unknown Source) ~[?:?]
	at sun.reflect.DelegatingConstructorAccessorImpl.newInstance(Unknown Source) ~[?:1.8.0_202]
	at java.lang.reflect.Constructor.newInstance(Unknown Source) ~[?:1.8.0_202]
	at org.openqa.selenium.remote.codec.w3c.W3CHttpResponseCodec.createException(W3CHttpResponseCodec.java:200) ~[selenium-remote-driver-4.8.2.jar:?]
	at org.openqa.selenium.remote.codec.w3c.W3CHttpResponseCodec.decode(W3CHttpResponseCodec.java:133) ~[selenium-remote-driver-4.8.2.jar:?]
	at org.openqa.selenium.remote.codec.w3c.W3CHttpResponseCodec.decode(W3CHttpResponseCodec.java:53) ~[selenium-remote-driver-4.8.2.jar:?]
	at org.openqa.selenium.remote.HttpCommandExecutor.execute(HttpCommandExecutor.java:193) ~[selenium-remote-driver-4.8.2.jar:?]
	at org.openqa.selenium.remote.service.DriverCommandExecutor.invokeExecute(DriverCommandExecutor.java:183) ~[selenium-remote-driver-4.8.2.jar:?]
	at org.openqa.selenium.remote.service.DriverCommandExecutor.execute(DriverCommandExecutor.java:158) ~[selenium-remote-driver-4.8.2.jar:?]
	at org.openqa.selenium.remote.RemoteWebDriver.execute(RemoteWebDriver.java:543) ~[selenium-remote-driver-4.8.2.jar:?]
	at org.openqa.selenium.remote.ElementLocation$ElementFinder$2.findElement(ElementLocation.java:162) ~[selenium-remote-driver-4.8.2.jar:?]
	at org.openqa.selenium.remote.ElementLocation.findElement(ElementLocation.java:60) ~[selenium-remote-driver-4.8.2.jar:?]
	at org.openqa.selenium.remote.RemoteWebDriver.findElement(RemoteWebDriver.java:352) ~[selenium-remote-driver-4.8.2.jar:?]
	at org.openqa.selenium.remote.RemoteWebDriver.findElement(RemoteWebDriver.java:344) ~[selenium-remote-driver-4.8.2.jar:?]
	at org.openqa.selenium.support.ui.ExpectedConditions$6.apply(ExpectedConditions.java:174) ~[selenium-support-4.8.2.jar:?]
	at org.openqa.selenium.support.ui.ExpectedConditions$6.apply(ExpectedConditions.java:171) ~[selenium-support-4.8.2.jar:?]
	at org.openqa.selenium.support.ui.FluentWait.until(FluentWait.java:208) ~[selenium-support-4.8.2.jar:?]
	... 28 more

10:28:57.446 [main] ERROR com.appiancorp.ps.automatedtest.exception.ExceptionBuilder - Wait for Button - Yes
org.openqa.selenium.TimeoutException: Expected condition failed: waiting for presence of element located by: By.xpath: //button[descendant::span[descendant::span[contains(translate(text(),'ABCDEFGHIJKLMNOPQRSTUVWXYZ','abcdefghijklmnopqrstuvwxyz'),'yes')]] and not(contains(@class, 'button-disabled'))] (tried for 10 second(s) with 500 milliseconds interval)
	at org.openqa.selenium.support.ui.WebDriverWait.timeoutException(WebDriverWait.java:87) ~[selenium-support-4.8.2.jar:?]
	at org.openqa.selenium.support.ui.FluentWait.until(FluentWait.java:231) ~[selenium-support-4.8.2.jar:?]
	at com.appiancorp.ps.automatedtest.tempo.interfaces.TempoButton.waitFor(TempoButton.java:70) [appian-selenium-api-23.1.2.jar:?]
	at com.appiancorp.ps.automatedtest.fixture.TempoFixture.clickOnButton(TempoFixture.java:2449) [appian-selenium-api-23.1.2.jar:?]
	at sun.reflect.NativeMethodAccessorImpl.invoke0(Native Method) ~[?:1.8.0_202]
	at sun.reflect.NativeMethodAccessorImpl.invoke(Unknown Source) ~[?:1.8.0_202]
	at sun.reflect.DelegatingMethodAccessorImpl.invoke(Unknown Source) ~[?:1.8.0_202]
	at java.lang.reflect.Method.invoke(Unknown Source) ~[?:1.8.0_202]
	at fitnesse.slim.fixtureInteraction.SimpleInteraction.methodInvoke(SimpleInteraction.java:322) [fitnesse-20221219-standalone.jar:20221219]
	at fitnesse.slim.fixtureInteraction.SimpleInteraction.callMethod(SimpleInteraction.java:307) [fitnesse-20221219-standalone.jar:20221219]
	at fitnesse.slim.fixtureInteraction.SimpleInteraction.invokeMethod(SimpleInteraction.java:290) [fitnesse-20221219-standalone.jar:20221219]
	at fitnesse.slim.fixtureInteraction.SimpleInteraction.findAndInvoke(SimpleInteraction.java:217) [fitnesse-20221219-standalone.jar:20221219]
	at fitnesse.slim.MethodExecutor.findAndInvoke(MethodExecutor.java:18) [fitnesse-20221219-standalone.jar:20221219]
	at fitnesse.slim.FixtureMethodExecutor.execute(FixtureMethodExecutor.java:18) [fitnesse-20221219-standalone.jar:20221219]
	at fitnesse.slim.StatementExecutor.getMethodExecutionResult(StatementExecutor.java:139) [fitnesse-20221219-standalone.jar:20221219]
	at fitnesse.slim.StatementExecutor.call(StatementExecutor.java:112) [fitnesse-20221219-standalone.jar:20221219]
	at fitnesse.slim.instructions.CallAndOptionalAssignInstruction.executeInternal(CallAndOptionalAssignInstruction.java:30) [fitnesse-20221219-standalone.jar:20221219]
	at fitnesse.slim.instructions.Instruction.execute(Instruction.java:29) [fitnesse-20221219-standalone.jar:20221219]
	at fitnesse.slim.ListExecutor$Executive.executeStatement(ListExecutor.java:49) [fitnesse-20221219-standalone.jar:20221219]
	at fitnesse.slim.ListExecutor$Executive.executeStatements(ListExecutor.java:43) [fitnesse-20221219-standalone.jar:20221219]
	at fitnesse.slim.ListExecutor.execute(ListExecutor.java:85) [fitnesse-20221219-standalone.jar:20221219]
	at fitnesse.slim.SlimServer.executeInstructions(SlimServer.java:84) [fitnesse-20221219-standalone.jar:20221219]
	at fitnesse.slim.SlimServer.processOneSetOfInstructions(SlimServer.java:77) [fitnesse-20221219-standalone.jar:20221219]
	at fitnesse.slim.SlimServer.tryProcessInstructions(SlimServer.java:64) [fitnesse-20221219-standalone.jar:20221219]
	at fitnesse.slim.SlimServer.serve(SlimServer.java:49) [fitnesse-20221219-standalone.jar:20221219]
	at fitnesse.slim.SlimService.handle(SlimService.java:169) [fitnesse-20221219-standalone.jar:20221219]
	at fitnesse.slim.SlimService.acceptOne(SlimService.java:177) [fitnesse-20221219-standalone.jar:20221219]
	at fitnesse.slim.SlimService.accept(SlimService.java:139) [fitnesse-20221219-standalone.jar:20221219]
	at fitnesse.slim.SlimService.startWithFactory(SlimService.java:92) [fitnesse-20221219-standalone.jar:20221219]
	at fitnesse.slim.SlimService.main(SlimService.java:57) [fitnesse-20221219-standalone.jar:20221219]
Caused by: org.openqa.selenium.NoSuchElementException: no such element: Unable to locate element: {"method":"xpath","selector":"//button[descendant::span[descendant::span[contains(translate(text(),'ABCDEFGHIJKLMNOPQRSTUVWXYZ','abcdefghijklmnopqrstuvwxyz'),'yes')]] and not(contains(@class, 'button-disabled'))]"}
  (Session info: chrome=114.0.5735.110)
For documentation on this error, please visit: https://selenium.dev/exceptions/#no_such_element
Build info: version: '4.8.2', revision: '826dbfc730'
System info: os.name: 'Windows 10', os.arch: 'amd64', os.version: '10.0', java.version: '1.8.0_202'
Driver info: org.openqa.selenium.chrome.ChromeDriver
Command: [9bce7be002494952701ae5ff1404d078, findElement {using=xpath, value=//button[descendant::span[descendant::span[contains(translate(text(),'ABCDEFGHIJKLMNOPQRSTUVWXYZ','abcdefghijklmnopqrstuvwxyz'),'yes')]] and not(contains(@class, 'button-disabled'))]}]
Capabilities {acceptInsecureCerts: false, browserName: chrome, browserVersion: 114.0.5735.110, chrome: {chromedriverVersion: 114.0.5735.90 (386bc09e8f4f..., userDataDir: C:\Users\ashwinir\AppData\L...}, goog:chromeOptions: {debuggerAddress: localhost:61032}, networkConnectionEnabled: false, pageLoadStrategy: normal, platformName: WINDOWS, proxy: Proxy(), se:cdp: ws://localhost:61032/devtoo..., se:cdpVersion: 114.0.5735.110, setWindowRect: true, strictFileInteractability: false, timeouts: {implicit: 0, pageLoad: 300000, script: 30000}, unhandledPromptBehavior: dismiss and notify, webauthn:extension:credBlob: true, webauthn:extension:largeBlob: true, webauthn:extension:minPinLength: true, webauthn:extension:prf: true, webauthn:virtualAuthenticators: true}
Session ID: 9bce7be002494952701ae5ff1404d078
	at sun.reflect.GeneratedConstructorAccessor20.newInstance(Unknown Source) ~[?:?]
	at sun.reflect.DelegatingConstructorAccessorImpl.newInstance(Unknown Source) ~[?:1.8.0_202]
	at java.lang.reflect.Constructor.newInstance(Unknown Source) ~[?:1.8.0_202]
	at org.openqa.selenium.remote.codec.w3c.W3CHttpResponseCodec.createException(W3CHttpResponseCodec.java:200) ~[selenium-remote-driver-4.8.2.jar:?]
	at org.openqa.selenium.remote.codec.w3c.W3CHttpResponseCodec.decode(W3CHttpResponseCodec.java:133) ~[selenium-remote-driver-4.8.2.jar:?]
	at org.openqa.selenium.remote.codec.w3c.W3CHttpResponseCodec.decode(W3CHttpResponseCodec.java:53) ~[selenium-remote-driver-4.8.2.jar:?]
	at org.openqa.selenium.remote.HttpCommandExecutor.execute(HttpCommandExecutor.java:193) ~[selenium-remote-driver-4.8.2.jar:?]
	at org.openqa.selenium.remote.service.DriverCommandExecutor.invokeExecute(DriverCommandExecutor.java:183) ~[selenium-remote-driver-4.8.2.jar:?]
	at org.openqa.selenium.remote.service.DriverCommandExecutor.execute(DriverCommandExecutor.java:158) ~[selenium-remote-driver-4.8.2.jar:?]
	at org.openqa.selenium.remote.RemoteWebDriver.execute(RemoteWebDriver.java:543) ~[selenium-remote-driver-4.8.2.jar:?]
	at org.openqa.selenium.remote.ElementLocation$ElementFinder$2.findElement(ElementLocation.java:162) ~[selenium-remote-driver-4.8.2.jar:?]
	at org.openqa.selenium.remote.ElementLocation.findElement(ElementLocation.java:60) ~[selenium-remote-driver-4.8.2.jar:?]
	at org.openqa.selenium.remote.RemoteWebDriver.findElement(RemoteWebDriver.java:352) ~[selenium-remote-driver-4.8.2.jar:?]
	at org.openqa.selenium.remote.RemoteWebDriver.findElement(RemoteWebDriver.java:344) ~[selenium-remote-driver-4.8.2.jar:?]
	at org.openqa.selenium.support.ui.ExpectedConditions$6.apply(ExpectedConditions.java:174) ~[selenium-support-4.8.2.jar:?]
	at org.openqa.selenium.support.ui.ExpectedConditions$6.apply(ExpectedConditions.java:171) ~[selenium-support-4.8.2.jar:?]
	at org.openqa.selenium.support.ui.FluentWait.until(FluentWait.java:208) ~[selenium-support-4.8.2.jar:?]
	... 28 more

10:30:39.424 [main] ERROR com.appiancorp.ps.automatedtest.exception.ExceptionBuilder - Wait for Link - Association document
org.openqa.selenium.TimeoutException: Expected condition failed: waiting for presence of element located by: By.xpath: //a[contains(translate(text(),'ABCDEFGHIJKLMNOPQRSTUVWXYZ','abcdefghijklmnopqrstuvwxyz'),'association document')] | //a//*[contains(translate(text(),'ABCDEFGHIJKLMNOPQRSTUVWXYZ','abcdefghijklmnopqrstuvwxyz'),'association document')]/.. (tried for 10 second(s) with 500 milliseconds interval)
	at org.openqa.selenium.support.ui.WebDriverWait.timeoutException(WebDriverWait.java:87) ~[selenium-support-4.8.2.jar:?]
	at org.openqa.selenium.support.ui.FluentWait.until(FluentWait.java:231) ~[selenium-support-4.8.2.jar:?]
	at com.appiancorp.ps.automatedtest.tempo.interfaces.TempoLink.waitFor(TempoLink.java:56) [appian-selenium-api-23.1.2.jar:?]
	at com.appiancorp.ps.automatedtest.fixture.TempoFixture.clickOnLink(TempoFixture.java:2262) [appian-selenium-api-23.1.2.jar:?]
	at sun.reflect.NativeMethodAccessorImpl.invoke0(Native Method) ~[?:1.8.0_202]
	at sun.reflect.NativeMethodAccessorImpl.invoke(Unknown Source) ~[?:1.8.0_202]
	at sun.reflect.DelegatingMethodAccessorImpl.invoke(Unknown Source) ~[?:1.8.0_202]
	at java.lang.reflect.Method.invoke(Unknown Source) ~[?:1.8.0_202]
	at fitnesse.slim.fixtureInteraction.SimpleInteraction.methodInvoke(SimpleInteraction.java:322) [fitnesse-20221219-standalone.jar:20221219]
	at fitnesse.slim.fixtureInteraction.SimpleInteraction.callMethod(SimpleInteraction.java:307) [fitnesse-20221219-standalone.jar:20221219]
	at fitnesse.slim.fixtureInteraction.SimpleInteraction.invokeMethod(SimpleInteraction.java:290) [fitnesse-20221219-standalone.jar:20221219]
	at fitnesse.slim.fixtureInteraction.SimpleInteraction.findAndInvoke(SimpleInteraction.java:217) [fitnesse-20221219-standalone.jar:20221219]
	at fitnesse.slim.MethodExecutor.findAndInvoke(MethodExecutor.java:18) [fitnesse-20221219-standalone.jar:20221219]
	at fitnesse.slim.FixtureMethodExecutor.execute(FixtureMethodExecutor.java:18) [fitnesse-20221219-standalone.jar:20221219]
	at fitnesse.slim.StatementExecutor.getMethodExecutionResult(StatementExecutor.java:139) [fitnesse-20221219-standalone.jar:20221219]
	at fitnesse.slim.StatementExecutor.call(StatementExecutor.java:112) [fitnesse-20221219-standalone.jar:20221219]
	at fitnesse.slim.instructions.CallAndOptionalAssignInstruction.executeInternal(CallAndOptionalAssignInstruction.java:30) [fitnesse-20221219-standalone.jar:20221219]
	at fitnesse.slim.instructions.Instruction.execute(Instruction.java:29) [fitnesse-20221219-standalone.jar:20221219]
	at fitnesse.slim.ListExecutor$Executive.executeStatement(ListExecutor.java:49) [fitnesse-20221219-standalone.jar:20221219]
	at fitnesse.slim.ListExecutor$Executive.executeStatements(ListExecutor.java:43) [fitnesse-20221219-standalone.jar:20221219]
	at fitnesse.slim.ListExecutor.execute(ListExecutor.java:85) [fitnesse-20221219-standalone.jar:20221219]
	at fitnesse.slim.SlimServer.executeInstructions(SlimServer.java:84) [fitnesse-20221219-standalone.jar:20221219]
	at fitnesse.slim.SlimServer.processOneSetOfInstructions(SlimServer.java:77) [fitnesse-20221219-standalone.jar:20221219]
	at fitnesse.slim.SlimServer.tryProcessInstructions(SlimServer.java:64) [fitnesse-20221219-standalone.jar:20221219]
	at fitnesse.slim.SlimServer.serve(SlimServer.java:49) [fitnesse-20221219-standalone.jar:20221219]
	at fitnesse.slim.SlimService.handle(SlimService.java:169) [fitnesse-20221219-standalone.jar:20221219]
	at fitnesse.slim.SlimService.acceptOne(SlimService.java:177) [fitnesse-20221219-standalone.jar:20221219]
	at fitnesse.slim.SlimService.accept(SlimService.java:139) [fitnesse-20221219-standalone.jar:20221219]
	at fitnesse.slim.SlimService.startWithFactory(SlimService.java:92) [fitnesse-20221219-standalone.jar:20221219]
	at fitnesse.slim.SlimService.main(SlimService.java:57) [fitnesse-20221219-standalone.jar:20221219]
Caused by: org.openqa.selenium.NoSuchElementException: no such element: Unable to locate element: {"method":"xpath","selector":"//a[contains(translate(text(),'ABCDEFGHIJKLMNOPQRSTUVWXYZ','abcdefghijklmnopqrstuvwxyz'),'association document')] | //a//*[contains(translate(text(),'ABCDEFGHIJKLMNOPQRSTUVWXYZ','abcdefghijklmnopqrstuvwxyz'),'association document')]/.."}
  (Session info: chrome=114.0.5735.110)
For documentation on this error, please visit: https://selenium.dev/exceptions/#no_such_element
Build info: version: '4.8.2', revision: '826dbfc730'
System info: os.name: 'Windows 10', os.arch: 'amd64', os.version: '10.0', java.version: '1.8.0_202'
Driver info: org.openqa.selenium.chrome.ChromeDriver
Command: [cf05f637a01cd1b6ca8e93cbf6d41adb, findElement {using=xpath, value=//a[contains(translate(text(),'ABCDEFGHIJKLMNOPQRSTUVWXYZ','abcdefghijklmnopqrstuvwxyz'),'association document')] | //a//*[contains(translate(text(),'ABCDEFGHIJKLMNOPQRSTUVWXYZ','abcdefghijklmnopqrstuvwxyz'),'association document')]/..}]
Capabilities {acceptInsecureCerts: false, browserName: chrome, browserVersion: 114.0.5735.110, chrome: {chromedriverVersion: 114.0.5735.90 (386bc09e8f4f..., userDataDir: C:\Users\ashwinir\AppData\L...}, goog:chromeOptions: {debuggerAddress: localhost:61244}, networkConnectionEnabled: false, pageLoadStrategy: normal, platformName: WINDOWS, proxy: Proxy(), se:cdp: ws://localhost:61244/devtoo..., se:cdpVersion: 114.0.5735.110, setWindowRect: true, strictFileInteractability: false, timeouts: {implicit: 0, pageLoad: 300000, script: 30000}, unhandledPromptBehavior: dismiss and notify, webauthn:extension:credBlob: true, webauthn:extension:largeBlob: true, webauthn:extension:minPinLength: true, webauthn:extension:prf: true, webauthn:virtualAuthenticators: true}
Session ID: cf05f637a01cd1b6ca8e93cbf6d41adb
	at sun.reflect.GeneratedConstructorAccessor20.newInstance(Unknown Source) ~[?:?]
	at sun.reflect.DelegatingConstructorAccessorImpl.newInstance(Unknown Source) ~[?:1.8.0_202]
	at java.lang.reflect.Constructor.newInstance(Unknown Source) ~[?:1.8.0_202]
	at org.openqa.selenium.remote.codec.w3c.W3CHttpResponseCodec.createException(W3CHttpResponseCodec.java:200) ~[selenium-remote-driver-4.8.2.jar:?]
	at org.openqa.selenium.remote.codec.w3c.W3CHttpResponseCodec.decode(W3CHttpResponseCodec.java:133) ~[selenium-remote-driver-4.8.2.jar:?]
	at org.openqa.selenium.remote.codec.w3c.W3CHttpResponseCodec.decode(W3CHttpResponseCodec.java:53) ~[selenium-remote-driver-4.8.2.jar:?]
	at org.openqa.selenium.remote.HttpCommandExecutor.execute(HttpCommandExecutor.java:193) ~[selenium-remote-driver-4.8.2.jar:?]
	at org.openqa.selenium.remote.service.DriverCommandExecutor.invokeExecute(DriverCommandExecutor.java:183) ~[selenium-remote-driver-4.8.2.jar:?]
	at org.openqa.selenium.remote.service.DriverCommandExecutor.execute(DriverCommandExecutor.java:158) ~[selenium-remote-driver-4.8.2.jar:?]
	at org.openqa.selenium.remote.RemoteWebDriver.execute(RemoteWebDriver.java:543) ~[selenium-remote-driver-4.8.2.jar:?]
	at org.openqa.selenium.remote.ElementLocation$ElementFinder$2.findElement(ElementLocation.java:162) ~[selenium-remote-driver-4.8.2.jar:?]
	at org.openqa.selenium.remote.ElementLocation.findElement(ElementLocation.java:60) ~[selenium-remote-driver-4.8.2.jar:?]
	at org.openqa.selenium.remote.RemoteWebDriver.findElement(RemoteWebDriver.java:352) ~[selenium-remote-driver-4.8.2.jar:?]
	at org.openqa.selenium.remote.RemoteWebDriver.findElement(RemoteWebDriver.java:344) ~[selenium-remote-driver-4.8.2.jar:?]
	at org.openqa.selenium.support.ui.ExpectedConditions$6.apply(ExpectedConditions.java:174) ~[selenium-support-4.8.2.jar:?]
	at org.openqa.selenium.support.ui.ExpectedConditions$6.apply(ExpectedConditions.java:171) ~[selenium-support-4.8.2.jar:?]
	at org.openqa.selenium.support.ui.FluentWait.until(FluentWait.java:208) ~[selenium-support-4.8.2.jar:?]
	... 28 more

10:30:59.716 [main] ERROR com.appiancorp.ps.automatedtest.exception.ExceptionBuilder - Wait for Button - NEXT
org.openqa.selenium.TimeoutException: Expected condition failed: waiting for presence of element located by: By.xpath: //button[descendant::span[descendant::span[contains(translate(text(),'ABCDEFGHIJKLMNOPQRSTUVWXYZ','abcdefghijklmnopqrstuvwxyz'),'next')]] and not(contains(@class, 'button-disabled'))] (tried for 10 second(s) with 500 milliseconds interval)
	at org.openqa.selenium.support.ui.WebDriverWait.timeoutException(WebDriverWait.java:87) ~[selenium-support-4.8.2.jar:?]
	at org.openqa.selenium.support.ui.FluentWait.until(FluentWait.java:231) ~[selenium-support-4.8.2.jar:?]
	at com.appiancorp.ps.automatedtest.tempo.interfaces.TempoButton.waitFor(TempoButton.java:70) [appian-selenium-api-23.1.2.jar:?]
	at com.appiancorp.ps.automatedtest.fixture.TempoFixture.clickOnButton(TempoFixture.java:2449) [appian-selenium-api-23.1.2.jar:?]
	at sun.reflect.NativeMethodAccessorImpl.invoke0(Native Method) ~[?:1.8.0_202]
	at sun.reflect.NativeMethodAccessorImpl.invoke(Unknown Source) ~[?:1.8.0_202]
	at sun.reflect.DelegatingMethodAccessorImpl.invoke(Unknown Source) ~[?:1.8.0_202]
	at java.lang.reflect.Method.invoke(Unknown Source) ~[?:1.8.0_202]
	at fitnesse.slim.fixtureInteraction.SimpleInteraction.methodInvoke(SimpleInteraction.java:322) [fitnesse-20221219-standalone.jar:20221219]
	at fitnesse.slim.fixtureInteraction.SimpleInteraction.callMethod(SimpleInteraction.java:307) [fitnesse-20221219-standalone.jar:20221219]
	at fitnesse.slim.fixtureInteraction.SimpleInteraction.invokeMethod(SimpleInteraction.java:290) [fitnesse-20221219-standalone.jar:20221219]
	at fitnesse.slim.fixtureInteraction.SimpleInteraction.findAndInvoke(SimpleInteraction.java:217) [fitnesse-20221219-standalone.jar:20221219]
	at fitnesse.slim.MethodExecutor.findAndInvoke(MethodExecutor.java:18) [fitnesse-20221219-standalone.jar:20221219]
	at fitnesse.slim.FixtureMethodExecutor.execute(FixtureMethodExecutor.java:18) [fitnesse-20221219-standalone.jar:20221219]
	at fitnesse.slim.StatementExecutor.getMethodExecutionResult(StatementExecutor.java:139) [fitnesse-20221219-standalone.jar:20221219]
	at fitnesse.slim.StatementExecutor.call(StatementExecutor.java:112) [fitnesse-20221219-standalone.jar:20221219]
	at fitnesse.slim.instructions.CallAndOptionalAssignInstruction.executeInternal(CallAndOptionalAssignInstruction.java:30) [fitnesse-20221219-standalone.jar:20221219]
	at fitnesse.slim.instructions.Instruction.execute(Instruction.java:29) [fitnesse-20221219-standalone.jar:20221219]
	at fitnesse.slim.ListExecutor$Executive.executeStatement(ListExecutor.java:49) [fitnesse-20221219-standalone.jar:20221219]
	at fitnesse.slim.ListExecutor$Executive.executeStatements(ListExecutor.java:43) [fitnesse-20221219-standalone.jar:20221219]
	at fitnesse.slim.ListExecutor.execute(ListExecutor.java:85) [fitnesse-20221219-standalone.jar:20221219]
	at fitnesse.slim.SlimServer.executeInstructions(SlimServer.java:84) [fitnesse-20221219-standalone.jar:20221219]
	at fitnesse.slim.SlimServer.processOneSetOfInstructions(SlimServer.java:77) [fitnesse-20221219-standalone.jar:20221219]
	at fitnesse.slim.SlimServer.tryProcessInstructions(SlimServer.java:64) [fitnesse-20221219-standalone.jar:20221219]
	at fitnesse.slim.SlimServer.serve(SlimServer.java:49) [fitnesse-20221219-standalone.jar:20221219]
	at fitnesse.slim.SlimService.handle(SlimService.java:169) [fitnesse-20221219-standalone.jar:20221219]
	at fitnesse.slim.SlimService.acceptOne(SlimService.java:177) [fitnesse-20221219-standalone.jar:20221219]
	at fitnesse.slim.SlimService.accept(SlimService.java:139) [fitnesse-20221219-standalone.jar:20221219]
	at fitnesse.slim.SlimService.startWithFactory(SlimService.java:92) [fitnesse-20221219-standalone.jar:20221219]
	at fitnesse.slim.SlimService.main(SlimService.java:57) [fitnesse-20221219-standalone.jar:20221219]
Caused by: org.openqa.selenium.NoSuchElementException: no such element: Unable to locate element: {"method":"xpath","selector":"//button[descendant::span[descendant::span[contains(translate(text(),'ABCDEFGHIJKLMNOPQRSTUVWXYZ','abcdefghijklmnopqrstuvwxyz'),'next')]] and not(contains(@class, 'button-disabled'))]"}
  (Session info: chrome=114.0.5735.110)
For documentation on this error, please visit: https://selenium.dev/exceptions/#no_such_element
Build info: version: '4.8.2', revision: '826dbfc730'
System info: os.name: 'Windows 10', os.arch: 'amd64', os.version: '10.0', java.version: '1.8.0_202'
Driver info: org.openqa.selenium.chrome.ChromeDriver
Command: [cf05f637a01cd1b6ca8e93cbf6d41adb, findElement {using=xpath, value=//button[descendant::span[descendant::span[contains(translate(text(),'ABCDEFGHIJKLMNOPQRSTUVWXYZ','abcdefghijklmnopqrstuvwxyz'),'next')]] and not(contains(@class, 'button-disabled'))]}]
Capabilities {acceptInsecureCerts: false, browserName: chrome, browserVersion: 114.0.5735.110, chrome: {chromedriverVersion: 114.0.5735.90 (386bc09e8f4f..., userDataDir: C:\Users\ashwinir\AppData\L...}, goog:chromeOptions: {debuggerAddress: localhost:61244}, networkConnectionEnabled: false, pageLoadStrategy: normal, platformName: WINDOWS, proxy: Proxy(), se:cdp: ws://localhost:61244/devtoo..., se:cdpVersion: 114.0.5735.110, setWindowRect: true, strictFileInteractability: false, timeouts: {implicit: 0, pageLoad: 300000, script: 30000}, unhandledPromptBehavior: dismiss and notify, webauthn:extension:credBlob: true, webauthn:extension:largeBlob: true, webauthn:extension:minPinLength: true, webauthn:extension:prf: true, webauthn:virtualAuthenticators: true}
Session ID: cf05f637a01cd1b6ca8e93cbf6d41adb
	at sun.reflect.GeneratedConstructorAccessor20.newInstance(Unknown Source) ~[?:?]
	at sun.reflect.DelegatingConstructorAccessorImpl.newInstance(Unknown Source) ~[?:1.8.0_202]
	at java.lang.reflect.Constructor.newInstance(Unknown Source) ~[?:1.8.0_202]
	at org.openqa.selenium.remote.codec.w3c.W3CHttpResponseCodec.createException(W3CHttpResponseCodec.java:200) ~[selenium-remote-driver-4.8.2.jar:?]
	at org.openqa.selenium.remote.codec.w3c.W3CHttpResponseCodec.decode(W3CHttpResponseCodec.java:133) ~[selenium-remote-driver-4.8.2.jar:?]
	at org.openqa.selenium.remote.codec.w3c.W3CHttpResponseCodec.decode(W3CHttpResponseCodec.java:53) ~[selenium-remote-driver-4.8.2.jar:?]
	at org.openqa.selenium.remote.HttpCommandExecutor.execute(HttpCommandExecutor.java:193) ~[selenium-remote-driver-4.8.2.jar:?]
	at org.openqa.selenium.remote.service.DriverCommandExecutor.invokeExecute(DriverCommandExecutor.java:183) ~[selenium-remote-driver-4.8.2.jar:?]
	at org.openqa.selenium.remote.service.DriverCommandExecutor.execute(DriverCommandExecutor.java:158) ~[selenium-remote-driver-4.8.2.jar:?]
	at org.openqa.selenium.remote.RemoteWebDriver.execute(RemoteWebDriver.java:543) ~[selenium-remote-driver-4.8.2.jar:?]
	at org.openqa.selenium.remote.ElementLocation$ElementFinder$2.findElement(ElementLocation.java:162) ~[selenium-remote-driver-4.8.2.jar:?]
	at org.openqa.selenium.remote.ElementLocation.findElement(ElementLocation.java:60) ~[selenium-remote-driver-4.8.2.jar:?]
	at org.openqa.selenium.remote.RemoteWebDriver.findElement(RemoteWebDriver.java:352) ~[selenium-remote-driver-4.8.2.jar:?]
	at org.openqa.selenium.remote.RemoteWebDriver.findElement(RemoteWebDriver.java:344) ~[selenium-remote-driver-4.8.2.jar:?]
	at org.openqa.selenium.support.ui.ExpectedConditions$6.apply(ExpectedConditions.java:174) ~[selenium-support-4.8.2.jar:?]
	at org.openqa.selenium.support.ui.ExpectedConditions$6.apply(ExpectedConditions.java:171) ~[selenium-support-4.8.2.jar:?]
	at org.openqa.selenium.support.ui.FluentWait.until(FluentWait.java:208) ~[selenium-support-4.8.2.jar:?]
	... 28 more

10:31:10.063 [main] ERROR com.appiancorp.ps.automatedtest.exception.ExceptionBuilder - Wait for Button - NEXT
org.openqa.selenium.TimeoutException: Expected condition failed: waiting for presence of element located by: By.xpath: //button[descendant::span[descendant::span[contains(translate(text(),'ABCDEFGHIJKLMNOPQRSTUVWXYZ','abcdefghijklmnopqrstuvwxyz'),'next')]] and not(contains(@class, 'button-disabled'))] (tried for 10 second(s) with 500 milliseconds interval)
	at org.openqa.selenium.support.ui.WebDriverWait.timeoutException(WebDriverWait.java:87) ~[selenium-support-4.8.2.jar:?]
	at org.openqa.selenium.support.ui.FluentWait.until(FluentWait.java:231) ~[selenium-support-4.8.2.jar:?]
	at com.appiancorp.ps.automatedtest.tempo.interfaces.TempoButton.waitFor(TempoButton.java:70) [appian-selenium-api-23.1.2.jar:?]
	at com.appiancorp.ps.automatedtest.fixture.TempoFixture.clickOnButton(TempoFixture.java:2449) [appian-selenium-api-23.1.2.jar:?]
	at sun.reflect.NativeMethodAccessorImpl.invoke0(Native Method) ~[?:1.8.0_202]
	at sun.reflect.NativeMethodAccessorImpl.invoke(Unknown Source) ~[?:1.8.0_202]
	at sun.reflect.DelegatingMethodAccessorImpl.invoke(Unknown Source) ~[?:1.8.0_202]
	at java.lang.reflect.Method.invoke(Unknown Source) ~[?:1.8.0_202]
	at fitnesse.slim.fixtureInteraction.SimpleInteraction.methodInvoke(SimpleInteraction.java:322) [fitnesse-20221219-standalone.jar:20221219]
	at fitnesse.slim.fixtureInteraction.SimpleInteraction.callMethod(SimpleInteraction.java:307) [fitnesse-20221219-standalone.jar:20221219]
	at fitnesse.slim.fixtureInteraction.SimpleInteraction.invokeMethod(SimpleInteraction.java:290) [fitnesse-20221219-standalone.jar:20221219]
	at fitnesse.slim.fixtureInteraction.SimpleInteraction.findAndInvoke(SimpleInteraction.java:217) [fitnesse-20221219-standalone.jar:20221219]
	at fitnesse.slim.MethodExecutor.findAndInvoke(MethodExecutor.java:18) [fitnesse-20221219-standalone.jar:20221219]
	at fitnesse.slim.FixtureMethodExecutor.execute(FixtureMethodExecutor.java:18) [fitnesse-20221219-standalone.jar:20221219]
	at fitnesse.slim.StatementExecutor.getMethodExecutionResult(StatementExecutor.java:139) [fitnesse-20221219-standalone.jar:20221219]
	at fitnesse.slim.StatementExecutor.call(StatementExecutor.java:112) [fitnesse-20221219-standalone.jar:20221219]
	at fitnesse.slim.instructions.CallAndOptionalAssignInstruction.executeInternal(CallAndOptionalAssignInstruction.java:30) [fitnesse-20221219-standalone.jar:20221219]
	at fitnesse.slim.instructions.Instruction.execute(Instruction.java:29) [fitnesse-20221219-standalone.jar:20221219]
	at fitnesse.slim.ListExecutor$Executive.executeStatement(ListExecutor.java:49) [fitnesse-20221219-standalone.jar:20221219]
	at fitnesse.slim.ListExecutor$Executive.executeStatements(ListExecutor.java:43) [fitnesse-20221219-standalone.jar:20221219]
	at fitnesse.slim.ListExecutor.execute(ListExecutor.java:85) [fitnesse-20221219-standalone.jar:20221219]
	at fitnesse.slim.SlimServer.executeInstructions(SlimServer.java:84) [fitnesse-20221219-standalone.jar:20221219]
	at fitnesse.slim.SlimServer.processOneSetOfInstructions(SlimServer.java:77) [fitnesse-20221219-standalone.jar:20221219]
	at fitnesse.slim.SlimServer.tryProcessInstructions(SlimServer.java:64) [fitnesse-20221219-standalone.jar:20221219]
	at fitnesse.slim.SlimServer.serve(SlimServer.java:49) [fitnesse-20221219-standalone.jar:20221219]
	at fitnesse.slim.SlimService.handle(SlimService.java:169) [fitnesse-20221219-standalone.jar:20221219]
	at fitnesse.slim.SlimService.acceptOne(SlimService.java:177) [fitnesse-20221219-standalone.jar:20221219]
	at fitnesse.slim.SlimService.accept(SlimService.java:139) [fitnesse-20221219-standalone.jar:20221219]
	at fitnesse.slim.SlimService.startWithFactory(SlimService.java:92) [fitnesse-20221219-standalone.jar:20221219]
	at fitnesse.slim.SlimService.main(SlimService.java:57) [fitnesse-20221219-standalone.jar:20221219]
Caused by: org.openqa.selenium.NoSuchElementException: no such element: Unable to locate element: {"method":"xpath","selector":"//button[descendant::span[descendant::span[contains(translate(text(),'ABCDEFGHIJKLMNOPQRSTUVWXYZ','abcdefghijklmnopqrstuvwxyz'),'next')]] and not(contains(@class, 'button-disabled'))]"}
  (Session info: chrome=114.0.5735.110)
For documentation on this error, please visit: https://selenium.dev/exceptions/#no_such_element
Build info: version: '4.8.2', revision: '826dbfc730'
System info: os.name: 'Windows 10', os.arch: 'amd64', os.version: '10.0', java.version: '1.8.0_202'
Driver info: org.openqa.selenium.chrome.ChromeDriver
Command: [cf05f637a01cd1b6ca8e93cbf6d41adb, findElement {using=xpath, value=//button[descendant::span[descendant::span[contains(translate(text(),'ABCDEFGHIJKLMNOPQRSTUVWXYZ','abcdefghijklmnopqrstuvwxyz'),'next')]] and not(contains(@class, 'button-disabled'))]}]
Capabilities {acceptInsecureCerts: false, browserName: chrome, browserVersion: 114.0.5735.110, chrome: {chromedriverVersion: 114.0.5735.90 (386bc09e8f4f..., userDataDir: C:\Users\ashwinir\AppData\L...}, goog:chromeOptions: {debuggerAddress: localhost:61244}, networkConnectionEnabled: false, pageLoadStrategy: normal, platformName: WINDOWS, proxy: Proxy(), se:cdp: ws://localhost:61244/devtoo..., se:cdpVersion: 114.0.5735.110, setWindowRect: true, strictFileInteractability: false, timeouts: {implicit: 0, pageLoad: 300000, script: 30000}, unhandledPromptBehavior: dismiss and notify, webauthn:extension:credBlob: true, webauthn:extension:largeBlob: true, webauthn:extension:minPinLength: true, webauthn:extension:prf: true, webauthn:virtualAuthenticators: true}
Session ID: cf05f637a01cd1b6ca8e93cbf6d41adb
	at sun.reflect.GeneratedConstructorAccessor20.newInstance(Unknown Source) ~[?:?]
	at sun.reflect.DelegatingConstructorAccessorImpl.newInstance(Unknown Source) ~[?:1.8.0_202]
	at java.lang.reflect.Constructor.newInstance(Unknown Source) ~[?:1.8.0_202]
	at org.openqa.selenium.remote.codec.w3c.W3CHttpResponseCodec.createException(W3CHttpResponseCodec.java:200) ~[selenium-remote-driver-4.8.2.jar:?]
	at org.openqa.selenium.remote.codec.w3c.W3CHttpResponseCodec.decode(W3CHttpResponseCodec.java:133) ~[selenium-remote-driver-4.8.2.jar:?]
	at org.openqa.selenium.remote.codec.w3c.W3CHttpResponseCodec.decode(W3CHttpResponseCodec.java:53) ~[selenium-remote-driver-4.8.2.jar:?]
	at org.openqa.selenium.remote.HttpCommandExecutor.execute(HttpCommandExecutor.java:193) ~[selenium-remote-driver-4.8.2.jar:?]
	at org.openqa.selenium.remote.service.DriverCommandExecutor.invokeExecute(DriverCommandExecutor.java:183) ~[selenium-remote-driver-4.8.2.jar:?]
	at org.openqa.selenium.remote.service.DriverCommandExecutor.execute(DriverCommandExecutor.java:158) ~[selenium-remote-driver-4.8.2.jar:?]
	at org.openqa.selenium.remote.RemoteWebDriver.execute(RemoteWebDriver.java:543) ~[selenium-remote-driver-4.8.2.jar:?]
	at org.openqa.selenium.remote.ElementLocation$ElementFinder$2.findElement(ElementLocation.java:162) ~[selenium-remote-driver-4.8.2.jar:?]
	at org.openqa.selenium.remote.ElementLocation.findElement(ElementLocation.java:60) ~[selenium-remote-driver-4.8.2.jar:?]
	at org.openqa.selenium.remote.RemoteWebDriver.findElement(RemoteWebDriver.java:352) ~[selenium-remote-driver-4.8.2.jar:?]
	at org.openqa.selenium.remote.RemoteWebDriver.findElement(RemoteWebDriver.java:344) ~[selenium-remote-driver-4.8.2.jar:?]
	at org.openqa.selenium.support.ui.ExpectedConditions$6.apply(ExpectedConditions.java:174) ~[selenium-support-4.8.2.jar:?]
	at org.openqa.selenium.support.ui.ExpectedConditions$6.apply(ExpectedConditions.java:171) ~[selenium-support-4.8.2.jar:?]
	at org.openqa.selenium.support.ui.FluentWait.until(FluentWait.java:208) ~[selenium-support-4.8.2.jar:?]
	... 28 more

10:31:20.554 [main] ERROR com.appiancorp.ps.automatedtest.exception.ExceptionBuilder - Wait for Button - NEXT
org.openqa.selenium.TimeoutException: Expected condition failed: waiting for presence of element located by: By.xpath: //button[descendant::span[descendant::span[contains(translate(text(),'ABCDEFGHIJKLMNOPQRSTUVWXYZ','abcdefghijklmnopqrstuvwxyz'),'next')]] and not(contains(@class, 'button-disabled'))] (tried for 10 second(s) with 500 milliseconds interval)
	at org.openqa.selenium.support.ui.WebDriverWait.timeoutException(WebDriverWait.java:87) ~[selenium-support-4.8.2.jar:?]
	at org.openqa.selenium.support.ui.FluentWait.until(FluentWait.java:231) ~[selenium-support-4.8.2.jar:?]
	at com.appiancorp.ps.automatedtest.tempo.interfaces.TempoButton.waitFor(TempoButton.java:70) [appian-selenium-api-23.1.2.jar:?]
	at com.appiancorp.ps.automatedtest.fixture.TempoFixture.clickOnButton(TempoFixture.java:2449) [appian-selenium-api-23.1.2.jar:?]
	at sun.reflect.NativeMethodAccessorImpl.invoke0(Native Method) ~[?:1.8.0_202]
	at sun.reflect.NativeMethodAccessorImpl.invoke(Unknown Source) ~[?:1.8.0_202]
	at sun.reflect.DelegatingMethodAccessorImpl.invoke(Unknown Source) ~[?:1.8.0_202]
	at java.lang.reflect.Method.invoke(Unknown Source) ~[?:1.8.0_202]
	at fitnesse.slim.fixtureInteraction.SimpleInteraction.methodInvoke(SimpleInteraction.java:322) [fitnesse-20221219-standalone.jar:20221219]
	at fitnesse.slim.fixtureInteraction.SimpleInteraction.callMethod(SimpleInteraction.java:307) [fitnesse-20221219-standalone.jar:20221219]
	at fitnesse.slim.fixtureInteraction.SimpleInteraction.invokeMethod(SimpleInteraction.java:290) [fitnesse-20221219-standalone.jar:20221219]
	at fitnesse.slim.fixtureInteraction.SimpleInteraction.findAndInvoke(SimpleInteraction.java:217) [fitnesse-20221219-standalone.jar:20221219]
	at fitnesse.slim.MethodExecutor.findAndInvoke(MethodExecutor.java:18) [fitnesse-20221219-standalone.jar:20221219]
	at fitnesse.slim.FixtureMethodExecutor.execute(FixtureMethodExecutor.java:18) [fitnesse-20221219-standalone.jar:20221219]
	at fitnesse.slim.StatementExecutor.getMethodExecutionResult(StatementExecutor.java:139) [fitnesse-20221219-standalone.jar:20221219]
	at fitnesse.slim.StatementExecutor.call(StatementExecutor.java:112) [fitnesse-20221219-standalone.jar:20221219]
	at fitnesse.slim.instructions.CallAndOptionalAssignInstruction.executeInternal(CallAndOptionalAssignInstruction.java:30) [fitnesse-20221219-standalone.jar:20221219]
	at fitnesse.slim.instructions.Instruction.execute(Instruction.java:29) [fitnesse-20221219-standalone.jar:20221219]
	at fitnesse.slim.ListExecutor$Executive.executeStatement(ListExecutor.java:49) [fitnesse-20221219-standalone.jar:20221219]
	at fitnesse.slim.ListExecutor$Executive.executeStatements(ListExecutor.java:43) [fitnesse-20221219-standalone.jar:20221219]
	at fitnesse.slim.ListExecutor.execute(ListExecutor.java:85) [fitnesse-20221219-standalone.jar:20221219]
	at fitnesse.slim.SlimServer.executeInstructions(SlimServer.java:84) [fitnesse-20221219-standalone.jar:20221219]
	at fitnesse.slim.SlimServer.processOneSetOfInstructions(SlimServer.java:77) [fitnesse-20221219-standalone.jar:20221219]
	at fitnesse.slim.SlimServer.tryProcessInstructions(SlimServer.java:64) [fitnesse-20221219-standalone.jar:20221219]
	at fitnesse.slim.SlimServer.serve(SlimServer.java:49) [fitnesse-20221219-standalone.jar:20221219]
	at fitnesse.slim.SlimService.handle(SlimService.java:169) [fitnesse-20221219-standalone.jar:20221219]
	at fitnesse.slim.SlimService.acceptOne(SlimService.java:177) [fitnesse-20221219-standalone.jar:20221219]
	at fitnesse.slim.SlimService.accept(SlimService.java:139) [fitnesse-20221219-standalone.jar:20221219]
	at fitnesse.slim.SlimService.startWithFactory(SlimService.java:92) [fitnesse-20221219-standalone.jar:20221219]
	at fitnesse.slim.SlimService.main(SlimService.java:57) [fitnesse-20221219-standalone.jar:20221219]
Caused by: org.openqa.selenium.NoSuchElementException: no such element: Unable to locate element: {"method":"xpath","selector":"//button[descendant::span[descendant::span[contains(translate(text(),'ABCDEFGHIJKLMNOPQRSTUVWXYZ','abcdefghijklmnopqrstuvwxyz'),'next')]] and not(contains(@class, 'button-disabled'))]"}
  (Session info: chrome=114.0.5735.110)
For documentation on this error, please visit: https://selenium.dev/exceptions/#no_such_element
Build info: version: '4.8.2', revision: '826dbfc730'
System info: os.name: 'Windows 10', os.arch: 'amd64', os.version: '10.0', java.version: '1.8.0_202'
Driver info: org.openqa.selenium.chrome.ChromeDriver
Command: [cf05f637a01cd1b6ca8e93cbf6d41adb, findElement {using=xpath, value=//button[descendant::span[descendant::span[contains(translate(text(),'ABCDEFGHIJKLMNOPQRSTUVWXYZ','abcdefghijklmnopqrstuvwxyz'),'next')]] and not(contains(@class, 'button-disabled'))]}]
Capabilities {acceptInsecureCerts: false, browserName: chrome, browserVersion: 114.0.5735.110, chrome: {chromedriverVersion: 114.0.5735.90 (386bc09e8f4f..., userDataDir: C:\Users\ashwinir\AppData\L...}, goog:chromeOptions: {debuggerAddress: localhost:61244}, networkConnectionEnabled: false, pageLoadStrategy: normal, platformName: WINDOWS, proxy: Proxy(), se:cdp: ws://localhost:61244/devtoo..., se:cdpVersion: 114.0.5735.110, setWindowRect: true, strictFileInteractability: false, timeouts: {implicit: 0, pageLoad: 300000, script: 30000}, unhandledPromptBehavior: dismiss and notify, webauthn:extension:credBlob: true, webauthn:extension:largeBlob: true, webauthn:extension:minPinLength: true, webauthn:extension:prf: true, webauthn:virtualAuthenticators: true}
Session ID: cf05f637a01cd1b6ca8e93cbf6d41adb
	at sun.reflect.GeneratedConstructorAccessor20.newInstance(Unknown Source) ~[?:?]
	at sun.reflect.DelegatingConstructorAccessorImpl.newInstance(Unknown Source) ~[?:1.8.0_202]
	at java.lang.reflect.Constructor.newInstance(Unknown Source) ~[?:1.8.0_202]
	at org.openqa.selenium.remote.codec.w3c.W3CHttpResponseCodec.createException(W3CHttpResponseCodec.java:200) ~[selenium-remote-driver-4.8.2.jar:?]
	at org.openqa.selenium.remote.codec.w3c.W3CHttpResponseCodec.decode(W3CHttpResponseCodec.java:133) ~[selenium-remote-driver-4.8.2.jar:?]
	at org.openqa.selenium.remote.codec.w3c.W3CHttpResponseCodec.decode(W3CHttpResponseCodec.java:53) ~[selenium-remote-driver-4.8.2.jar:?]
	at org.openqa.selenium.remote.HttpCommandExecutor.execute(HttpCommandExecutor.java:193) ~[selenium-remote-driver-4.8.2.jar:?]
	at org.openqa.selenium.remote.service.DriverCommandExecutor.invokeExecute(DriverCommandExecutor.java:183) ~[selenium-remote-driver-4.8.2.jar:?]
	at org.openqa.selenium.remote.service.DriverCommandExecutor.execute(DriverCommandExecutor.java:158) ~[selenium-remote-driver-4.8.2.jar:?]
	at org.openqa.selenium.remote.RemoteWebDriver.execute(RemoteWebDriver.java:543) ~[selenium-remote-driver-4.8.2.jar:?]
	at org.openqa.selenium.remote.ElementLocation$ElementFinder$2.findElement(ElementLocation.java:162) ~[selenium-remote-driver-4.8.2.jar:?]
	at org.openqa.selenium.remote.ElementLocation.findElement(ElementLocation.java:60) ~[selenium-remote-driver-4.8.2.jar:?]
	at org.openqa.selenium.remote.RemoteWebDriver.findElement(RemoteWebDriver.java:352) ~[selenium-remote-driver-4.8.2.jar:?]
	at org.openqa.selenium.remote.RemoteWebDriver.findElement(RemoteWebDriver.java:344) ~[selenium-remote-driver-4.8.2.jar:?]
	at org.openqa.selenium.support.ui.ExpectedConditions$6.apply(ExpectedConditions.java:174) ~[selenium-support-4.8.2.jar:?]
	at org.openqa.selenium.support.ui.ExpectedConditions$6.apply(ExpectedConditions.java:171) ~[selenium-support-4.8.2.jar:?]
	at org.openqa.selenium.support.ui.FluentWait.until(FluentWait.java:208) ~[selenium-support-4.8.2.jar:?]
	... 28 more

10:31:31.098 [main] ERROR com.appiancorp.ps.automatedtest.exception.ExceptionBuilder - Wait for Button - NEXT
org.openqa.selenium.TimeoutException: Expected condition failed: waiting for presence of element located by: By.xpath: //button[descendant::span[descendant::span[contains(translate(text(),'ABCDEFGHIJKLMNOPQRSTUVWXYZ','abcdefghijklmnopqrstuvwxyz'),'next')]] and not(contains(@class, 'button-disabled'))] (tried for 10 second(s) with 500 milliseconds interval)
	at org.openqa.selenium.support.ui.WebDriverWait.timeoutException(WebDriverWait.java:87) ~[selenium-support-4.8.2.jar:?]
	at org.openqa.selenium.support.ui.FluentWait.until(FluentWait.java:231) ~[selenium-support-4.8.2.jar:?]
	at com.appiancorp.ps.automatedtest.tempo.interfaces.TempoButton.waitFor(TempoButton.java:70) [appian-selenium-api-23.1.2.jar:?]
	at com.appiancorp.ps.automatedtest.fixture.TempoFixture.clickOnButton(TempoFixture.java:2449) [appian-selenium-api-23.1.2.jar:?]
	at sun.reflect.NativeMethodAccessorImpl.invoke0(Native Method) ~[?:1.8.0_202]
	at sun.reflect.NativeMethodAccessorImpl.invoke(Unknown Source) ~[?:1.8.0_202]
	at sun.reflect.DelegatingMethodAccessorImpl.invoke(Unknown Source) ~[?:1.8.0_202]
	at java.lang.reflect.Method.invoke(Unknown Source) ~[?:1.8.0_202]
	at fitnesse.slim.fixtureInteraction.SimpleInteraction.methodInvoke(SimpleInteraction.java:322) [fitnesse-20221219-standalone.jar:20221219]
	at fitnesse.slim.fixtureInteraction.SimpleInteraction.callMethod(SimpleInteraction.java:307) [fitnesse-20221219-standalone.jar:20221219]
	at fitnesse.slim.fixtureInteraction.SimpleInteraction.invokeMethod(SimpleInteraction.java:290) [fitnesse-20221219-standalone.jar:20221219]
	at fitnesse.slim.fixtureInteraction.SimpleInteraction.findAndInvoke(SimpleInteraction.java:217) [fitnesse-20221219-standalone.jar:20221219]
	at fitnesse.slim.MethodExecutor.findAndInvoke(MethodExecutor.java:18) [fitnesse-20221219-standalone.jar:20221219]
	at fitnesse.slim.FixtureMethodExecutor.execute(FixtureMethodExecutor.java:18) [fitnesse-20221219-standalone.jar:20221219]
	at fitnesse.slim.StatementExecutor.getMethodExecutionResult(StatementExecutor.java:139) [fitnesse-20221219-standalone.jar:20221219]
	at fitnesse.slim.StatementExecutor.call(StatementExecutor.java:112) [fitnesse-20221219-standalone.jar:20221219]
	at fitnesse.slim.instructions.CallAndOptionalAssignInstruction.executeInternal(CallAndOptionalAssignInstruction.java:30) [fitnesse-20221219-standalone.jar:20221219]
	at fitnesse.slim.instructions.Instruction.execute(Instruction.java:29) [fitnesse-20221219-standalone.jar:20221219]
	at fitnesse.slim.ListExecutor$Executive.executeStatement(ListExecutor.java:49) [fitnesse-20221219-standalone.jar:20221219]
	at fitnesse.slim.ListExecutor$Executive.executeStatements(ListExecutor.java:43) [fitnesse-20221219-standalone.jar:20221219]
	at fitnesse.slim.ListExecutor.execute(ListExecutor.java:85) [fitnesse-20221219-standalone.jar:20221219]
	at fitnesse.slim.SlimServer.executeInstructions(SlimServer.java:84) [fitnesse-20221219-standalone.jar:20221219]
	at fitnesse.slim.SlimServer.processOneSetOfInstructions(SlimServer.java:77) [fitnesse-20221219-standalone.jar:20221219]
	at fitnesse.slim.SlimServer.tryProcessInstructions(SlimServer.java:64) [fitnesse-20221219-standalone.jar:20221219]
	at fitnesse.slim.SlimServer.serve(SlimServer.java:49) [fitnesse-20221219-standalone.jar:20221219]
	at fitnesse.slim.SlimService.handle(SlimService.java:169) [fitnesse-20221219-standalone.jar:20221219]
	at fitnesse.slim.SlimService.acceptOne(SlimService.java:177) [fitnesse-20221219-standalone.jar:20221219]
	at fitnesse.slim.SlimService.accept(SlimService.java:139) [fitnesse-20221219-standalone.jar:20221219]
	at fitnesse.slim.SlimService.startWithFactory(SlimService.java:92) [fitnesse-20221219-standalone.jar:20221219]
	at fitnesse.slim.SlimService.main(SlimService.java:57) [fitnesse-20221219-standalone.jar:20221219]
Caused by: org.openqa.selenium.NoSuchElementException: no such element: Unable to locate element: {"method":"xpath","selector":"//button[descendant::span[descendant::span[contains(translate(text(),'ABCDEFGHIJKLMNOPQRSTUVWXYZ','abcdefghijklmnopqrstuvwxyz'),'next')]] and not(contains(@class, 'button-disabled'))]"}
  (Session info: chrome=114.0.5735.110)
For documentation on this error, please visit: https://selenium.dev/exceptions/#no_such_element
Build info: version: '4.8.2', revision: '826dbfc730'
System info: os.name: 'Windows 10', os.arch: 'amd64', os.version: '10.0', java.version: '1.8.0_202'
Driver info: org.openqa.selenium.chrome.ChromeDriver
Command: [cf05f637a01cd1b6ca8e93cbf6d41adb, findElement {using=xpath, value=//button[descendant::span[descendant::span[contains(translate(text(),'ABCDEFGHIJKLMNOPQRSTUVWXYZ','abcdefghijklmnopqrstuvwxyz'),'next')]] and not(contains(@class, 'button-disabled'))]}]
Capabilities {acceptInsecureCerts: false, browserName: chrome, browserVersion: 114.0.5735.110, chrome: {chromedriverVersion: 114.0.5735.90 (386bc09e8f4f..., userDataDir: C:\Users\ashwinir\AppData\L...}, goog:chromeOptions: {debuggerAddress: localhost:61244}, networkConnectionEnabled: false, pageLoadStrategy: normal, platformName: WINDOWS, proxy: Proxy(), se:cdp: ws://localhost:61244/devtoo..., se:cdpVersion: 114.0.5735.110, setWindowRect: true, strictFileInteractability: false, timeouts: {implicit: 0, pageLoad: 300000, script: 30000}, unhandledPromptBehavior: dismiss and notify, webauthn:extension:credBlob: true, webauthn:extension:largeBlob: true, webauthn:extension:minPinLength: true, webauthn:extension:prf: true, webauthn:virtualAuthenticators: true}
Session ID: cf05f637a01cd1b6ca8e93cbf6d41adb
	at sun.reflect.GeneratedConstructorAccessor20.newInstance(Unknown Source) ~[?:?]
	at sun.reflect.DelegatingConstructorAccessorImpl.newInstance(Unknown Source) ~[?:1.8.0_202]
	at java.lang.reflect.Constructor.newInstance(Unknown Source) ~[?:1.8.0_202]
	at org.openqa.selenium.remote.codec.w3c.W3CHttpResponseCodec.createException(W3CHttpResponseCodec.java:200) ~[selenium-remote-driver-4.8.2.jar:?]
	at org.openqa.selenium.remote.codec.w3c.W3CHttpResponseCodec.decode(W3CHttpResponseCodec.java:133) ~[selenium-remote-driver-4.8.2.jar:?]
	at org.openqa.selenium.remote.codec.w3c.W3CHttpResponseCodec.decode(W3CHttpResponseCodec.java:53) ~[selenium-remote-driver-4.8.2.jar:?]
	at org.openqa.selenium.remote.HttpCommandExecutor.execute(HttpCommandExecutor.java:193) ~[selenium-remote-driver-4.8.2.jar:?]
	at org.openqa.selenium.remote.service.DriverCommandExecutor.invokeExecute(DriverCommandExecutor.java:183) ~[selenium-remote-driver-4.8.2.jar:?]
	at org.openqa.selenium.remote.service.DriverCommandExecutor.execute(DriverCommandExecutor.java:158) ~[selenium-remote-driver-4.8.2.jar:?]
	at org.openqa.selenium.remote.RemoteWebDriver.execute(RemoteWebDriver.java:543) ~[selenium-remote-driver-4.8.2.jar:?]
	at org.openqa.selenium.remote.ElementLocation$ElementFinder$2.findElement(ElementLocation.java:162) ~[selenium-remote-driver-4.8.2.jar:?]
	at org.openqa.selenium.remote.ElementLocation.findElement(ElementLocation.java:60) ~[selenium-remote-driver-4.8.2.jar:?]
	at org.openqa.selenium.remote.RemoteWebDriver.findElement(RemoteWebDriver.java:352) ~[selenium-remote-driver-4.8.2.jar:?]
	at org.openqa.selenium.remote.RemoteWebDriver.findElement(RemoteWebDriver.java:344) ~[selenium-remote-driver-4.8.2.jar:?]
	at org.openqa.selenium.support.ui.ExpectedConditions$6.apply(ExpectedConditions.java:174) ~[selenium-support-4.8.2.jar:?]
	at org.openqa.selenium.support.ui.ExpectedConditions$6.apply(ExpectedConditions.java:171) ~[selenium-support-4.8.2.jar:?]
	at org.openqa.selenium.support.ui.FluentWait.until(FluentWait.java:208) ~[selenium-support-4.8.2.jar:?]
	... 28 more

10:31:41.554 [main] ERROR com.appiancorp.ps.automatedtest.exception.ExceptionBuilder - Wait for Button - NEXT
org.openqa.selenium.TimeoutException: Expected condition failed: waiting for presence of element located by: By.xpath: //button[descendant::span[descendant::span[contains(translate(text(),'ABCDEFGHIJKLMNOPQRSTUVWXYZ','abcdefghijklmnopqrstuvwxyz'),'next')]] and not(contains(@class, 'button-disabled'))] (tried for 10 second(s) with 500 milliseconds interval)
	at org.openqa.selenium.support.ui.WebDriverWait.timeoutException(WebDriverWait.java:87) ~[selenium-support-4.8.2.jar:?]
	at org.openqa.selenium.support.ui.FluentWait.until(FluentWait.java:231) ~[selenium-support-4.8.2.jar:?]
	at com.appiancorp.ps.automatedtest.tempo.interfaces.TempoButton.waitFor(TempoButton.java:70) [appian-selenium-api-23.1.2.jar:?]
	at com.appiancorp.ps.automatedtest.fixture.TempoFixture.clickOnButton(TempoFixture.java:2449) [appian-selenium-api-23.1.2.jar:?]
	at sun.reflect.NativeMethodAccessorImpl.invoke0(Native Method) ~[?:1.8.0_202]
	at sun.reflect.NativeMethodAccessorImpl.invoke(Unknown Source) ~[?:1.8.0_202]
	at sun.reflect.DelegatingMethodAccessorImpl.invoke(Unknown Source) ~[?:1.8.0_202]
	at java.lang.reflect.Method.invoke(Unknown Source) ~[?:1.8.0_202]
	at fitnesse.slim.fixtureInteraction.SimpleInteraction.methodInvoke(SimpleInteraction.java:322) [fitnesse-20221219-standalone.jar:20221219]
	at fitnesse.slim.fixtureInteraction.SimpleInteraction.callMethod(SimpleInteraction.java:307) [fitnesse-20221219-standalone.jar:20221219]
	at fitnesse.slim.fixtureInteraction.SimpleInteraction.invokeMethod(SimpleInteraction.java:290) [fitnesse-20221219-standalone.jar:20221219]
	at fitnesse.slim.fixtureInteraction.SimpleInteraction.findAndInvoke(SimpleInteraction.java:217) [fitnesse-20221219-standalone.jar:20221219]
	at fitnesse.slim.MethodExecutor.findAndInvoke(MethodExecutor.java:18) [fitnesse-20221219-standalone.jar:20221219]
	at fitnesse.slim.FixtureMethodExecutor.execute(FixtureMethodExecutor.java:18) [fitnesse-20221219-standalone.jar:20221219]
	at fitnesse.slim.StatementExecutor.getMethodExecutionResult(StatementExecutor.java:139) [fitnesse-20221219-standalone.jar:20221219]
	at fitnesse.slim.StatementExecutor.call(StatementExecutor.java:112) [fitnesse-20221219-standalone.jar:20221219]
	at fitnesse.slim.instructions.CallAndOptionalAssignInstruction.executeInternal(CallAndOptionalAssignInstruction.java:30) [fitnesse-20221219-standalone.jar:20221219]
	at fitnesse.slim.instructions.Instruction.execute(Instruction.java:29) [fitnesse-20221219-standalone.jar:20221219]
	at fitnesse.slim.ListExecutor$Executive.executeStatement(ListExecutor.java:49) [fitnesse-20221219-standalone.jar:20221219]
	at fitnesse.slim.ListExecutor$Executive.executeStatements(ListExecutor.java:43) [fitnesse-20221219-standalone.jar:20221219]
	at fitnesse.slim.ListExecutor.execute(ListExecutor.java:85) [fitnesse-20221219-standalone.jar:20221219]
	at fitnesse.slim.SlimServer.executeInstructions(SlimServer.java:84) [fitnesse-20221219-standalone.jar:20221219]
	at fitnesse.slim.SlimServer.processOneSetOfInstructions(SlimServer.java:77) [fitnesse-20221219-standalone.jar:20221219]
	at fitnesse.slim.SlimServer.tryProcessInstructions(SlimServer.java:64) [fitnesse-20221219-standalone.jar:20221219]
	at fitnesse.slim.SlimServer.serve(SlimServer.java:49) [fitnesse-20221219-standalone.jar:20221219]
	at fitnesse.slim.SlimService.handle(SlimService.java:169) [fitnesse-20221219-standalone.jar:20221219]
	at fitnesse.slim.SlimService.acceptOne(SlimService.java:177) [fitnesse-20221219-standalone.jar:20221219]
	at fitnesse.slim.SlimService.accept(SlimService.java:139) [fitnesse-20221219-standalone.jar:20221219]
	at fitnesse.slim.SlimService.startWithFactory(SlimService.java:92) [fitnesse-20221219-standalone.jar:20221219]
	at fitnesse.slim.SlimService.main(SlimService.java:57) [fitnesse-20221219-standalone.jar:20221219]
Caused by: org.openqa.selenium.NoSuchElementException: no such element: Unable to locate element: {"method":"xpath","selector":"//button[descendant::span[descendant::span[contains(translate(text(),'ABCDEFGHIJKLMNOPQRSTUVWXYZ','abcdefghijklmnopqrstuvwxyz'),'next')]] and not(contains(@class, 'button-disabled'))]"}
  (Session info: chrome=114.0.5735.110)
For documentation on this error, please visit: https://selenium.dev/exceptions/#no_such_element
Build info: version: '4.8.2', revision: '826dbfc730'
System info: os.name: 'Windows 10', os.arch: 'amd64', os.version: '10.0', java.version: '1.8.0_202'
Driver info: org.openqa.selenium.chrome.ChromeDriver
Command: [cf05f637a01cd1b6ca8e93cbf6d41adb, findElement {using=xpath, value=//button[descendant::span[descendant::span[contains(translate(text(),'ABCDEFGHIJKLMNOPQRSTUVWXYZ','abcdefghijklmnopqrstuvwxyz'),'next')]] and not(contains(@class, 'button-disabled'))]}]
Capabilities {acceptInsecureCerts: false, browserName: chrome, browserVersion: 114.0.5735.110, chrome: {chromedriverVersion: 114.0.5735.90 (386bc09e8f4f..., userDataDir: C:\Users\ashwinir\AppData\L...}, goog:chromeOptions: {debuggerAddress: localhost:61244}, networkConnectionEnabled: false, pageLoadStrategy: normal, platformName: WINDOWS, proxy: Proxy(), se:cdp: ws://localhost:61244/devtoo..., se:cdpVersion: 114.0.5735.110, setWindowRect: true, strictFileInteractability: false, timeouts: {implicit: 0, pageLoad: 300000, script: 30000}, unhandledPromptBehavior: dismiss and notify, webauthn:extension:credBlob: true, webauthn:extension:largeBlob: true, webauthn:extension:minPinLength: true, webauthn:extension:prf: true, webauthn:virtualAuthenticators: true}
Session ID: cf05f637a01cd1b6ca8e93cbf6d41adb
	at sun.reflect.GeneratedConstructorAccessor20.newInstance(Unknown Source) ~[?:?]
	at sun.reflect.DelegatingConstructorAccessorImpl.newInstance(Unknown Source) ~[?:1.8.0_202]
	at java.lang.reflect.Constructor.newInstance(Unknown Source) ~[?:1.8.0_202]
	at org.openqa.selenium.remote.codec.w3c.W3CHttpResponseCodec.createException(W3CHttpResponseCodec.java:200) ~[selenium-remote-driver-4.8.2.jar:?]
	at org.openqa.selenium.remote.codec.w3c.W3CHttpResponseCodec.decode(W3CHttpResponseCodec.java:133) ~[selenium-remote-driver-4.8.2.jar:?]
	at org.openqa.selenium.remote.codec.w3c.W3CHttpResponseCodec.decode(W3CHttpResponseCodec.java:53) ~[selenium-remote-driver-4.8.2.jar:?]
	at org.openqa.selenium.remote.HttpCommandExecutor.execute(HttpCommandExecutor.java:193) ~[selenium-remote-driver-4.8.2.jar:?]
	at org.openqa.selenium.remote.service.DriverCommandExecutor.invokeExecute(DriverCommandExecutor.java:183) ~[selenium-remote-driver-4.8.2.jar:?]
	at org.openqa.selenium.remote.service.DriverCommandExecutor.execute(DriverCommandExecutor.java:158) ~[selenium-remote-driver-4.8.2.jar:?]
	at org.openqa.selenium.remote.RemoteWebDriver.execute(RemoteWebDriver.java:543) ~[selenium-remote-driver-4.8.2.jar:?]
	at org.openqa.selenium.remote.ElementLocation$ElementFinder$2.findElement(ElementLocation.java:162) ~[selenium-remote-driver-4.8.2.jar:?]
	at org.openqa.selenium.remote.ElementLocation.findElement(ElementLocation.java:60) ~[selenium-remote-driver-4.8.2.jar:?]
	at org.openqa.selenium.remote.RemoteWebDriver.findElement(RemoteWebDriver.java:352) ~[selenium-remote-driver-4.8.2.jar:?]
	at org.openqa.selenium.remote.RemoteWebDriver.findElement(RemoteWebDriver.java:344) ~[selenium-remote-driver-4.8.2.jar:?]
	at org.openqa.selenium.support.ui.ExpectedConditions$6.apply(ExpectedConditions.java:174) ~[selenium-support-4.8.2.jar:?]
	at org.openqa.selenium.support.ui.ExpectedConditions$6.apply(ExpectedConditions.java:171) ~[selenium-support-4.8.2.jar:?]
	at org.openqa.selenium.support.ui.FluentWait.until(FluentWait.java:208) ~[selenium-support-4.8.2.jar:?]
	... 28 more

10:31:51.898 [main] ERROR com.appiancorp.ps.automatedtest.exception.ExceptionBuilder - Wait for Button - NEXT
org.openqa.selenium.TimeoutException: Expected condition failed: waiting for presence of element located by: By.xpath: //button[descendant::span[descendant::span[contains(translate(text(),'ABCDEFGHIJKLMNOPQRSTUVWXYZ','abcdefghijklmnopqrstuvwxyz'),'next')]] and not(contains(@class, 'button-disabled'))] (tried for 10 second(s) with 500 milliseconds interval)
	at org.openqa.selenium.support.ui.WebDriverWait.timeoutException(WebDriverWait.java:87) ~[selenium-support-4.8.2.jar:?]
	at org.openqa.selenium.support.ui.FluentWait.until(FluentWait.java:231) ~[selenium-support-4.8.2.jar:?]
	at com.appiancorp.ps.automatedtest.tempo.interfaces.TempoButton.waitFor(TempoButton.java:70) [appian-selenium-api-23.1.2.jar:?]
	at com.appiancorp.ps.automatedtest.fixture.TempoFixture.clickOnButton(TempoFixture.java:2449) [appian-selenium-api-23.1.2.jar:?]
	at sun.reflect.NativeMethodAccessorImpl.invoke0(Native Method) ~[?:1.8.0_202]
	at sun.reflect.NativeMethodAccessorImpl.invoke(Unknown Source) ~[?:1.8.0_202]
	at sun.reflect.DelegatingMethodAccessorImpl.invoke(Unknown Source) ~[?:1.8.0_202]
	at java.lang.reflect.Method.invoke(Unknown Source) ~[?:1.8.0_202]
	at fitnesse.slim.fixtureInteraction.SimpleInteraction.methodInvoke(SimpleInteraction.java:322) [fitnesse-20221219-standalone.jar:20221219]
	at fitnesse.slim.fixtureInteraction.SimpleInteraction.callMethod(SimpleInteraction.java:307) [fitnesse-20221219-standalone.jar:20221219]
	at fitnesse.slim.fixtureInteraction.SimpleInteraction.invokeMethod(SimpleInteraction.java:290) [fitnesse-20221219-standalone.jar:20221219]
	at fitnesse.slim.fixtureInteraction.SimpleInteraction.findAndInvoke(SimpleInteraction.java:217) [fitnesse-20221219-standalone.jar:20221219]
	at fitnesse.slim.MethodExecutor.findAndInvoke(MethodExecutor.java:18) [fitnesse-20221219-standalone.jar:20221219]
	at fitnesse.slim.FixtureMethodExecutor.execute(FixtureMethodExecutor.java:18) [fitnesse-20221219-standalone.jar:20221219]
	at fitnesse.slim.StatementExecutor.getMethodExecutionResult(StatementExecutor.java:139) [fitnesse-20221219-standalone.jar:20221219]
	at fitnesse.slim.StatementExecutor.call(StatementExecutor.java:112) [fitnesse-20221219-standalone.jar:20221219]
	at fitnesse.slim.instructions.CallAndOptionalAssignInstruction.executeInternal(CallAndOptionalAssignInstruction.java:30) [fitnesse-20221219-standalone.jar:20221219]
	at fitnesse.slim.instructions.Instruction.execute(Instruction.java:29) [fitnesse-20221219-standalone.jar:20221219]
	at fitnesse.slim.ListExecutor$Executive.executeStatement(ListExecutor.java:49) [fitnesse-20221219-standalone.jar:20221219]
	at fitnesse.slim.ListExecutor$Executive.executeStatements(ListExecutor.java:43) [fitnesse-20221219-standalone.jar:20221219]
	at fitnesse.slim.ListExecutor.execute(ListExecutor.java:85) [fitnesse-20221219-standalone.jar:20221219]
	at fitnesse.slim.SlimServer.executeInstructions(SlimServer.java:84) [fitnesse-20221219-standalone.jar:20221219]
	at fitnesse.slim.SlimServer.processOneSetOfInstructions(SlimServer.java:77) [fitnesse-20221219-standalone.jar:20221219]
	at fitnesse.slim.SlimServer.tryProcessInstructions(SlimServer.java:64) [fitnesse-20221219-standalone.jar:20221219]
	at fitnesse.slim.SlimServer.serve(SlimServer.java:49) [fitnesse-20221219-standalone.jar:20221219]
	at fitnesse.slim.SlimService.handle(SlimService.java:169) [fitnesse-20221219-standalone.jar:20221219]
	at fitnesse.slim.SlimService.acceptOne(SlimService.java:177) [fitnesse-20221219-standalone.jar:20221219]
	at fitnesse.slim.SlimService.accept(SlimService.java:139) [fitnesse-20221219-standalone.jar:20221219]
	at fitnesse.slim.SlimService.startWithFactory(SlimService.java:92) [fitnesse-20221219-standalone.jar:20221219]
	at fitnesse.slim.SlimService.main(SlimService.java:57) [fitnesse-20221219-standalone.jar:20221219]
Caused by: org.openqa.selenium.NoSuchElementException: no such element: Unable to locate element: {"method":"xpath","selector":"//button[descendant::span[descendant::span[contains(translate(text(),'ABCDEFGHIJKLMNOPQRSTUVWXYZ','abcdefghijklmnopqrstuvwxyz'),'next')]] and not(contains(@class, 'button-disabled'))]"}
  (Session info: chrome=114.0.5735.110)
For documentation on this error, please visit: https://selenium.dev/exceptions/#no_such_element
Build info: version: '4.8.2', revision: '826dbfc730'
System info: os.name: 'Windows 10', os.arch: 'amd64', os.version: '10.0', java.version: '1.8.0_202'
Driver info: org.openqa.selenium.chrome.ChromeDriver
Command: [cf05f637a01cd1b6ca8e93cbf6d41adb, findElement {using=xpath, value=//button[descendant::span[descendant::span[contains(translate(text(),'ABCDEFGHIJKLMNOPQRSTUVWXYZ','abcdefghijklmnopqrstuvwxyz'),'next')]] and not(contains(@class, 'button-disabled'))]}]
Capabilities {acceptInsecureCerts: false, browserName: chrome, browserVersion: 114.0.5735.110, chrome: {chromedriverVersion: 114.0.5735.90 (386bc09e8f4f..., userDataDir: C:\Users\ashwinir\AppData\L...}, goog:chromeOptions: {debuggerAddress: localhost:61244}, networkConnectionEnabled: false, pageLoadStrategy: normal, platformName: WINDOWS, proxy: Proxy(), se:cdp: ws://localhost:61244/devtoo..., se:cdpVersion: 114.0.5735.110, setWindowRect: true, strictFileInteractability: false, timeouts: {implicit: 0, pageLoad: 300000, script: 30000}, unhandledPromptBehavior: dismiss and notify, webauthn:extension:credBlob: true, webauthn:extension:largeBlob: true, webauthn:extension:minPinLength: true, webauthn:extension:prf: true, webauthn:virtualAuthenticators: true}
Session ID: cf05f637a01cd1b6ca8e93cbf6d41adb
	at sun.reflect.GeneratedConstructorAccessor20.newInstance(Unknown Source) ~[?:?]
	at sun.reflect.DelegatingConstructorAccessorImpl.newInstance(Unknown Source) ~[?:1.8.0_202]
	at java.lang.reflect.Constructor.newInstance(Unknown Source) ~[?:1.8.0_202]
	at org.openqa.selenium.remote.codec.w3c.W3CHttpResponseCodec.createException(W3CHttpResponseCodec.java:200) ~[selenium-remote-driver-4.8.2.jar:?]
	at org.openqa.selenium.remote.codec.w3c.W3CHttpResponseCodec.decode(W3CHttpResponseCodec.java:133) ~[selenium-remote-driver-4.8.2.jar:?]
	at org.openqa.selenium.remote.codec.w3c.W3CHttpResponseCodec.decode(W3CHttpResponseCodec.java:53) ~[selenium-remote-driver-4.8.2.jar:?]
	at org.openqa.selenium.remote.HttpCommandExecutor.execute(HttpCommandExecutor.java:193) ~[selenium-remote-driver-4.8.2.jar:?]
	at org.openqa.selenium.remote.service.DriverCommandExecutor.invokeExecute(DriverCommandExecutor.java:183) ~[selenium-remote-driver-4.8.2.jar:?]
	at org.openqa.selenium.remote.service.DriverCommandExecutor.execute(DriverCommandExecutor.java:158) ~[selenium-remote-driver-4.8.2.jar:?]
	at org.openqa.selenium.remote.RemoteWebDriver.execute(RemoteWebDriver.java:543) ~[selenium-remote-driver-4.8.2.jar:?]
	at org.openqa.selenium.remote.ElementLocation$ElementFinder$2.findElement(ElementLocation.java:162) ~[selenium-remote-driver-4.8.2.jar:?]
	at org.openqa.selenium.remote.ElementLocation.findElement(ElementLocation.java:60) ~[selenium-remote-driver-4.8.2.jar:?]
	at org.openqa.selenium.remote.RemoteWebDriver.findElement(RemoteWebDriver.java:352) ~[selenium-remote-driver-4.8.2.jar:?]
	at org.openqa.selenium.remote.RemoteWebDriver.findElement(RemoteWebDriver.java:344) ~[selenium-remote-driver-4.8.2.jar:?]
	at org.openqa.selenium.support.ui.ExpectedConditions$6.apply(ExpectedConditions.java:174) ~[selenium-support-4.8.2.jar:?]
	at org.openqa.selenium.support.ui.ExpectedConditions$6.apply(ExpectedConditions.java:171) ~[selenium-support-4.8.2.jar:?]
	at org.openqa.selenium.support.ui.FluentWait.until(FluentWait.java:208) ~[selenium-support-4.8.2.jar:?]
	... 28 more

10:32:02.179 [main] ERROR com.appiancorp.ps.automatedtest.exception.ExceptionBuilder - Wait for Button - ACCREDIT
org.openqa.selenium.TimeoutException: Expected condition failed: waiting for presence of element located by: By.xpath: //button[descendant::span[descendant::span[contains(translate(text(),'ABCDEFGHIJKLMNOPQRSTUVWXYZ','abcdefghijklmnopqrstuvwxyz'),'accredit')]] and not(contains(@class, 'button-disabled'))] (tried for 10 second(s) with 500 milliseconds interval)
	at org.openqa.selenium.support.ui.WebDriverWait.timeoutException(WebDriverWait.java:87) ~[selenium-support-4.8.2.jar:?]
	at org.openqa.selenium.support.ui.FluentWait.until(FluentWait.java:231) ~[selenium-support-4.8.2.jar:?]
	at com.appiancorp.ps.automatedtest.tempo.interfaces.TempoButton.waitFor(TempoButton.java:70) [appian-selenium-api-23.1.2.jar:?]
	at com.appiancorp.ps.automatedtest.fixture.TempoFixture.clickOnButton(TempoFixture.java:2449) [appian-selenium-api-23.1.2.jar:?]
	at sun.reflect.NativeMethodAccessorImpl.invoke0(Native Method) ~[?:1.8.0_202]
	at sun.reflect.NativeMethodAccessorImpl.invoke(Unknown Source) ~[?:1.8.0_202]
	at sun.reflect.DelegatingMethodAccessorImpl.invoke(Unknown Source) ~[?:1.8.0_202]
	at java.lang.reflect.Method.invoke(Unknown Source) ~[?:1.8.0_202]
	at fitnesse.slim.fixtureInteraction.SimpleInteraction.methodInvoke(SimpleInteraction.java:322) [fitnesse-20221219-standalone.jar:20221219]
	at fitnesse.slim.fixtureInteraction.SimpleInteraction.callMethod(SimpleInteraction.java:307) [fitnesse-20221219-standalone.jar:20221219]
	at fitnesse.slim.fixtureInteraction.SimpleInteraction.invokeMethod(SimpleInteraction.java:290) [fitnesse-20221219-standalone.jar:20221219]
	at fitnesse.slim.fixtureInteraction.SimpleInteraction.findAndInvoke(SimpleInteraction.java:217) [fitnesse-20221219-standalone.jar:20221219]
	at fitnesse.slim.MethodExecutor.findAndInvoke(MethodExecutor.java:18) [fitnesse-20221219-standalone.jar:20221219]
	at fitnesse.slim.FixtureMethodExecutor.execute(FixtureMethodExecutor.java:18) [fitnesse-20221219-standalone.jar:20221219]
	at fitnesse.slim.StatementExecutor.getMethodExecutionResult(StatementExecutor.java:139) [fitnesse-20221219-standalone.jar:20221219]
	at fitnesse.slim.StatementExecutor.call(StatementExecutor.java:112) [fitnesse-20221219-standalone.jar:20221219]
	at fitnesse.slim.instructions.CallAndOptionalAssignInstruction.executeInternal(CallAndOptionalAssignInstruction.java:30) [fitnesse-20221219-standalone.jar:20221219]
	at fitnesse.slim.instructions.Instruction.execute(Instruction.java:29) [fitnesse-20221219-standalone.jar:20221219]
	at fitnesse.slim.ListExecutor$Executive.executeStatement(ListExecutor.java:49) [fitnesse-20221219-standalone.jar:20221219]
	at fitnesse.slim.ListExecutor$Executive.executeStatements(ListExecutor.java:43) [fitnesse-20221219-standalone.jar:20221219]
	at fitnesse.slim.ListExecutor.execute(ListExecutor.java:85) [fitnesse-20221219-standalone.jar:20221219]
	at fitnesse.slim.SlimServer.executeInstructions(SlimServer.java:84) [fitnesse-20221219-standalone.jar:20221219]
	at fitnesse.slim.SlimServer.processOneSetOfInstructions(SlimServer.java:77) [fitnesse-20221219-standalone.jar:20221219]
	at fitnesse.slim.SlimServer.tryProcessInstructions(SlimServer.java:64) [fitnesse-20221219-standalone.jar:20221219]
	at fitnesse.slim.SlimServer.serve(SlimServer.java:49) [fitnesse-20221219-standalone.jar:20221219]
	at fitnesse.slim.SlimService.handle(SlimService.java:169) [fitnesse-20221219-standalone.jar:20221219]
	at fitnesse.slim.SlimService.acceptOne(SlimService.java:177) [fitnesse-20221219-standalone.jar:20221219]
	at fitnesse.slim.SlimService.accept(SlimService.java:139) [fitnesse-20221219-standalone.jar:20221219]
	at fitnesse.slim.SlimService.startWithFactory(SlimService.java:92) [fitnesse-20221219-standalone.jar:20221219]
	at fitnesse.slim.SlimService.main(SlimService.java:57) [fitnesse-20221219-standalone.jar:20221219]
Caused by: org.openqa.selenium.NoSuchElementException: no such element: Unable to locate element: {"method":"xpath","selector":"//button[descendant::span[descendant::span[contains(translate(text(),'ABCDEFGHIJKLMNOPQRSTUVWXYZ','abcdefghijklmnopqrstuvwxyz'),'accredit')]] and not(contains(@class, 'button-disabled'))]"}
  (Session info: chrome=114.0.5735.110)
For documentation on this error, please visit: https://selenium.dev/exceptions/#no_such_element
Build info: version: '4.8.2', revision: '826dbfc730'
System info: os.name: 'Windows 10', os.arch: 'amd64', os.version: '10.0', java.version: '1.8.0_202'
Driver info: org.openqa.selenium.chrome.ChromeDriver
Command: [cf05f637a01cd1b6ca8e93cbf6d41adb, findElement {using=xpath, value=//button[descendant::span[descendant::span[contains(translate(text(),'ABCDEFGHIJKLMNOPQRSTUVWXYZ','abcdefghijklmnopqrstuvwxyz'),'accredit')]] and not(contains(@class, 'button-disabled'))]}]
Capabilities {acceptInsecureCerts: false, browserName: chrome, browserVersion: 114.0.5735.110, chrome: {chromedriverVersion: 114.0.5735.90 (386bc09e8f4f..., userDataDir: C:\Users\ashwinir\AppData\L...}, goog:chromeOptions: {debuggerAddress: localhost:61244}, networkConnectionEnabled: false, pageLoadStrategy: normal, platformName: WINDOWS, proxy: Proxy(), se:cdp: ws://localhost:61244/devtoo..., se:cdpVersion: 114.0.5735.110, setWindowRect: true, strictFileInteractability: false, timeouts: {implicit: 0, pageLoad: 300000, script: 30000}, unhandledPromptBehavior: dismiss and notify, webauthn:extension:credBlob: true, webauthn:extension:largeBlob: true, webauthn:extension:minPinLength: true, webauthn:extension:prf: true, webauthn:virtualAuthenticators: true}
Session ID: cf05f637a01cd1b6ca8e93cbf6d41adb
	at sun.reflect.GeneratedConstructorAccessor20.newInstance(Unknown Source) ~[?:?]
	at sun.reflect.DelegatingConstructorAccessorImpl.newInstance(Unknown Source) ~[?:1.8.0_202]
	at java.lang.reflect.Constructor.newInstance(Unknown Source) ~[?:1.8.0_202]
	at org.openqa.selenium.remote.codec.w3c.W3CHttpResponseCodec.createException(W3CHttpResponseCodec.java:200) ~[selenium-remote-driver-4.8.2.jar:?]
	at org.openqa.selenium.remote.codec.w3c.W3CHttpResponseCodec.decode(W3CHttpResponseCodec.java:133) ~[selenium-remote-driver-4.8.2.jar:?]
	at org.openqa.selenium.remote.codec.w3c.W3CHttpResponseCodec.decode(W3CHttpResponseCodec.java:53) ~[selenium-remote-driver-4.8.2.jar:?]
	at org.openqa.selenium.remote.HttpCommandExecutor.execute(HttpCommandExecutor.java:193) ~[selenium-remote-driver-4.8.2.jar:?]
	at org.openqa.selenium.remote.service.DriverCommandExecutor.invokeExecute(DriverCommandExecutor.java:183) ~[selenium-remote-driver-4.8.2.jar:?]
	at org.openqa.selenium.remote.service.DriverCommandExecutor.execute(DriverCommandExecutor.java:158) ~[selenium-remote-driver-4.8.2.jar:?]
	at org.openqa.selenium.remote.RemoteWebDriver.execute(RemoteWebDriver.java:543) ~[selenium-remote-driver-4.8.2.jar:?]
	at org.openqa.selenium.remote.ElementLocation$ElementFinder$2.findElement(ElementLocation.java:162) ~[selenium-remote-driver-4.8.2.jar:?]
	at org.openqa.selenium.remote.ElementLocation.findElement(ElementLocation.java:60) ~[selenium-remote-driver-4.8.2.jar:?]
	at org.openqa.selenium.remote.RemoteWebDriver.findElement(RemoteWebDriver.java:352) ~[selenium-remote-driver-4.8.2.jar:?]
	at org.openqa.selenium.remote.RemoteWebDriver.findElement(RemoteWebDriver.java:344) ~[selenium-remote-driver-4.8.2.jar:?]
	at org.openqa.selenium.support.ui.ExpectedConditions$6.apply(ExpectedConditions.java:174) ~[selenium-support-4.8.2.jar:?]
	at org.openqa.selenium.support.ui.ExpectedConditions$6.apply(ExpectedConditions.java:171) ~[selenium-support-4.8.2.jar:?]
	at org.openqa.selenium.support.ui.FluentWait.until(FluentWait.java:208) ~[selenium-support-4.8.2.jar:?]
	... 28 more

</stdOut>
    <stdErr>ERROR StatusLogger Reconfiguration failed: No configuration found for '1d44bcfa' at 'null' in 'null'
SLF4J: Class path contains multiple SLF4J bindings.
SLF4J: Found binding in [jar:file:/C:/FitNesseForAppian/lib/fitnesse-20221219-standalone.jar!/org/slf4j/impl/StaticLoggerBinder.class]
SLF4J: Found binding in [jar:file:/C:/FitNesseForAppian/lib/slf4j-jdk14-1.7.36.jar!/org/slf4j/impl/StaticLoggerBinder.class]
SLF4J: See http://www.slf4j.org/codes.html#multiple_bindings for an explanation.
SLF4J: Actual binding is of type [org.slf4j.impl.JDK14LoggerFactory]
ChromeDriver was started successfully.

Jun 12, 2023 10:23:35 AM org.openqa.selenium.devtools.CdpVersionFinder findNearestMatch
WARNING: Unable to find an exact match for CDP version 114, so returning the closest version found: 111

ChromeDriver was started successfully.

Jun 12, 2023 10:25:31 AM org.openqa.selenium.devtools.CdpVersionFinder findNearestMatch
WARNING: Unable to find an exact match for CDP version 114, so returning the closest version found: 111

ChromeDriver was started successfully.

Jun 12, 2023 10:29:23 AM org.openqa.selenium.devtools.CdpVersionFinder findNearestMatch
WARNING: Unable to find an exact match for CDP version 114, so returning the closest version found: 111

</stdErr>
  </executionLog>
  <finalCounts>
    <right>0</right>
    <wrong>0</wrong>
    <ignores>0</ignores>
    <exceptions>1</exceptions>
  </finalCounts>
  <totalRunTimeInMillis>565504</totalRunTimeInMillis>
</testResults>

