<?xml version="1.0"?>
<suiteResults>
  <FitNesseVersion>v20221219</FitNesseVersion>
  <rootPath>FitNesseForAppian.Documentation.Testing.SupplierOnboarding</rootPath>
  <pageHistoryReference>
    <name>FitNesseForAppian.Documentation.Testing.SupplierOnboarding.AccreditSupplier</name>
    <date>2023-05-31T19:16:05+05:30</date>
    <pageHistoryLink>FitNesseForAppian.Documentation.Testing.SupplierOnboarding.AccreditSupplier?pageHistory&amp;resultDate=20230531191605</pageHistoryLink>
    <counts>
      <right>0</right>
      <wrong>0</wrong>
      <ignores>0</ignores>
      <exceptions>1</exceptions>
    </counts>
    <runTimeInMillis>93599</runTimeInMillis>
  </pageHistoryReference>
  <pageHistoryReference>
    <name>FitNesseForAppian.Documentation.Testing.SupplierOnboarding.AccreditSupplier.ReassignOption2</name>
    <date>2023-05-31T19:17:38+05:30</date>
    <pageHistoryLink>FitNesseForAppian.Documentation.Testing.SupplierOnboarding.AccreditSupplier.ReassignOption2?pageHistory&amp;resultDate=20230531191738</pageHistoryLink>
    <counts>
      <right>0</right>
      <wrong>0</wrong>
      <ignores>0</ignores>
      <exceptions>1</exceptions>
    </counts>
    <runTimeInMillis>92158</runTimeInMillis>
  </pageHistoryReference>
  <pageHistoryReference>
    <name>FitNesseForAppian.Documentation.Testing.SupplierOnboarding.LoginSupplier</name>
    <date>2023-05-31T19:19:11+05:30</date>
    <pageHistoryLink>FitNesseForAppian.Documentation.Testing.SupplierOnboarding.LoginSupplier?pageHistory&amp;resultDate=20230531191911</pageHistoryLink>
    <counts>
      <right>0</right>
      <wrong>0</wrong>
      <ignores>0</ignores>
      <exceptions>0</exceptions>
    </counts>
    <runTimeInMillis>157491</runTimeInMillis>
  </pageHistoryReference>
  <pageHistoryReference>
    <name>FitNesseForAppian.Documentation.Testing.SupplierOnboarding.LoginSupplier.FieldValidation</name>
    <date>2023-05-31T19:21:48+05:30</date>
    <pageHistoryLink>FitNesseForAppian.Documentation.Testing.SupplierOnboarding.LoginSupplier.FieldValidation?pageHistory&amp;resultDate=20230531192148</pageHistoryLink>
    <counts>
      <right>3</right>
      <wrong>0</wrong>
      <ignores>0</ignores>
      <exceptions>0</exceptions>
    </counts>
    <runTimeInMillis>113680</runTimeInMillis>
  </pageHistoryReference>
  <pageHistoryReference>
    <name>FitNesseForAppian.Documentation.Testing.SupplierOnboarding.LoginSupplier.Validation</name>
    <date>2023-05-31T19:23:42+05:30</date>
    <pageHistoryLink>FitNesseForAppian.Documentation.Testing.SupplierOnboarding.LoginSupplier.Validation?pageHistory&amp;resultDate=20230531192342</pageHistoryLink>
    <counts>
      <right>2</right>
      <wrong>0</wrong>
      <ignores>0</ignores>
      <exceptions>0</exceptions>
    </counts>
    <runTimeInMillis>112562</runTimeInMillis>
  </pageHistoryReference>
  <pageHistoryReference>
    <name>FitNesseForAppian.Documentation.Testing.SupplierOnboarding.ReportsPage</name>
    <date>2023-05-31T19:25:34+05:30</date>
    <pageHistoryLink>FitNesseForAppian.Documentation.Testing.SupplierOnboarding.ReportsPage?pageHistory&amp;resultDate=20230531192534</pageHistoryLink>
    <counts>
      <right>0</right>
      <wrong>0</wrong>
      <ignores>0</ignores>
      <exceptions>0</exceptions>
    </counts>
    <runTimeInMillis>76837</runTimeInMillis>
  </pageHistoryReference>
  <pageHistoryReference>
    <name>FitNesseForAppian.Documentation.Testing.SupplierOnboarding.ReviewTask</name>
    <date>2023-05-31T19:26:51+05:30</date>
    <pageHistoryLink>FitNesseForAppian.Documentation.Testing.SupplierOnboarding.ReviewTask?pageHistory&amp;resultDate=20230531192651</pageHistoryLink>
    <counts>
      <right>0</right>
      <wrong>0</wrong>
      <ignores>0</ignores>
      <exceptions>0</exceptions>
    </counts>
    <runTimeInMillis>254125</runTimeInMillis>
  </pageHistoryReference>
  <pageHistoryReference>
    <name>FitNesseForAppian.Documentation.Testing.SupplierOnboarding.SupplierSorting</name>
    <date>2023-05-31T19:31:05+05:30</date>
    <pageHistoryLink>FitNesseForAppian.Documentation.Testing.SupplierOnboarding.SupplierSorting?pageHistory&amp;resultDate=20230531193105</pageHistoryLink>
    <counts>
      <right>0</right>
      <wrong>0</wrong>
      <ignores>0</ignores>
      <exceptions>0</exceptions>
    </counts>
    <runTimeInMillis>92158</runTimeInMillis>
  </pageHistoryReference>
  <executionLog>
    <testSystem>slim:fitnesse.slim.SlimService</testSystem>
    <command>java -Dlog4j.configuration=file:///C:\FitNesseForAppian/log4j.properties -cp C:\FitNesseForAppian\lib\accessors-smart-2.4.9.jar;C:\FitNesseForAppian\lib\asm-9.3.jar;C:\FitNesseForAppian\lib\async-http-client-2.12.3.jar;C:\FitNesseForAppian\lib\async-http-client-netty-utils-2.12.3.jar;C:\FitNesseForAppian\lib\auto-common-1.2.jar;C:\FitNesseForAppian\lib\auto-service-1.0.1.jar;C:\FitNesseForAppian\lib\auto-service-annotations-1.0.1.jar;C:\FitNesseForAppian\lib\byte-buddy-1.14.2.jar;C:\FitNesseForAppian\lib\checker-qual-3.12.0.jar;C:\FitNesseForAppian\lib\commons-codec-1.15.jar;C:\FitNesseForAppian\lib\commons-exec-1.3.jar;C:\FitNesseForAppian\lib\commons-io-2.11.0.jar;C:\FitNesseForAppian\lib\commons-lang3-3.12.0.jar;C:\FitNesseForAppian\lib\commons-text-1.10.0.jar;C:\FitNesseForAppian\lib\diffutils-1.3.0.jar;C:\FitNesseForAppian\lib\error_prone_annotations-2.11.0.jar;C:\FitNesseForAppian\lib\failsafe-3.3.1.jar;C:\FitNesseForAppian\lib\failureaccess-1.0.1.jar;C:\FitNesseForAppian\lib\fitnesse-20221219-standalone.jar;C:\FitNesseForAppian\lib\google-analytics-java-2.0.0.jar;C:\FitNesseForAppian\lib\gson-2.10.1.jar;C:\FitNesseForAppian\lib\guava-31.1-jre.jar;C:\FitNesseForAppian\lib\htmllexer-2.1.jar;C:\FitNesseForAppian\lib\htmlparser-2.1.jar;C:\FitNesseForAppian\lib\httpclient-4.5.13.jar;C:\FitNesseForAppian\lib\httpcore-4.4.13.jar;C:\FitNesseForAppian\lib\j2objc-annotations-1.3.jar;C:\FitNesseForAppian\lib\jackson-annotations-2.14.2.jar;C:\FitNesseForAppian\lib\jackson-core-2.14.2.jar;C:\FitNesseForAppian\lib\jackson-databind-2.14.2.jar;C:\FitNesseForAppian\lib\jakarta.activation-1.2.2.jar;C:\FitNesseForAppian\lib\jcl-over-slf4j-1.7.25.jar;C:\FitNesseForAppian\lib\jcommander-1.82.jar;C:\FitNesseForAppian\lib\json-20230227.jar;C:\FitNesseForAppian\lib\json-path-2.8.0.jar;C:\FitNesseForAppian\lib\json-smart-2.4.10.jar;C:\FitNesseForAppian\lib\jsr305-3.0.2.jar;C:\FitNesseForAppian\lib\jtoml-2.0.0.jar;C:\FitNesseForAppian\lib\listenablefuture-9999.0-empty-to-avoid-conflict-with-guava.jar;C:\FitNesseForAppian\lib\log4j-api-2.20.0.jar;C:\FitNesseForAppian\lib\log4j-core-2.20.0.jar;C:\FitNesseForAppian\lib\netty-buffer-4.1.90.Final.jar;C:\FitNesseForAppian\lib\netty-codec-4.1.90.Final.jar;C:\FitNesseForAppian\lib\netty-codec-http-4.1.90.Final.jar;C:\FitNesseForAppian\lib\netty-codec-socks-4.1.90.Final.jar;C:\FitNesseForAppian\lib\netty-common-4.1.90.Final.jar;C:\FitNesseForAppian\lib\netty-handler-4.1.90.Final.jar;C:\FitNesseForAppian\lib\netty-handler-proxy-4.1.90.Final.jar;C:\FitNesseForAppian\lib\netty-reactive-streams-2.0.4.jar;C:\FitNesseForAppian\lib\netty-resolver-4.1.90.Final.jar;C:\FitNesseForAppian\lib\netty-transport-4.1.90.Final.jar;C:\FitNesseForAppian\lib\netty-transport-classes-epoll-4.1.90.Final.jar;C:\FitNesseForAppian\lib\netty-transport-classes-kqueue-4.1.90.Final.jar;C:\FitNesseForAppian\lib\netty-transport-native-epoll-4.1.90.Final-linux-x86_64.jar;C:\FitNesseForAppian\lib\netty-transport-native-epoll-4.1.90.Final.jar;C:\FitNesseForAppian\lib\netty-transport-native-kqueue-4.1.90.Final-osx-x86_64.jar;C:\FitNesseForAppian\lib\netty-transport-native-kqueue-4.1.90.Final.jar;C:\FitNesseForAppian\lib\netty-transport-native-unix-common-4.1.90.Final.jar;C:\FitNesseForAppian\lib\opentelemetry-api-1.24.0.jar;C:\FitNesseForAppian\lib\opentelemetry-api-events-1.24.0-alpha.jar;C:\FitNesseForAppian\lib\opentelemetry-api-logs-1.24.0-alpha.jar;C:\FitNesseForAppian\lib\opentelemetry-context-1.24.0.jar;C:\FitNesseForAppian\lib\opentelemetry-exporter-logging-1.24.0.jar;C:\FitNesseForAppian\lib\opentelemetry-sdk-1.24.0.jar;C:\FitNesseForAppian\lib\opentelemetry-sdk-common-1.24.0.jar;C:\FitNesseForAppian\lib\opentelemetry-sdk-extension-autoconfigure-1.24.0-alpha.jar;C:\FitNesseForAppian\lib\opentelemetry-sdk-extension-autoconfigure-spi-1.24.0.jar;C:\FitNesseForAppian\lib\opentelemetry-sdk-logs-1.24.0-alpha.jar;C:\FitNesseForAppian\lib\opentelemetry-sdk-metrics-1.24.0.jar;C:\FitNesseForAppian\lib\opentelemetry-sdk-trace-1.24.0.jar;C:\FitNesseForAppian\lib\opentelemetry-semconv-1.24.0-alpha.jar;C:\FitNesseForAppian\lib\reactive-streams-1.0.3.jar;C:\FitNesseForAppian\lib\selenium-api-4.8.2.jar;C:\FitNesseForAppian\lib\selenium-chrome-driver-4.8.2.jar;C:\FitNesseForAppian\lib\selenium-chromium-driver-4.8.2.jar;C:\FitNesseForAppian\lib\selenium-devtools-v109-4.8.2.jar;C:\FitNesseForAppian\lib\selenium-devtools-v110-4.8.2.jar;C:\FitNesseForAppian\lib\selenium-devtools-v111-4.8.2.jar;C:\FitNesseForAppian\lib\selenium-devtools-v85-4.8.2.jar;C:\FitNesseForAppian\lib\selenium-edge-driver-4.8.2.jar;C:\FitNesseForAppian\lib\selenium-firefox-driver-4.8.2.jar;C:\FitNesseForAppian\lib\selenium-http-4.8.2.jar;C:\FitNesseForAppian\lib\selenium-ie-driver-4.8.2.jar;C:\FitNesseForAppian\lib\selenium-java-4.8.2.jar;C:\FitNesseForAppian\lib\selenium-json-4.8.2.jar;C:\FitNesseForAppian\lib\selenium-manager-4.8.2.jar;C:\FitNesseForAppian\lib\selenium-remote-driver-4.8.2.jar;C:\FitNesseForAppian\lib\selenium-safari-driver-4.8.2.jar;C:\FitNesseForAppian\lib\selenium-support-4.8.2.jar;C:\FitNesseForAppian\lib\slf4j-api-1.7.36.jar;C:\FitNesseForAppian\lib\slf4j-jdk14-1.7.36.jar;C:\FitNesseForAppian\lib\velocity-engine-core-2.3.jar;C:\FitNesseForAppian\lib\appian\appian-selenium-api-23.1.2.jar;C:\FitNesseForAppian\lib\fitnesse-20221219-standalone.jar fitnesse.slim.SlimService 1</command>
    <exitCode>1</exitCode>
    <stdOut>19:17:17.544 [main] ERROR com.appiancorp.ps.automatedtest.exception.ExceptionBuilder - Wait for Link - Return task to all assignees
org.openqa.selenium.TimeoutException: Expected condition failed: waiting for presence of element located by: By.xpath: //a[contains(translate(text(),'ABCDEFGHIJKLMNOPQRSTUVWXYZ','abcdefghijklmnopqrstuvwxyz'),'return task to all assignees')] | //a//*[contains(translate(text(),'ABCDEFGHIJKLMNOPQRSTUVWXYZ','abcdefghijklmnopqrstuvwxyz'),'return task to all assignees')]/.. (tried for 10 second(s) with 500 milliseconds interval)
	at org.openqa.selenium.support.ui.WebDriverWait.timeoutException(WebDriverWait.java:87) ~[selenium-support-4.8.2.jar:?]
	at org.openqa.selenium.support.ui.FluentWait.until(FluentWait.java:231) ~[selenium-support-4.8.2.jar:?]
	at com.appiancorp.ps.automatedtest.tempo.interfaces.TempoLink.waitFor(TempoLink.java:56) [appian-selenium-api-23.1.2.jar:?]
	at com.appiancorp.ps.automatedtest.fixture.TempoFixture.clickOnLink(TempoFixture.java:2262) [appian-selenium-api-23.1.2.jar:?]
	at sun.reflect.NativeMethodAccessorImpl.invoke0(Native Method) ~[?:1.8.0_202]
	at sun.reflect.NativeMethodAccessorImpl.invoke(Unknown Source) ~[?:1.8.0_202]
	at sun.reflect.DelegatingMethodAccessorImpl.invoke(Unknown Source) ~[?:1.8.0_202]
	at java.lang.reflect.Method.invoke(Unknown Source) ~[?:1.8.0_202]
	at fitnesse.slim.fixtureInteraction.SimpleInteraction.methodInvoke(SimpleInteraction.java:322) [fitnesse-20221219-standalone.jar:20221219]
	at fitnesse.slim.fixtureInteraction.SimpleInteraction.callMethod(SimpleInteraction.java:307) [fitnesse-20221219-standalone.jar:20221219]
	at fitnesse.slim.fixtureInteraction.SimpleInteraction.invokeMethod(SimpleInteraction.java:290) [fitnesse-20221219-standalone.jar:20221219]
	at fitnesse.slim.fixtureInteraction.SimpleInteraction.findAndInvoke(SimpleInteraction.java:217) [fitnesse-20221219-standalone.jar:20221219]
	at fitnesse.slim.MethodExecutor.findAndInvoke(MethodExecutor.java:18) [fitnesse-20221219-standalone.jar:20221219]
	at fitnesse.slim.FixtureMethodExecutor.execute(FixtureMethodExecutor.java:18) [fitnesse-20221219-standalone.jar:20221219]
	at fitnesse.slim.StatementExecutor.getMethodExecutionResult(StatementExecutor.java:139) [fitnesse-20221219-standalone.jar:20221219]
	at fitnesse.slim.StatementExecutor.call(StatementExecutor.java:112) [fitnesse-20221219-standalone.jar:20221219]
	at fitnesse.slim.instructions.CallAndOptionalAssignInstruction.executeInternal(CallAndOptionalAssignInstruction.java:30) [fitnesse-20221219-standalone.jar:20221219]
	at fitnesse.slim.instructions.Instruction.execute(Instruction.java:29) [fitnesse-20221219-standalone.jar:20221219]
	at fitnesse.slim.ListExecutor$Executive.executeStatement(ListExecutor.java:49) [fitnesse-20221219-standalone.jar:20221219]
	at fitnesse.slim.ListExecutor$Executive.executeStatements(ListExecutor.java:43) [fitnesse-20221219-standalone.jar:20221219]
	at fitnesse.slim.ListExecutor.execute(ListExecutor.java:85) [fitnesse-20221219-standalone.jar:20221219]
	at fitnesse.slim.SlimServer.executeInstructions(SlimServer.java:84) [fitnesse-20221219-standalone.jar:20221219]
	at fitnesse.slim.SlimServer.processOneSetOfInstructions(SlimServer.java:77) [fitnesse-20221219-standalone.jar:20221219]
	at fitnesse.slim.SlimServer.tryProcessInstructions(SlimServer.java:64) [fitnesse-20221219-standalone.jar:20221219]
	at fitnesse.slim.SlimServer.serve(SlimServer.java:49) [fitnesse-20221219-standalone.jar:20221219]
	at fitnesse.slim.SlimService.handle(SlimService.java:169) [fitnesse-20221219-standalone.jar:20221219]
	at fitnesse.slim.SlimService.acceptOne(SlimService.java:177) [fitnesse-20221219-standalone.jar:20221219]
	at fitnesse.slim.SlimService.accept(SlimService.java:139) [fitnesse-20221219-standalone.jar:20221219]
	at fitnesse.slim.SlimService.startWithFactory(SlimService.java:92) [fitnesse-20221219-standalone.jar:20221219]
	at fitnesse.slim.SlimService.main(SlimService.java:57) [fitnesse-20221219-standalone.jar:20221219]
Caused by: org.openqa.selenium.NoSuchElementException: no such element: Unable to locate element: {"method":"xpath","selector":"//a[contains(translate(text(),'ABCDEFGHIJKLMNOPQRSTUVWXYZ','abcdefghijklmnopqrstuvwxyz'),'return task to all assignees')] | //a//*[contains(translate(text(),'ABCDEFGHIJKLMNOPQRSTUVWXYZ','abcdefghijklmnopqrstuvwxyz'),'return task to all assignees')]/.."}
  (Session info: chrome=113.0.5672.127)
For documentation on this error, please visit: https://selenium.dev/exceptions/#no_such_element
Build info: version: '4.8.2', revision: '826dbfc730'
System info: os.name: 'Windows 10', os.arch: 'amd64', os.version: '10.0', java.version: '1.8.0_202'
Driver info: org.openqa.selenium.chrome.ChromeDriver
Command: [818ab76153bfedf4304b78d064ce7222, findElement {using=xpath, value=//a[contains(translate(text(),'ABCDEFGHIJKLMNOPQRSTUVWXYZ','abcdefghijklmnopqrstuvwxyz'),'return task to all assignees')] | //a//*[contains(translate(text(),'ABCDEFGHIJKLMNOPQRSTUVWXYZ','abcdefghijklmnopqrstuvwxyz'),'return task to all assignees')]/..}]
Capabilities {acceptInsecureCerts: false, browserName: chrome, browserVersion: 113.0.5672.127, chrome: {chromedriverVersion: 113.0.5672.63 (0e1a4471d5ae..., userDataDir: C:\Users\ashwinir\AppData\L...}, goog:chromeOptions: {debuggerAddress: localhost:61833}, networkConnectionEnabled: false, pageLoadStrategy: normal, platformName: WINDOWS, proxy: Proxy(), se:cdp: ws://localhost:61833/devtoo..., se:cdpVersion: 113.0.5672.127, setWindowRect: true, strictFileInteractability: false, timeouts: {implicit: 0, pageLoad: 300000, script: 30000}, unhandledPromptBehavior: dismiss and notify, webauthn:extension:credBlob: true, webauthn:extension:largeBlob: true, webauthn:extension:minPinLength: true, webauthn:extension:prf: true, webauthn:virtualAuthenticators: true}
Session ID: 818ab76153bfedf4304b78d064ce7222
	at sun.reflect.GeneratedConstructorAccessor19.newInstance(Unknown Source) ~[?:?]
	at sun.reflect.DelegatingConstructorAccessorImpl.newInstance(Unknown Source) ~[?:1.8.0_202]
	at java.lang.reflect.Constructor.newInstance(Unknown Source) ~[?:1.8.0_202]
	at org.openqa.selenium.remote.codec.w3c.W3CHttpResponseCodec.createException(W3CHttpResponseCodec.java:200) ~[selenium-remote-driver-4.8.2.jar:?]
	at org.openqa.selenium.remote.codec.w3c.W3CHttpResponseCodec.decode(W3CHttpResponseCodec.java:133) ~[selenium-remote-driver-4.8.2.jar:?]
	at org.openqa.selenium.remote.codec.w3c.W3CHttpResponseCodec.decode(W3CHttpResponseCodec.java:53) ~[selenium-remote-driver-4.8.2.jar:?]
	at org.openqa.selenium.remote.HttpCommandExecutor.execute(HttpCommandExecutor.java:193) ~[selenium-remote-driver-4.8.2.jar:?]
	at org.openqa.selenium.remote.service.DriverCommandExecutor.invokeExecute(DriverCommandExecutor.java:183) ~[selenium-remote-driver-4.8.2.jar:?]
	at org.openqa.selenium.remote.service.DriverCommandExecutor.execute(DriverCommandExecutor.java:158) ~[selenium-remote-driver-4.8.2.jar:?]
	at org.openqa.selenium.remote.RemoteWebDriver.execute(RemoteWebDriver.java:543) ~[selenium-remote-driver-4.8.2.jar:?]
	at org.openqa.selenium.remote.ElementLocation$ElementFinder$2.findElement(ElementLocation.java:162) ~[selenium-remote-driver-4.8.2.jar:?]
	at org.openqa.selenium.remote.ElementLocation.findElement(ElementLocation.java:60) ~[selenium-remote-driver-4.8.2.jar:?]
	at org.openqa.selenium.remote.RemoteWebDriver.findElement(RemoteWebDriver.java:352) ~[selenium-remote-driver-4.8.2.jar:?]
	at org.openqa.selenium.remote.RemoteWebDriver.findElement(RemoteWebDriver.java:344) ~[selenium-remote-driver-4.8.2.jar:?]
	at org.openqa.selenium.support.ui.ExpectedConditions$6.apply(ExpectedConditions.java:174) ~[selenium-support-4.8.2.jar:?]
	at org.openqa.selenium.support.ui.ExpectedConditions$6.apply(ExpectedConditions.java:171) ~[selenium-support-4.8.2.jar:?]
	at org.openqa.selenium.support.ui.FluentWait.until(FluentWait.java:208) ~[selenium-support-4.8.2.jar:?]
	... 28 more

19:18:52.072 [main] ERROR com.appiancorp.ps.automatedtest.exception.ExceptionBuilder - Wait for Field - Reassign To[8]
org.openqa.selenium.TimeoutException: Expected condition failed: waiting for visibility of element located by By.xpath: (//*[(self::label or self::span) and contains(@class, 'FieldLayout---field_label') and starts-with(translate(text(),'ABCDEFGHIJKLMNOPQRSTUVWXYZ','abcdefghijklmnopqrstuvwxyz'),'reassign to')]/parent::div/parent::div)[8] (tried for 10 second(s) with 500 milliseconds interval)
Build info: version: '4.8.2', revision: '826dbfc730'
System info: os.name: 'Windows 10', os.arch: 'amd64', os.version: '10.0', java.version: '1.8.0_202'
Driver info: org.openqa.selenium.chrome.ChromeDriver
Capabilities {acceptInsecureCerts: false, browserName: chrome, browserVersion: 113.0.5672.127, chrome: {chromedriverVersion: 113.0.5672.63 (0e1a4471d5ae..., userDataDir: C:\Users\ashwinir\AppData\L...}, goog:chromeOptions: {debuggerAddress: localhost:61872}, networkConnectionEnabled: false, pageLoadStrategy: normal, platformName: WINDOWS, proxy: Proxy(), se:cdp: ws://localhost:61872/devtoo..., se:cdpVersion: 113.0.5672.127, setWindowRect: true, strictFileInteractability: false, timeouts: {implicit: 0, pageLoad: 300000, script: 30000}, unhandledPromptBehavior: dismiss and notify, webauthn:extension:credBlob: true, webauthn:extension:largeBlob: true, webauthn:extension:minPinLength: true, webauthn:extension:prf: true, webauthn:virtualAuthenticators: true}
Session ID: 986fd957c0e018959c331608760ad75b
	at org.openqa.selenium.support.ui.WebDriverWait.timeoutException(WebDriverWait.java:87) ~[selenium-support-4.8.2.jar:?]
	at org.openqa.selenium.support.ui.FluentWait.until(FluentWait.java:231) ~[selenium-support-4.8.2.jar:?]
	at com.appiancorp.ps.automatedtest.tempo.interfaces.AbstractTempoField.waitFor(AbstractTempoField.java:74) [appian-selenium-api-23.1.2.jar:?]
	at com.appiancorp.ps.automatedtest.fixture.TempoFixture.populateFieldWithContains(TempoFixture.java:1214) [appian-selenium-api-23.1.2.jar:?]
	at com.appiancorp.ps.automatedtest.fixture.TempoFixture.populateFieldWithPartiallyMatchingPickerFieldSuggestion(TempoFixture.java:1198) [appian-selenium-api-23.1.2.jar:?]
	at sun.reflect.NativeMethodAccessorImpl.invoke0(Native Method) ~[?:1.8.0_202]
	at sun.reflect.NativeMethodAccessorImpl.invoke(Unknown Source) ~[?:1.8.0_202]
	at sun.reflect.DelegatingMethodAccessorImpl.invoke(Unknown Source) ~[?:1.8.0_202]
	at java.lang.reflect.Method.invoke(Unknown Source) ~[?:1.8.0_202]
	at fitnesse.slim.fixtureInteraction.SimpleInteraction.methodInvoke(SimpleInteraction.java:322) [fitnesse-20221219-standalone.jar:20221219]
	at fitnesse.slim.fixtureInteraction.SimpleInteraction.callMethod(SimpleInteraction.java:307) [fitnesse-20221219-standalone.jar:20221219]
	at fitnesse.slim.fixtureInteraction.SimpleInteraction.invokeMethod(SimpleInteraction.java:290) [fitnesse-20221219-standalone.jar:20221219]
	at fitnesse.slim.fixtureInteraction.SimpleInteraction.findAndInvoke(SimpleInteraction.java:217) [fitnesse-20221219-standalone.jar:20221219]
	at fitnesse.slim.MethodExecutor.findAndInvoke(MethodExecutor.java:18) [fitnesse-20221219-standalone.jar:20221219]
	at fitnesse.slim.FixtureMethodExecutor.execute(FixtureMethodExecutor.java:18) [fitnesse-20221219-standalone.jar:20221219]
	at fitnesse.slim.StatementExecutor.getMethodExecutionResult(StatementExecutor.java:139) [fitnesse-20221219-standalone.jar:20221219]
	at fitnesse.slim.StatementExecutor.call(StatementExecutor.java:112) [fitnesse-20221219-standalone.jar:20221219]
	at fitnesse.slim.instructions.CallAndOptionalAssignInstruction.executeInternal(CallAndOptionalAssignInstruction.java:30) [fitnesse-20221219-standalone.jar:20221219]
	at fitnesse.slim.instructions.Instruction.execute(Instruction.java:29) [fitnesse-20221219-standalone.jar:20221219]
	at fitnesse.slim.ListExecutor$Executive.executeStatement(ListExecutor.java:49) [fitnesse-20221219-standalone.jar:20221219]
	at fitnesse.slim.ListExecutor$Executive.executeStatements(ListExecutor.java:43) [fitnesse-20221219-standalone.jar:20221219]
	at fitnesse.slim.ListExecutor.execute(ListExecutor.java:85) [fitnesse-20221219-standalone.jar:20221219]
	at fitnesse.slim.SlimServer.executeInstructions(SlimServer.java:84) [fitnesse-20221219-standalone.jar:20221219]
	at fitnesse.slim.SlimServer.processOneSetOfInstructions(SlimServer.java:77) [fitnesse-20221219-standalone.jar:20221219]
	at fitnesse.slim.SlimServer.tryProcessInstructions(SlimServer.java:64) [fitnesse-20221219-standalone.jar:20221219]
	at fitnesse.slim.SlimServer.serve(SlimServer.java:49) [fitnesse-20221219-standalone.jar:20221219]
	at fitnesse.slim.SlimService.handle(SlimService.java:169) [fitnesse-20221219-standalone.jar:20221219]
	at fitnesse.slim.SlimService.acceptOne(SlimService.java:177) [fitnesse-20221219-standalone.jar:20221219]
	at fitnesse.slim.SlimService.accept(SlimService.java:139) [fitnesse-20221219-standalone.jar:20221219]
	at fitnesse.slim.SlimService.startWithFactory(SlimService.java:92) [fitnesse-20221219-standalone.jar:20221219]
	at fitnesse.slim.SlimService.main(SlimService.java:57) [fitnesse-20221219-standalone.jar:20221219]

</stdOut>
    <stdErr>ERROR StatusLogger Reconfiguration failed: No configuration found for '1d44bcfa' at 'null' in 'null'
SLF4J: Class path contains multiple SLF4J bindings.
SLF4J: Found binding in [jar:file:/C:/FitNesseForAppian/lib/fitnesse-20221219-standalone.jar!/org/slf4j/impl/StaticLoggerBinder.class]
SLF4J: Found binding in [jar:file:/C:/FitNesseForAppian/lib/slf4j-jdk14-1.7.36.jar!/org/slf4j/impl/StaticLoggerBinder.class]
SLF4J: See http://www.slf4j.org/codes.html#multiple_bindings for an explanation.
SLF4J: Actual binding is of type [org.slf4j.impl.JDK14LoggerFactory]
ChromeDriver was started successfully.

May 31, 2023 7:16:27 PM org.openqa.selenium.devtools.CdpVersionFinder findNearestMatch
WARNING: Unable to find an exact match for CDP version 113, so returning the closest version found: 111

ChromeDriver was started successfully.

May 31, 2023 7:17:53 PM org.openqa.selenium.devtools.CdpVersionFinder findNearestMatch
WARNING: Unable to find an exact match for CDP version 113, so returning the closest version found: 111

ChromeDriver was started successfully.

May 31, 2023 7:19:26 PM org.openqa.selenium.devtools.CdpVersionFinder findNearestMatch
WARNING: Unable to find an exact match for CDP version 113, so returning the closest version found: 111

ChromeDriver was started successfully.

May 31, 2023 7:22:02 PM org.openqa.selenium.devtools.CdpVersionFinder findNearestMatch
WARNING: Unable to find an exact match for CDP version 113, so returning the closest version found: 111

ChromeDriver was started successfully.

May 31, 2023 7:23:56 PM org.openqa.selenium.devtools.CdpVersionFinder findNearestMatch
WARNING: Unable to find an exact match for CDP version 113, so returning the closest version found: 111

ChromeDriver was started successfully.

May 31, 2023 7:25:48 PM org.openqa.selenium.devtools.CdpVersionFinder findNearestMatch
WARNING: Unable to find an exact match for CDP version 113, so returning the closest version found: 111

ChromeDriver was started successfully.

May 31, 2023 7:27:06 PM org.openqa.selenium.devtools.CdpVersionFinder findNearestMatch
WARNING: Unable to find an exact match for CDP version 113, so returning the closest version found: 111

ChromeDriver was started successfully.

May 31, 2023 7:28:27 PM org.openqa.selenium.devtools.CdpVersionFinder findNearestMatch
WARNING: Unable to find an exact match for CDP version 113, so returning the closest version found: 111

ChromeDriver was started successfully.

May 31, 2023 7:29:53 PM org.openqa.selenium.devtools.CdpVersionFinder findNearestMatch
WARNING: Unable to find an exact match for CDP version 113, so returning the closest version found: 111

ChromeDriver was started successfully.

May 31, 2023 7:31:21 PM org.openqa.selenium.devtools.CdpVersionFinder findNearestMatch
WARNING: Unable to find an exact match for CDP version 113, so returning the closest version found: 111

</stdErr>
  </executionLog>
  <finalCounts>
    <right>2</right>
    <wrong>0</wrong>
    <ignores>4</ignores>
    <exceptions>2</exceptions>
  </finalCounts>
  <totalRunTimeInMillis>1043230</totalRunTimeInMillis>
</suiteResults>

